[2024-08-02T02:46:50.003+0000] {processor.py:161} INFO - Started process (PID=189) to work on /opt/airflow/dags/spark_airflow.py
[2024-08-02T02:46:50.004+0000] {processor.py:830} INFO - Processing file /opt/airflow/dags/spark_airflow.py for tasks to queue
[2024-08-02T02:46:50.006+0000] {logging_mixin.py:188} INFO - [2024-08-02T02:46:50.005+0000] {dagbag.py:545} INFO - Filling up the DagBag from /opt/airflow/dags/spark_airflow.py
[2024-08-02T02:46:50.027+0000] {processor.py:840} INFO - DAG(s) 'sparking_flow' retrieved from /opt/airflow/dags/spark_airflow.py
[2024-08-02T02:46:50.055+0000] {logging_mixin.py:188} INFO - [2024-08-02T02:46:50.055+0000] {dag.py:3089} INFO - Sync 1 DAGs
[2024-08-02T02:46:50.079+0000] {logging_mixin.py:188} INFO - [2024-08-02T02:46:50.079+0000] {dag.py:3947} INFO - Setting next_dagrun for sparking_flow to 2024-08-01 00:00:00+00:00, run_after=2024-08-02 00:00:00+00:00
[2024-08-02T02:46:50.100+0000] {processor.py:183} INFO - Processing /opt/airflow/dags/spark_airflow.py took 0.103 seconds
[2024-08-02T02:47:20.336+0000] {processor.py:161} INFO - Started process (PID=194) to work on /opt/airflow/dags/spark_airflow.py
[2024-08-02T02:47:20.337+0000] {processor.py:830} INFO - Processing file /opt/airflow/dags/spark_airflow.py for tasks to queue
[2024-08-02T02:47:20.340+0000] {logging_mixin.py:188} INFO - [2024-08-02T02:47:20.339+0000] {dagbag.py:545} INFO - Filling up the DagBag from /opt/airflow/dags/spark_airflow.py
[2024-08-02T02:47:20.368+0000] {processor.py:840} INFO - DAG(s) 'sparking_flow' retrieved from /opt/airflow/dags/spark_airflow.py
[2024-08-02T02:47:20.590+0000] {logging_mixin.py:188} INFO - [2024-08-02T02:47:20.589+0000] {dag.py:3089} INFO - Sync 1 DAGs
[2024-08-02T02:47:20.627+0000] {logging_mixin.py:188} INFO - [2024-08-02T02:47:20.627+0000] {dag.py:3947} INFO - Setting next_dagrun for sparking_flow to 2024-08-01 00:00:00+00:00, run_after=2024-08-02 00:00:00+00:00
[2024-08-02T02:47:20.664+0000] {processor.py:183} INFO - Processing /opt/airflow/dags/spark_airflow.py took 0.336 seconds
[2024-08-02T02:47:50.864+0000] {processor.py:161} INFO - Started process (PID=199) to work on /opt/airflow/dags/spark_airflow.py
[2024-08-02T02:47:50.866+0000] {processor.py:830} INFO - Processing file /opt/airflow/dags/spark_airflow.py for tasks to queue
[2024-08-02T02:47:50.867+0000] {logging_mixin.py:188} INFO - [2024-08-02T02:47:50.867+0000] {dagbag.py:545} INFO - Filling up the DagBag from /opt/airflow/dags/spark_airflow.py
[2024-08-02T02:47:50.893+0000] {processor.py:840} INFO - DAG(s) 'sparking_flow' retrieved from /opt/airflow/dags/spark_airflow.py
[2024-08-02T02:47:50.930+0000] {logging_mixin.py:188} INFO - [2024-08-02T02:47:50.929+0000] {dag.py:3089} INFO - Sync 1 DAGs
[2024-08-02T02:47:50.960+0000] {logging_mixin.py:188} INFO - [2024-08-02T02:47:50.960+0000] {dag.py:3947} INFO - Setting next_dagrun for sparking_flow to 2024-08-01 00:00:00+00:00, run_after=2024-08-02 00:00:00+00:00
[2024-08-02T02:47:50.980+0000] {processor.py:183} INFO - Processing /opt/airflow/dags/spark_airflow.py took 0.123 seconds
[2024-08-02T02:48:21.078+0000] {processor.py:161} INFO - Started process (PID=204) to work on /opt/airflow/dags/spark_airflow.py
[2024-08-02T02:48:21.079+0000] {processor.py:830} INFO - Processing file /opt/airflow/dags/spark_airflow.py for tasks to queue
[2024-08-02T02:48:21.080+0000] {logging_mixin.py:188} INFO - [2024-08-02T02:48:21.080+0000] {dagbag.py:545} INFO - Filling up the DagBag from /opt/airflow/dags/spark_airflow.py
[2024-08-02T02:48:21.100+0000] {processor.py:840} INFO - DAG(s) 'sparking_flow' retrieved from /opt/airflow/dags/spark_airflow.py
[2024-08-02T02:48:21.129+0000] {logging_mixin.py:188} INFO - [2024-08-02T02:48:21.128+0000] {dag.py:3089} INFO - Sync 1 DAGs
[2024-08-02T02:48:21.149+0000] {logging_mixin.py:188} INFO - [2024-08-02T02:48:21.149+0000] {dag.py:3947} INFO - Setting next_dagrun for sparking_flow to 2024-08-01 00:00:00+00:00, run_after=2024-08-02 00:00:00+00:00
[2024-08-02T02:48:21.166+0000] {processor.py:183} INFO - Processing /opt/airflow/dags/spark_airflow.py took 0.093 seconds
[2024-08-02T02:48:51.378+0000] {processor.py:161} INFO - Started process (PID=209) to work on /opt/airflow/dags/spark_airflow.py
[2024-08-02T02:48:51.379+0000] {processor.py:830} INFO - Processing file /opt/airflow/dags/spark_airflow.py for tasks to queue
[2024-08-02T02:48:51.380+0000] {logging_mixin.py:188} INFO - [2024-08-02T02:48:51.380+0000] {dagbag.py:545} INFO - Filling up the DagBag from /opt/airflow/dags/spark_airflow.py
[2024-08-02T02:48:51.401+0000] {processor.py:840} INFO - DAG(s) 'sparking_flow' retrieved from /opt/airflow/dags/spark_airflow.py
[2024-08-02T02:48:51.432+0000] {logging_mixin.py:188} INFO - [2024-08-02T02:48:51.432+0000] {dag.py:3089} INFO - Sync 1 DAGs
[2024-08-02T02:48:51.455+0000] {logging_mixin.py:188} INFO - [2024-08-02T02:48:51.454+0000] {dag.py:3947} INFO - Setting next_dagrun for sparking_flow to 2024-08-01 00:00:00+00:00, run_after=2024-08-02 00:00:00+00:00
[2024-08-02T02:48:51.476+0000] {processor.py:183} INFO - Processing /opt/airflow/dags/spark_airflow.py took 0.102 seconds
[2024-08-02T02:49:21.589+0000] {processor.py:161} INFO - Started process (PID=214) to work on /opt/airflow/dags/spark_airflow.py
[2024-08-02T02:49:21.590+0000] {processor.py:830} INFO - Processing file /opt/airflow/dags/spark_airflow.py for tasks to queue
[2024-08-02T02:49:21.592+0000] {logging_mixin.py:188} INFO - [2024-08-02T02:49:21.592+0000] {dagbag.py:545} INFO - Filling up the DagBag from /opt/airflow/dags/spark_airflow.py
[2024-08-02T02:49:21.615+0000] {processor.py:840} INFO - DAG(s) 'sparking_flow' retrieved from /opt/airflow/dags/spark_airflow.py
[2024-08-02T02:49:21.657+0000] {logging_mixin.py:188} INFO - [2024-08-02T02:49:21.657+0000] {dag.py:3089} INFO - Sync 1 DAGs
[2024-08-02T02:49:21.691+0000] {logging_mixin.py:188} INFO - [2024-08-02T02:49:21.691+0000] {dag.py:3947} INFO - Setting next_dagrun for sparking_flow to 2024-08-01 00:00:00+00:00, run_after=2024-08-02 00:00:00+00:00
[2024-08-02T02:49:21.717+0000] {processor.py:183} INFO - Processing /opt/airflow/dags/spark_airflow.py took 0.134 seconds
[2024-08-02T02:49:51.856+0000] {processor.py:161} INFO - Started process (PID=219) to work on /opt/airflow/dags/spark_airflow.py
[2024-08-02T02:49:51.857+0000] {processor.py:830} INFO - Processing file /opt/airflow/dags/spark_airflow.py for tasks to queue
[2024-08-02T02:49:51.859+0000] {logging_mixin.py:188} INFO - [2024-08-02T02:49:51.858+0000] {dagbag.py:545} INFO - Filling up the DagBag from /opt/airflow/dags/spark_airflow.py
[2024-08-02T02:49:51.886+0000] {processor.py:840} INFO - DAG(s) 'sparking_flow' retrieved from /opt/airflow/dags/spark_airflow.py
[2024-08-02T02:49:51.919+0000] {logging_mixin.py:188} INFO - [2024-08-02T02:49:51.919+0000] {dag.py:3089} INFO - Sync 1 DAGs
[2024-08-02T02:49:51.943+0000] {logging_mixin.py:188} INFO - [2024-08-02T02:49:51.942+0000] {dag.py:3947} INFO - Setting next_dagrun for sparking_flow to 2024-08-01 00:00:00+00:00, run_after=2024-08-02 00:00:00+00:00
[2024-08-02T02:49:51.963+0000] {processor.py:183} INFO - Processing /opt/airflow/dags/spark_airflow.py took 0.113 seconds
[2024-08-02T02:50:22.136+0000] {processor.py:161} INFO - Started process (PID=224) to work on /opt/airflow/dags/spark_airflow.py
[2024-08-02T02:50:22.137+0000] {processor.py:830} INFO - Processing file /opt/airflow/dags/spark_airflow.py for tasks to queue
[2024-08-02T02:50:22.138+0000] {logging_mixin.py:188} INFO - [2024-08-02T02:50:22.138+0000] {dagbag.py:545} INFO - Filling up the DagBag from /opt/airflow/dags/spark_airflow.py
[2024-08-02T02:50:22.162+0000] {processor.py:840} INFO - DAG(s) 'sparking_flow' retrieved from /opt/airflow/dags/spark_airflow.py
[2024-08-02T02:50:22.199+0000] {logging_mixin.py:188} INFO - [2024-08-02T02:50:22.198+0000] {dag.py:3089} INFO - Sync 1 DAGs
[2024-08-02T02:50:22.226+0000] {logging_mixin.py:188} INFO - [2024-08-02T02:50:22.226+0000] {dag.py:3947} INFO - Setting next_dagrun for sparking_flow to 2024-08-01 00:00:00+00:00, run_after=2024-08-02 00:00:00+00:00
[2024-08-02T02:50:22.253+0000] {processor.py:183} INFO - Processing /opt/airflow/dags/spark_airflow.py took 0.123 seconds
[2024-08-02T02:50:52.337+0000] {processor.py:161} INFO - Started process (PID=229) to work on /opt/airflow/dags/spark_airflow.py
[2024-08-02T02:50:52.338+0000] {processor.py:830} INFO - Processing file /opt/airflow/dags/spark_airflow.py for tasks to queue
[2024-08-02T02:50:52.341+0000] {logging_mixin.py:188} INFO - [2024-08-02T02:50:52.340+0000] {dagbag.py:545} INFO - Filling up the DagBag from /opt/airflow/dags/spark_airflow.py
[2024-08-02T02:50:52.380+0000] {processor.py:840} INFO - DAG(s) 'sparking_flow' retrieved from /opt/airflow/dags/spark_airflow.py
[2024-08-02T02:50:52.421+0000] {logging_mixin.py:188} INFO - [2024-08-02T02:50:52.421+0000] {dag.py:3089} INFO - Sync 1 DAGs
[2024-08-02T02:50:52.460+0000] {logging_mixin.py:188} INFO - [2024-08-02T02:50:52.460+0000] {dag.py:3947} INFO - Setting next_dagrun for sparking_flow to 2024-08-01 00:00:00+00:00, run_after=2024-08-02 00:00:00+00:00
[2024-08-02T02:50:52.491+0000] {processor.py:183} INFO - Processing /opt/airflow/dags/spark_airflow.py took 0.161 seconds
[2024-08-02T02:51:22.624+0000] {processor.py:161} INFO - Started process (PID=234) to work on /opt/airflow/dags/spark_airflow.py
[2024-08-02T02:51:22.625+0000] {processor.py:830} INFO - Processing file /opt/airflow/dags/spark_airflow.py for tasks to queue
[2024-08-02T02:51:22.627+0000] {logging_mixin.py:188} INFO - [2024-08-02T02:51:22.626+0000] {dagbag.py:545} INFO - Filling up the DagBag from /opt/airflow/dags/spark_airflow.py
[2024-08-02T02:51:22.650+0000] {processor.py:840} INFO - DAG(s) 'sparking_flow' retrieved from /opt/airflow/dags/spark_airflow.py
[2024-08-02T02:51:22.679+0000] {logging_mixin.py:188} INFO - [2024-08-02T02:51:22.678+0000] {dag.py:3089} INFO - Sync 1 DAGs
[2024-08-02T02:51:22.701+0000] {logging_mixin.py:188} INFO - [2024-08-02T02:51:22.701+0000] {dag.py:3947} INFO - Setting next_dagrun for sparking_flow to 2024-08-01 00:00:00+00:00, run_after=2024-08-02 00:00:00+00:00
[2024-08-02T02:51:22.723+0000] {processor.py:183} INFO - Processing /opt/airflow/dags/spark_airflow.py took 0.107 seconds
[2024-08-02T02:51:52.895+0000] {processor.py:161} INFO - Started process (PID=239) to work on /opt/airflow/dags/spark_airflow.py
[2024-08-02T02:51:52.895+0000] {processor.py:830} INFO - Processing file /opt/airflow/dags/spark_airflow.py for tasks to queue
[2024-08-02T02:51:52.898+0000] {logging_mixin.py:188} INFO - [2024-08-02T02:51:52.897+0000] {dagbag.py:545} INFO - Filling up the DagBag from /opt/airflow/dags/spark_airflow.py
[2024-08-02T02:51:52.921+0000] {processor.py:840} INFO - DAG(s) 'sparking_flow' retrieved from /opt/airflow/dags/spark_airflow.py
[2024-08-02T02:51:52.955+0000] {logging_mixin.py:188} INFO - [2024-08-02T02:51:52.955+0000] {dag.py:3089} INFO - Sync 1 DAGs
[2024-08-02T02:51:52.980+0000] {logging_mixin.py:188} INFO - [2024-08-02T02:51:52.980+0000] {dag.py:3947} INFO - Setting next_dagrun for sparking_flow to 2024-08-01 00:00:00+00:00, run_after=2024-08-02 00:00:00+00:00
[2024-08-02T02:51:53.005+0000] {processor.py:183} INFO - Processing /opt/airflow/dags/spark_airflow.py took 0.116 seconds
[2024-08-02T02:52:23.092+0000] {processor.py:161} INFO - Started process (PID=244) to work on /opt/airflow/dags/spark_airflow.py
[2024-08-02T02:52:23.093+0000] {processor.py:830} INFO - Processing file /opt/airflow/dags/spark_airflow.py for tasks to queue
[2024-08-02T02:52:23.095+0000] {logging_mixin.py:188} INFO - [2024-08-02T02:52:23.094+0000] {dagbag.py:545} INFO - Filling up the DagBag from /opt/airflow/dags/spark_airflow.py
[2024-08-02T02:52:23.116+0000] {processor.py:840} INFO - DAG(s) 'sparking_flow' retrieved from /opt/airflow/dags/spark_airflow.py
[2024-08-02T02:52:23.149+0000] {logging_mixin.py:188} INFO - [2024-08-02T02:52:23.149+0000] {dag.py:3089} INFO - Sync 1 DAGs
[2024-08-02T02:52:23.174+0000] {logging_mixin.py:188} INFO - [2024-08-02T02:52:23.174+0000] {dag.py:3947} INFO - Setting next_dagrun for sparking_flow to 2024-08-01 00:00:00+00:00, run_after=2024-08-02 00:00:00+00:00
[2024-08-02T02:52:23.198+0000] {processor.py:183} INFO - Processing /opt/airflow/dags/spark_airflow.py took 0.111 seconds
[2024-08-02T02:52:53.364+0000] {processor.py:161} INFO - Started process (PID=249) to work on /opt/airflow/dags/spark_airflow.py
[2024-08-02T02:52:53.365+0000] {processor.py:830} INFO - Processing file /opt/airflow/dags/spark_airflow.py for tasks to queue
[2024-08-02T02:52:53.367+0000] {logging_mixin.py:188} INFO - [2024-08-02T02:52:53.366+0000] {dagbag.py:545} INFO - Filling up the DagBag from /opt/airflow/dags/spark_airflow.py
[2024-08-02T02:52:53.385+0000] {processor.py:840} INFO - DAG(s) 'sparking_flow' retrieved from /opt/airflow/dags/spark_airflow.py
[2024-08-02T02:52:53.414+0000] {logging_mixin.py:188} INFO - [2024-08-02T02:52:53.413+0000] {dag.py:3089} INFO - Sync 1 DAGs
[2024-08-02T02:52:53.434+0000] {logging_mixin.py:188} INFO - [2024-08-02T02:52:53.434+0000] {dag.py:3947} INFO - Setting next_dagrun for sparking_flow to 2024-08-01 00:00:00+00:00, run_after=2024-08-02 00:00:00+00:00
[2024-08-02T02:52:53.461+0000] {processor.py:183} INFO - Processing /opt/airflow/dags/spark_airflow.py took 0.102 seconds
[2024-08-02T02:53:23.583+0000] {processor.py:161} INFO - Started process (PID=254) to work on /opt/airflow/dags/spark_airflow.py
[2024-08-02T02:53:23.584+0000] {processor.py:830} INFO - Processing file /opt/airflow/dags/spark_airflow.py for tasks to queue
[2024-08-02T02:53:23.585+0000] {logging_mixin.py:188} INFO - [2024-08-02T02:53:23.585+0000] {dagbag.py:545} INFO - Filling up the DagBag from /opt/airflow/dags/spark_airflow.py
[2024-08-02T02:53:23.605+0000] {processor.py:840} INFO - DAG(s) 'sparking_flow' retrieved from /opt/airflow/dags/spark_airflow.py
[2024-08-02T02:53:23.634+0000] {logging_mixin.py:188} INFO - [2024-08-02T02:53:23.634+0000] {dag.py:3089} INFO - Sync 1 DAGs
[2024-08-02T02:53:23.655+0000] {logging_mixin.py:188} INFO - [2024-08-02T02:53:23.654+0000] {dag.py:3947} INFO - Setting next_dagrun for sparking_flow to 2024-08-01 00:00:00+00:00, run_after=2024-08-02 00:00:00+00:00
[2024-08-02T02:53:23.685+0000] {processor.py:183} INFO - Processing /opt/airflow/dags/spark_airflow.py took 0.108 seconds
[2024-08-02T02:53:53.825+0000] {processor.py:161} INFO - Started process (PID=259) to work on /opt/airflow/dags/spark_airflow.py
[2024-08-02T02:53:53.826+0000] {processor.py:830} INFO - Processing file /opt/airflow/dags/spark_airflow.py for tasks to queue
[2024-08-02T02:53:53.827+0000] {logging_mixin.py:188} INFO - [2024-08-02T02:53:53.827+0000] {dagbag.py:545} INFO - Filling up the DagBag from /opt/airflow/dags/spark_airflow.py
[2024-08-02T02:53:53.846+0000] {processor.py:840} INFO - DAG(s) 'sparking_flow' retrieved from /opt/airflow/dags/spark_airflow.py
[2024-08-02T02:53:53.876+0000] {logging_mixin.py:188} INFO - [2024-08-02T02:53:53.876+0000] {dag.py:3089} INFO - Sync 1 DAGs
[2024-08-02T02:53:53.898+0000] {logging_mixin.py:188} INFO - [2024-08-02T02:53:53.898+0000] {dag.py:3947} INFO - Setting next_dagrun for sparking_flow to 2024-08-01 00:00:00+00:00, run_after=2024-08-02 00:00:00+00:00
[2024-08-02T02:53:53.926+0000] {processor.py:183} INFO - Processing /opt/airflow/dags/spark_airflow.py took 0.108 seconds
[2024-08-02T02:54:24.060+0000] {processor.py:161} INFO - Started process (PID=264) to work on /opt/airflow/dags/spark_airflow.py
[2024-08-02T02:54:24.062+0000] {processor.py:830} INFO - Processing file /opt/airflow/dags/spark_airflow.py for tasks to queue
[2024-08-02T02:54:24.063+0000] {logging_mixin.py:188} INFO - [2024-08-02T02:54:24.063+0000] {dagbag.py:545} INFO - Filling up the DagBag from /opt/airflow/dags/spark_airflow.py
[2024-08-02T02:54:24.087+0000] {processor.py:840} INFO - DAG(s) 'sparking_flow' retrieved from /opt/airflow/dags/spark_airflow.py
[2024-08-02T02:54:24.123+0000] {logging_mixin.py:188} INFO - [2024-08-02T02:54:24.123+0000] {dag.py:3089} INFO - Sync 1 DAGs
[2024-08-02T02:54:24.146+0000] {logging_mixin.py:188} INFO - [2024-08-02T02:54:24.146+0000] {dag.py:3947} INFO - Setting next_dagrun for sparking_flow to 2024-08-01 00:00:00+00:00, run_after=2024-08-02 00:00:00+00:00
[2024-08-02T02:54:24.168+0000] {processor.py:183} INFO - Processing /opt/airflow/dags/spark_airflow.py took 0.115 seconds
[2024-08-02T02:54:54.311+0000] {processor.py:161} INFO - Started process (PID=269) to work on /opt/airflow/dags/spark_airflow.py
[2024-08-02T02:54:54.312+0000] {processor.py:830} INFO - Processing file /opt/airflow/dags/spark_airflow.py for tasks to queue
[2024-08-02T02:54:54.313+0000] {logging_mixin.py:188} INFO - [2024-08-02T02:54:54.313+0000] {dagbag.py:545} INFO - Filling up the DagBag from /opt/airflow/dags/spark_airflow.py
[2024-08-02T02:54:54.338+0000] {processor.py:840} INFO - DAG(s) 'sparking_flow' retrieved from /opt/airflow/dags/spark_airflow.py
[2024-08-02T02:54:54.374+0000] {logging_mixin.py:188} INFO - [2024-08-02T02:54:54.374+0000] {dag.py:3089} INFO - Sync 1 DAGs
[2024-08-02T02:54:54.402+0000] {logging_mixin.py:188} INFO - [2024-08-02T02:54:54.401+0000] {dag.py:3947} INFO - Setting next_dagrun for sparking_flow to 2024-08-01 00:00:00+00:00, run_after=2024-08-02 00:00:00+00:00
[2024-08-02T02:54:54.434+0000] {processor.py:183} INFO - Processing /opt/airflow/dags/spark_airflow.py took 0.129 seconds
[2024-08-02T02:55:24.537+0000] {processor.py:161} INFO - Started process (PID=312) to work on /opt/airflow/dags/spark_airflow.py
[2024-08-02T02:55:24.538+0000] {processor.py:830} INFO - Processing file /opt/airflow/dags/spark_airflow.py for tasks to queue
[2024-08-02T02:55:24.540+0000] {logging_mixin.py:188} INFO - [2024-08-02T02:55:24.540+0000] {dagbag.py:545} INFO - Filling up the DagBag from /opt/airflow/dags/spark_airflow.py
[2024-08-02T02:55:24.566+0000] {processor.py:840} INFO - DAG(s) 'sparking_flow' retrieved from /opt/airflow/dags/spark_airflow.py
[2024-08-02T02:55:24.609+0000] {logging_mixin.py:188} INFO - [2024-08-02T02:55:24.608+0000] {dag.py:3089} INFO - Sync 1 DAGs
[2024-08-02T02:55:24.633+0000] {logging_mixin.py:188} INFO - [2024-08-02T02:55:24.633+0000] {dag.py:3947} INFO - Setting next_dagrun for sparking_flow to 2024-08-02 00:00:00+00:00, run_after=2024-08-03 00:00:00+00:00
[2024-08-02T02:55:24.653+0000] {processor.py:183} INFO - Processing /opt/airflow/dags/spark_airflow.py took 0.125 seconds
[2024-08-02T02:55:54.844+0000] {processor.py:161} INFO - Started process (PID=317) to work on /opt/airflow/dags/spark_airflow.py
[2024-08-02T02:55:54.845+0000] {processor.py:830} INFO - Processing file /opt/airflow/dags/spark_airflow.py for tasks to queue
[2024-08-02T02:55:54.847+0000] {logging_mixin.py:188} INFO - [2024-08-02T02:55:54.846+0000] {dagbag.py:545} INFO - Filling up the DagBag from /opt/airflow/dags/spark_airflow.py
[2024-08-02T02:55:54.875+0000] {processor.py:840} INFO - DAG(s) 'sparking_flow' retrieved from /opt/airflow/dags/spark_airflow.py
[2024-08-02T02:55:54.917+0000] {logging_mixin.py:188} INFO - [2024-08-02T02:55:54.917+0000] {dag.py:3089} INFO - Sync 1 DAGs
[2024-08-02T02:55:54.949+0000] {logging_mixin.py:188} INFO - [2024-08-02T02:55:54.948+0000] {dag.py:3947} INFO - Setting next_dagrun for sparking_flow to 2024-08-02 00:00:00+00:00, run_after=2024-08-03 00:00:00+00:00
[2024-08-02T02:55:54.984+0000] {processor.py:183} INFO - Processing /opt/airflow/dags/spark_airflow.py took 0.145 seconds
[2024-08-02T02:56:25.081+0000] {processor.py:161} INFO - Started process (PID=322) to work on /opt/airflow/dags/spark_airflow.py
[2024-08-02T02:56:25.082+0000] {processor.py:830} INFO - Processing file /opt/airflow/dags/spark_airflow.py for tasks to queue
[2024-08-02T02:56:25.085+0000] {logging_mixin.py:188} INFO - [2024-08-02T02:56:25.085+0000] {dagbag.py:545} INFO - Filling up the DagBag from /opt/airflow/dags/spark_airflow.py
[2024-08-02T02:56:25.117+0000] {processor.py:840} INFO - DAG(s) 'sparking_flow' retrieved from /opt/airflow/dags/spark_airflow.py
[2024-08-02T02:56:25.221+0000] {logging_mixin.py:188} INFO - [2024-08-02T02:56:25.220+0000] {dag.py:3089} INFO - Sync 1 DAGs
[2024-08-02T02:56:25.277+0000] {logging_mixin.py:188} INFO - [2024-08-02T02:56:25.276+0000] {dag.py:3947} INFO - Setting next_dagrun for sparking_flow to 2024-08-02 00:00:00+00:00, run_after=2024-08-03 00:00:00+00:00
[2024-08-02T02:56:25.318+0000] {processor.py:183} INFO - Processing /opt/airflow/dags/spark_airflow.py took 0.253 seconds
[2024-08-02T02:56:55.409+0000] {processor.py:161} INFO - Started process (PID=327) to work on /opt/airflow/dags/spark_airflow.py
[2024-08-02T02:56:55.410+0000] {processor.py:830} INFO - Processing file /opt/airflow/dags/spark_airflow.py for tasks to queue
[2024-08-02T02:56:55.412+0000] {logging_mixin.py:188} INFO - [2024-08-02T02:56:55.411+0000] {dagbag.py:545} INFO - Filling up the DagBag from /opt/airflow/dags/spark_airflow.py
[2024-08-02T02:56:55.434+0000] {processor.py:840} INFO - DAG(s) 'sparking_flow' retrieved from /opt/airflow/dags/spark_airflow.py
[2024-08-02T02:56:55.470+0000] {logging_mixin.py:188} INFO - [2024-08-02T02:56:55.470+0000] {dag.py:3089} INFO - Sync 1 DAGs
[2024-08-02T02:56:55.500+0000] {logging_mixin.py:188} INFO - [2024-08-02T02:56:55.500+0000] {dag.py:3947} INFO - Setting next_dagrun for sparking_flow to 2024-08-02 00:00:00+00:00, run_after=2024-08-03 00:00:00+00:00
[2024-08-02T02:56:55.525+0000] {processor.py:183} INFO - Processing /opt/airflow/dags/spark_airflow.py took 0.123 seconds
[2024-08-02T02:57:25.721+0000] {processor.py:161} INFO - Started process (PID=332) to work on /opt/airflow/dags/spark_airflow.py
[2024-08-02T02:57:25.722+0000] {processor.py:830} INFO - Processing file /opt/airflow/dags/spark_airflow.py for tasks to queue
[2024-08-02T02:57:25.724+0000] {logging_mixin.py:188} INFO - [2024-08-02T02:57:25.724+0000] {dagbag.py:545} INFO - Filling up the DagBag from /opt/airflow/dags/spark_airflow.py
[2024-08-02T02:57:25.746+0000] {processor.py:840} INFO - DAG(s) 'sparking_flow' retrieved from /opt/airflow/dags/spark_airflow.py
[2024-08-02T02:57:25.780+0000] {logging_mixin.py:188} INFO - [2024-08-02T02:57:25.779+0000] {dag.py:3089} INFO - Sync 1 DAGs
[2024-08-02T02:57:25.802+0000] {logging_mixin.py:188} INFO - [2024-08-02T02:57:25.801+0000] {dag.py:3947} INFO - Setting next_dagrun for sparking_flow to 2024-08-02 00:00:00+00:00, run_after=2024-08-03 00:00:00+00:00
[2024-08-02T02:57:25.821+0000] {processor.py:183} INFO - Processing /opt/airflow/dags/spark_airflow.py took 0.107 seconds
[2024-08-02T02:57:55.933+0000] {processor.py:161} INFO - Started process (PID=337) to work on /opt/airflow/dags/spark_airflow.py
[2024-08-02T02:57:55.934+0000] {processor.py:830} INFO - Processing file /opt/airflow/dags/spark_airflow.py for tasks to queue
[2024-08-02T02:57:55.936+0000] {logging_mixin.py:188} INFO - [2024-08-02T02:57:55.936+0000] {dagbag.py:545} INFO - Filling up the DagBag from /opt/airflow/dags/spark_airflow.py
[2024-08-02T02:57:55.965+0000] {processor.py:840} INFO - DAG(s) 'sparking_flow' retrieved from /opt/airflow/dags/spark_airflow.py
[2024-08-02T02:57:56.004+0000] {logging_mixin.py:188} INFO - [2024-08-02T02:57:56.004+0000] {dag.py:3089} INFO - Sync 1 DAGs
[2024-08-02T02:57:56.034+0000] {logging_mixin.py:188} INFO - [2024-08-02T02:57:56.034+0000] {dag.py:3947} INFO - Setting next_dagrun for sparking_flow to 2024-08-02 00:00:00+00:00, run_after=2024-08-03 00:00:00+00:00
[2024-08-02T02:57:56.059+0000] {processor.py:183} INFO - Processing /opt/airflow/dags/spark_airflow.py took 0.133 seconds
[2024-08-02T03:07:31.497+0000] {processor.py:161} INFO - Started process (PID=189) to work on /opt/airflow/dags/spark_airflow.py
[2024-08-02T03:07:31.498+0000] {processor.py:830} INFO - Processing file /opt/airflow/dags/spark_airflow.py for tasks to queue
[2024-08-02T03:07:31.499+0000] {logging_mixin.py:188} INFO - [2024-08-02T03:07:31.499+0000] {dagbag.py:545} INFO - Filling up the DagBag from /opt/airflow/dags/spark_airflow.py
[2024-08-02T03:07:31.559+0000] {processor.py:840} INFO - DAG(s) 'sparking_flow' retrieved from /opt/airflow/dags/spark_airflow.py
[2024-08-02T03:07:31.736+0000] {logging_mixin.py:188} INFO - [2024-08-02T03:07:31.735+0000] {override.py:1858} INFO - Created Permission View: can read on DAG:sparking_flow
[2024-08-02T03:07:31.749+0000] {logging_mixin.py:188} INFO - [2024-08-02T03:07:31.748+0000] {override.py:1858} INFO - Created Permission View: can delete on DAG:sparking_flow
[2024-08-02T03:07:31.757+0000] {logging_mixin.py:188} INFO - [2024-08-02T03:07:31.757+0000] {override.py:1858} INFO - Created Permission View: can edit on DAG:sparking_flow
[2024-08-02T03:07:31.758+0000] {logging_mixin.py:188} INFO - [2024-08-02T03:07:31.758+0000] {dag.py:3089} INFO - Sync 1 DAGs
[2024-08-02T03:07:31.771+0000] {logging_mixin.py:188} INFO - [2024-08-02T03:07:31.770+0000] {dag.py:3111} INFO - Creating ORM DAG for sparking_flow
[2024-08-02T03:07:31.782+0000] {logging_mixin.py:188} INFO - [2024-08-02T03:07:31.782+0000] {dag.py:3947} INFO - Setting next_dagrun for sparking_flow to 2024-08-01 00:00:00+00:00, run_after=2024-08-02 00:00:00+00:00
[2024-08-02T03:07:31.803+0000] {processor.py:183} INFO - Processing /opt/airflow/dags/spark_airflow.py took 0.311 seconds
[2024-08-02T03:08:01.976+0000] {processor.py:161} INFO - Started process (PID=258) to work on /opt/airflow/dags/spark_airflow.py
[2024-08-02T03:08:01.977+0000] {processor.py:830} INFO - Processing file /opt/airflow/dags/spark_airflow.py for tasks to queue
[2024-08-02T03:08:01.979+0000] {logging_mixin.py:188} INFO - [2024-08-02T03:08:01.978+0000] {dagbag.py:545} INFO - Filling up the DagBag from /opt/airflow/dags/spark_airflow.py
[2024-08-02T03:08:02.011+0000] {processor.py:840} INFO - DAG(s) 'sparking_flow' retrieved from /opt/airflow/dags/spark_airflow.py
[2024-08-02T03:08:02.058+0000] {logging_mixin.py:188} INFO - [2024-08-02T03:08:02.058+0000] {dag.py:3089} INFO - Sync 1 DAGs
[2024-08-02T03:08:30.670+0000] {processor.py:161} INFO - Started process (PID=189) to work on /opt/airflow/dags/spark_airflow.py
[2024-08-02T03:08:30.671+0000] {processor.py:830} INFO - Processing file /opt/airflow/dags/spark_airflow.py for tasks to queue
[2024-08-02T03:08:30.672+0000] {logging_mixin.py:188} INFO - [2024-08-02T03:08:30.672+0000] {dagbag.py:545} INFO - Filling up the DagBag from /opt/airflow/dags/spark_airflow.py
[2024-08-02T03:08:30.712+0000] {processor.py:840} INFO - DAG(s) 'sparking_flow' retrieved from /opt/airflow/dags/spark_airflow.py
[2024-08-02T03:08:30.888+0000] {logging_mixin.py:188} INFO - [2024-08-02T03:08:30.887+0000] {override.py:1858} INFO - Created Permission View: can edit on DAG:sparking_flow
[2024-08-02T03:08:30.901+0000] {logging_mixin.py:188} INFO - [2024-08-02T03:08:30.901+0000] {override.py:1858} INFO - Created Permission View: can read on DAG:sparking_flow
[2024-08-02T03:08:30.909+0000] {logging_mixin.py:188} INFO - [2024-08-02T03:08:30.909+0000] {override.py:1858} INFO - Created Permission View: can delete on DAG:sparking_flow
[2024-08-02T03:08:30.910+0000] {logging_mixin.py:188} INFO - [2024-08-02T03:08:30.910+0000] {dag.py:3089} INFO - Sync 1 DAGs
[2024-08-02T03:08:30.928+0000] {logging_mixin.py:188} INFO - [2024-08-02T03:08:30.928+0000] {dag.py:3111} INFO - Creating ORM DAG for sparking_flow
[2024-08-02T03:08:30.943+0000] {logging_mixin.py:188} INFO - [2024-08-02T03:08:30.942+0000] {dag.py:3947} INFO - Setting next_dagrun for sparking_flow to 2024-08-01 00:00:00+00:00, run_after=2024-08-02 00:00:00+00:00
[2024-08-02T03:08:30.961+0000] {processor.py:183} INFO - Processing /opt/airflow/dags/spark_airflow.py took 0.296 seconds
[2024-08-02T03:09:01.170+0000] {processor.py:161} INFO - Started process (PID=194) to work on /opt/airflow/dags/spark_airflow.py
[2024-08-02T03:09:01.174+0000] {processor.py:830} INFO - Processing file /opt/airflow/dags/spark_airflow.py for tasks to queue
[2024-08-02T03:09:01.182+0000] {logging_mixin.py:188} INFO - [2024-08-02T03:09:01.182+0000] {dagbag.py:545} INFO - Filling up the DagBag from /opt/airflow/dags/spark_airflow.py
[2024-08-02T03:09:01.219+0000] {processor.py:840} INFO - DAG(s) 'sparking_flow' retrieved from /opt/airflow/dags/spark_airflow.py
[2024-08-02T03:09:01.258+0000] {logging_mixin.py:188} INFO - [2024-08-02T03:09:01.258+0000] {dag.py:3089} INFO - Sync 1 DAGs
[2024-08-02T03:09:01.314+0000] {logging_mixin.py:188} INFO - [2024-08-02T03:09:01.314+0000] {dag.py:3947} INFO - Setting next_dagrun for sparking_flow to 2024-08-01 00:00:00+00:00, run_after=2024-08-02 00:00:00+00:00
[2024-08-02T03:09:01.342+0000] {processor.py:183} INFO - Processing /opt/airflow/dags/spark_airflow.py took 0.204 seconds
[2024-08-02T03:09:31.537+0000] {processor.py:161} INFO - Started process (PID=199) to work on /opt/airflow/dags/spark_airflow.py
[2024-08-02T03:09:31.537+0000] {processor.py:830} INFO - Processing file /opt/airflow/dags/spark_airflow.py for tasks to queue
[2024-08-02T03:09:31.539+0000] {logging_mixin.py:188} INFO - [2024-08-02T03:09:31.538+0000] {dagbag.py:545} INFO - Filling up the DagBag from /opt/airflow/dags/spark_airflow.py
[2024-08-02T03:09:31.557+0000] {processor.py:840} INFO - DAG(s) 'sparking_flow' retrieved from /opt/airflow/dags/spark_airflow.py
[2024-08-02T03:09:31.639+0000] {logging_mixin.py:188} INFO - [2024-08-02T03:09:31.638+0000] {dag.py:3089} INFO - Sync 1 DAGs
[2024-08-02T03:09:31.670+0000] {logging_mixin.py:188} INFO - [2024-08-02T03:09:31.670+0000] {dag.py:3947} INFO - Setting next_dagrun for sparking_flow to 2024-08-01 00:00:00+00:00, run_after=2024-08-02 00:00:00+00:00
[2024-08-02T03:09:31.691+0000] {processor.py:183} INFO - Processing /opt/airflow/dags/spark_airflow.py took 0.160 seconds
[2024-08-02T03:10:01.895+0000] {processor.py:161} INFO - Started process (PID=353) to work on /opt/airflow/dags/spark_airflow.py
[2024-08-02T03:10:01.897+0000] {processor.py:830} INFO - Processing file /opt/airflow/dags/spark_airflow.py for tasks to queue
[2024-08-02T03:10:01.900+0000] {logging_mixin.py:188} INFO - [2024-08-02T03:10:01.900+0000] {dagbag.py:545} INFO - Filling up the DagBag from /opt/airflow/dags/spark_airflow.py
[2024-08-02T03:10:01.959+0000] {processor.py:840} INFO - DAG(s) 'sparking_flow' retrieved from /opt/airflow/dags/spark_airflow.py
[2024-08-02T03:10:02.036+0000] {logging_mixin.py:188} INFO - [2024-08-02T03:10:02.036+0000] {dag.py:3089} INFO - Sync 1 DAGs
[2024-08-02T03:10:02.129+0000] {logging_mixin.py:188} INFO - [2024-08-02T03:10:02.128+0000] {dag.py:3947} INFO - Setting next_dagrun for sparking_flow to 2024-08-02 00:00:00+00:00, run_after=2024-08-03 00:00:00+00:00
[2024-08-02T03:10:02.167+0000] {processor.py:183} INFO - Processing /opt/airflow/dags/spark_airflow.py took 0.283 seconds
[2024-08-02T03:10:32.392+0000] {processor.py:161} INFO - Started process (PID=691) to work on /opt/airflow/dags/spark_airflow.py
[2024-08-02T03:10:32.393+0000] {processor.py:830} INFO - Processing file /opt/airflow/dags/spark_airflow.py for tasks to queue
[2024-08-02T03:10:32.396+0000] {logging_mixin.py:188} INFO - [2024-08-02T03:10:32.396+0000] {dagbag.py:545} INFO - Filling up the DagBag from /opt/airflow/dags/spark_airflow.py
[2024-08-02T03:10:32.464+0000] {processor.py:840} INFO - DAG(s) 'sparking_flow' retrieved from /opt/airflow/dags/spark_airflow.py
[2024-08-02T03:10:32.508+0000] {logging_mixin.py:188} INFO - [2024-08-02T03:10:32.507+0000] {dag.py:3089} INFO - Sync 1 DAGs
[2024-08-02T03:10:32.564+0000] {logging_mixin.py:188} INFO - [2024-08-02T03:10:32.564+0000] {dag.py:3947} INFO - Setting next_dagrun for sparking_flow to 2024-08-02 00:00:00+00:00, run_after=2024-08-03 00:00:00+00:00
[2024-08-02T03:10:32.587+0000] {processor.py:183} INFO - Processing /opt/airflow/dags/spark_airflow.py took 0.206 seconds
[2024-08-02T03:11:02.775+0000] {processor.py:161} INFO - Started process (PID=696) to work on /opt/airflow/dags/spark_airflow.py
[2024-08-02T03:11:02.776+0000] {processor.py:830} INFO - Processing file /opt/airflow/dags/spark_airflow.py for tasks to queue
[2024-08-02T03:11:02.777+0000] {logging_mixin.py:188} INFO - [2024-08-02T03:11:02.777+0000] {dagbag.py:545} INFO - Filling up the DagBag from /opt/airflow/dags/spark_airflow.py
[2024-08-02T03:11:02.795+0000] {processor.py:840} INFO - DAG(s) 'sparking_flow' retrieved from /opt/airflow/dags/spark_airflow.py
[2024-08-02T03:11:02.824+0000] {logging_mixin.py:188} INFO - [2024-08-02T03:11:02.823+0000] {dag.py:3089} INFO - Sync 1 DAGs
[2024-08-02T03:11:02.844+0000] {logging_mixin.py:188} INFO - [2024-08-02T03:11:02.844+0000] {dag.py:3947} INFO - Setting next_dagrun for sparking_flow to 2024-08-02 00:00:00+00:00, run_after=2024-08-03 00:00:00+00:00
[2024-08-02T03:11:02.862+0000] {processor.py:183} INFO - Processing /opt/airflow/dags/spark_airflow.py took 0.092 seconds
[2024-08-02T03:11:32.987+0000] {processor.py:161} INFO - Started process (PID=701) to work on /opt/airflow/dags/spark_airflow.py
[2024-08-02T03:11:32.994+0000] {processor.py:830} INFO - Processing file /opt/airflow/dags/spark_airflow.py for tasks to queue
[2024-08-02T03:11:33.001+0000] {logging_mixin.py:188} INFO - [2024-08-02T03:11:33.000+0000] {dagbag.py:545} INFO - Filling up the DagBag from /opt/airflow/dags/spark_airflow.py
[2024-08-02T03:11:33.051+0000] {processor.py:840} INFO - DAG(s) 'sparking_flow' retrieved from /opt/airflow/dags/spark_airflow.py
[2024-08-02T03:11:33.099+0000] {logging_mixin.py:188} INFO - [2024-08-02T03:11:33.098+0000] {dag.py:3089} INFO - Sync 1 DAGs
[2024-08-02T03:11:33.121+0000] {logging_mixin.py:188} INFO - [2024-08-02T03:11:33.121+0000] {dag.py:3947} INFO - Setting next_dagrun for sparking_flow to 2024-08-02 00:00:00+00:00, run_after=2024-08-03 00:00:00+00:00
[2024-08-02T03:11:33.148+0000] {processor.py:183} INFO - Processing /opt/airflow/dags/spark_airflow.py took 0.169 seconds
[2024-08-02T03:12:03.213+0000] {processor.py:161} INFO - Started process (PID=706) to work on /opt/airflow/dags/spark_airflow.py
[2024-08-02T03:12:03.215+0000] {processor.py:830} INFO - Processing file /opt/airflow/dags/spark_airflow.py for tasks to queue
[2024-08-02T03:12:03.216+0000] {logging_mixin.py:188} INFO - [2024-08-02T03:12:03.216+0000] {dagbag.py:545} INFO - Filling up the DagBag from /opt/airflow/dags/spark_airflow.py
[2024-08-02T03:12:03.246+0000] {processor.py:840} INFO - DAG(s) 'sparking_flow' retrieved from /opt/airflow/dags/spark_airflow.py
[2024-08-02T03:12:03.283+0000] {logging_mixin.py:188} INFO - [2024-08-02T03:12:03.282+0000] {dag.py:3089} INFO - Sync 1 DAGs
[2024-08-02T03:12:03.308+0000] {logging_mixin.py:188} INFO - [2024-08-02T03:12:03.307+0000] {dag.py:3947} INFO - Setting next_dagrun for sparking_flow to 2024-08-02 00:00:00+00:00, run_after=2024-08-03 00:00:00+00:00
[2024-08-02T03:12:03.330+0000] {processor.py:183} INFO - Processing /opt/airflow/dags/spark_airflow.py took 0.123 seconds
[2024-08-02T03:12:33.558+0000] {processor.py:161} INFO - Started process (PID=711) to work on /opt/airflow/dags/spark_airflow.py
[2024-08-02T03:12:33.560+0000] {processor.py:830} INFO - Processing file /opt/airflow/dags/spark_airflow.py for tasks to queue
[2024-08-02T03:12:33.561+0000] {logging_mixin.py:188} INFO - [2024-08-02T03:12:33.561+0000] {dagbag.py:545} INFO - Filling up the DagBag from /opt/airflow/dags/spark_airflow.py
[2024-08-02T03:12:33.599+0000] {processor.py:840} INFO - DAG(s) 'sparking_flow' retrieved from /opt/airflow/dags/spark_airflow.py
[2024-08-02T03:12:33.661+0000] {logging_mixin.py:188} INFO - [2024-08-02T03:12:33.660+0000] {dag.py:3089} INFO - Sync 1 DAGs
[2024-08-02T03:12:33.702+0000] {logging_mixin.py:188} INFO - [2024-08-02T03:12:33.702+0000] {dag.py:3947} INFO - Setting next_dagrun for sparking_flow to 2024-08-02 00:00:00+00:00, run_after=2024-08-03 00:00:00+00:00
[2024-08-02T03:12:33.722+0000] {processor.py:183} INFO - Processing /opt/airflow/dags/spark_airflow.py took 0.171 seconds
[2024-08-02T03:13:03.939+0000] {processor.py:161} INFO - Started process (PID=716) to work on /opt/airflow/dags/spark_airflow.py
[2024-08-02T03:13:03.940+0000] {processor.py:830} INFO - Processing file /opt/airflow/dags/spark_airflow.py for tasks to queue
[2024-08-02T03:13:03.942+0000] {logging_mixin.py:188} INFO - [2024-08-02T03:13:03.942+0000] {dagbag.py:545} INFO - Filling up the DagBag from /opt/airflow/dags/spark_airflow.py
[2024-08-02T03:13:03.967+0000] {processor.py:840} INFO - DAG(s) 'sparking_flow' retrieved from /opt/airflow/dags/spark_airflow.py
[2024-08-02T03:13:04.015+0000] {logging_mixin.py:188} INFO - [2024-08-02T03:13:04.015+0000] {dag.py:3089} INFO - Sync 1 DAGs
[2024-08-02T03:13:04.047+0000] {logging_mixin.py:188} INFO - [2024-08-02T03:13:04.047+0000] {dag.py:3947} INFO - Setting next_dagrun for sparking_flow to 2024-08-02 00:00:00+00:00, run_after=2024-08-03 00:00:00+00:00
[2024-08-02T03:13:04.074+0000] {processor.py:183} INFO - Processing /opt/airflow/dags/spark_airflow.py took 0.143 seconds
[2024-08-02T03:13:34.127+0000] {processor.py:161} INFO - Started process (PID=721) to work on /opt/airflow/dags/spark_airflow.py
[2024-08-02T03:13:34.128+0000] {processor.py:830} INFO - Processing file /opt/airflow/dags/spark_airflow.py for tasks to queue
[2024-08-02T03:13:34.130+0000] {logging_mixin.py:188} INFO - [2024-08-02T03:13:34.130+0000] {dagbag.py:545} INFO - Filling up the DagBag from /opt/airflow/dags/spark_airflow.py
[2024-08-02T03:13:34.150+0000] {processor.py:840} INFO - DAG(s) 'sparking_flow' retrieved from /opt/airflow/dags/spark_airflow.py
[2024-08-02T03:13:34.186+0000] {logging_mixin.py:188} INFO - [2024-08-02T03:13:34.185+0000] {dag.py:3089} INFO - Sync 1 DAGs
[2024-08-02T03:13:34.211+0000] {logging_mixin.py:188} INFO - [2024-08-02T03:13:34.210+0000] {dag.py:3947} INFO - Setting next_dagrun for sparking_flow to 2024-08-02 00:00:00+00:00, run_after=2024-08-03 00:00:00+00:00
[2024-08-02T03:13:34.231+0000] {processor.py:183} INFO - Processing /opt/airflow/dags/spark_airflow.py took 0.110 seconds
[2024-08-02T03:14:04.315+0000] {processor.py:161} INFO - Started process (PID=726) to work on /opt/airflow/dags/spark_airflow.py
[2024-08-02T03:14:04.316+0000] {processor.py:830} INFO - Processing file /opt/airflow/dags/spark_airflow.py for tasks to queue
[2024-08-02T03:14:04.318+0000] {logging_mixin.py:188} INFO - [2024-08-02T03:14:04.317+0000] {dagbag.py:545} INFO - Filling up the DagBag from /opt/airflow/dags/spark_airflow.py
[2024-08-02T03:14:04.344+0000] {processor.py:840} INFO - DAG(s) 'sparking_flow' retrieved from /opt/airflow/dags/spark_airflow.py
[2024-08-02T03:14:04.405+0000] {logging_mixin.py:188} INFO - [2024-08-02T03:14:04.405+0000] {dag.py:3089} INFO - Sync 1 DAGs
[2024-08-02T03:14:04.451+0000] {logging_mixin.py:188} INFO - [2024-08-02T03:14:04.450+0000] {dag.py:3947} INFO - Setting next_dagrun for sparking_flow to 2024-08-02 00:00:00+00:00, run_after=2024-08-03 00:00:00+00:00
[2024-08-02T03:14:04.475+0000] {processor.py:183} INFO - Processing /opt/airflow/dags/spark_airflow.py took 0.168 seconds
[2024-08-02T03:14:34.629+0000] {processor.py:161} INFO - Started process (PID=731) to work on /opt/airflow/dags/spark_airflow.py
[2024-08-02T03:14:34.630+0000] {processor.py:830} INFO - Processing file /opt/airflow/dags/spark_airflow.py for tasks to queue
[2024-08-02T03:14:34.632+0000] {logging_mixin.py:188} INFO - [2024-08-02T03:14:34.632+0000] {dagbag.py:545} INFO - Filling up the DagBag from /opt/airflow/dags/spark_airflow.py
[2024-08-02T03:14:34.651+0000] {processor.py:840} INFO - DAG(s) 'sparking_flow' retrieved from /opt/airflow/dags/spark_airflow.py
[2024-08-02T03:14:34.681+0000] {logging_mixin.py:188} INFO - [2024-08-02T03:14:34.681+0000] {dag.py:3089} INFO - Sync 1 DAGs
[2024-08-02T03:14:34.703+0000] {logging_mixin.py:188} INFO - [2024-08-02T03:14:34.703+0000] {dag.py:3947} INFO - Setting next_dagrun for sparking_flow to 2024-08-02 00:00:00+00:00, run_after=2024-08-03 00:00:00+00:00
[2024-08-02T03:14:34.728+0000] {processor.py:183} INFO - Processing /opt/airflow/dags/spark_airflow.py took 0.105 seconds
[2024-08-02T03:15:04.824+0000] {processor.py:161} INFO - Started process (PID=736) to work on /opt/airflow/dags/spark_airflow.py
[2024-08-02T03:15:04.825+0000] {processor.py:830} INFO - Processing file /opt/airflow/dags/spark_airflow.py for tasks to queue
[2024-08-02T03:15:04.827+0000] {logging_mixin.py:188} INFO - [2024-08-02T03:15:04.827+0000] {dagbag.py:545} INFO - Filling up the DagBag from /opt/airflow/dags/spark_airflow.py
[2024-08-02T03:15:04.847+0000] {processor.py:840} INFO - DAG(s) 'sparking_flow' retrieved from /opt/airflow/dags/spark_airflow.py
[2024-08-02T03:15:04.885+0000] {logging_mixin.py:188} INFO - [2024-08-02T03:15:04.885+0000] {dag.py:3089} INFO - Sync 1 DAGs
[2024-08-02T03:15:04.910+0000] {logging_mixin.py:188} INFO - [2024-08-02T03:15:04.910+0000] {dag.py:3947} INFO - Setting next_dagrun for sparking_flow to 2024-08-02 00:00:00+00:00, run_after=2024-08-03 00:00:00+00:00
[2024-08-02T03:15:04.930+0000] {processor.py:183} INFO - Processing /opt/airflow/dags/spark_airflow.py took 0.110 seconds
[2024-08-02T03:23:42.026+0000] {processor.py:161} INFO - Started process (PID=189) to work on /opt/airflow/dags/spark_airflow.py
[2024-08-02T03:23:42.027+0000] {processor.py:830} INFO - Processing file /opt/airflow/dags/spark_airflow.py for tasks to queue
[2024-08-02T03:23:42.028+0000] {logging_mixin.py:188} INFO - [2024-08-02T03:23:42.028+0000] {dagbag.py:545} INFO - Filling up the DagBag from /opt/airflow/dags/spark_airflow.py
[2024-08-02T03:23:42.054+0000] {processor.py:840} INFO - DAG(s) 'sparking_flow' retrieved from /opt/airflow/dags/spark_airflow.py
[2024-08-02T03:23:42.185+0000] {logging_mixin.py:188} INFO - [2024-08-02T03:23:42.185+0000] {override.py:1858} INFO - Created Permission View: can edit on DAG:sparking_flow
[2024-08-02T03:23:42.194+0000] {logging_mixin.py:188} INFO - [2024-08-02T03:23:42.194+0000] {override.py:1858} INFO - Created Permission View: can read on DAG:sparking_flow
[2024-08-02T03:23:42.200+0000] {logging_mixin.py:188} INFO - [2024-08-02T03:23:42.199+0000] {override.py:1858} INFO - Created Permission View: can delete on DAG:sparking_flow
[2024-08-02T03:23:42.200+0000] {logging_mixin.py:188} INFO - [2024-08-02T03:23:42.200+0000] {dag.py:3089} INFO - Sync 1 DAGs
[2024-08-02T03:23:42.208+0000] {logging_mixin.py:188} INFO - [2024-08-02T03:23:42.208+0000] {dag.py:3111} INFO - Creating ORM DAG for sparking_flow
[2024-08-02T03:23:42.218+0000] {logging_mixin.py:188} INFO - [2024-08-02T03:23:42.218+0000] {dag.py:3947} INFO - Setting next_dagrun for sparking_flow to 2024-08-01 00:00:00+00:00, run_after=2024-08-02 00:00:00+00:00
[2024-08-02T03:23:42.233+0000] {processor.py:183} INFO - Processing /opt/airflow/dags/spark_airflow.py took 0.212 seconds
[2024-08-02T03:24:12.406+0000] {processor.py:161} INFO - Started process (PID=194) to work on /opt/airflow/dags/spark_airflow.py
[2024-08-02T03:24:12.407+0000] {processor.py:830} INFO - Processing file /opt/airflow/dags/spark_airflow.py for tasks to queue
[2024-08-02T03:24:12.410+0000] {logging_mixin.py:188} INFO - [2024-08-02T03:24:12.409+0000] {dagbag.py:545} INFO - Filling up the DagBag from /opt/airflow/dags/spark_airflow.py
[2024-08-02T03:24:12.434+0000] {processor.py:840} INFO - DAG(s) 'sparking_flow' retrieved from /opt/airflow/dags/spark_airflow.py
[2024-08-02T03:24:12.473+0000] {logging_mixin.py:188} INFO - [2024-08-02T03:24:12.473+0000] {dag.py:3089} INFO - Sync 1 DAGs
[2024-08-02T03:24:12.513+0000] {logging_mixin.py:188} INFO - [2024-08-02T03:24:12.512+0000] {dag.py:3947} INFO - Setting next_dagrun for sparking_flow to 2024-08-01 00:00:00+00:00, run_after=2024-08-02 00:00:00+00:00
[2024-08-02T03:24:12.540+0000] {processor.py:183} INFO - Processing /opt/airflow/dags/spark_airflow.py took 0.140 seconds
[2024-08-02T03:24:42.731+0000] {processor.py:161} INFO - Started process (PID=199) to work on /opt/airflow/dags/spark_airflow.py
[2024-08-02T03:24:42.734+0000] {processor.py:830} INFO - Processing file /opt/airflow/dags/spark_airflow.py for tasks to queue
[2024-08-02T03:24:42.739+0000] {logging_mixin.py:188} INFO - [2024-08-02T03:24:42.737+0000] {dagbag.py:545} INFO - Filling up the DagBag from /opt/airflow/dags/spark_airflow.py
[2024-08-02T03:24:42.775+0000] {processor.py:840} INFO - DAG(s) 'sparking_flow' retrieved from /opt/airflow/dags/spark_airflow.py
[2024-08-02T03:24:42.844+0000] {logging_mixin.py:188} INFO - [2024-08-02T03:24:42.843+0000] {dag.py:3089} INFO - Sync 1 DAGs
[2024-08-02T03:24:42.890+0000] {logging_mixin.py:188} INFO - [2024-08-02T03:24:42.890+0000] {dag.py:3947} INFO - Setting next_dagrun for sparking_flow to 2024-08-01 00:00:00+00:00, run_after=2024-08-02 00:00:00+00:00
[2024-08-02T03:24:42.924+0000] {processor.py:183} INFO - Processing /opt/airflow/dags/spark_airflow.py took 0.216 seconds
[2024-08-02T03:25:13.122+0000] {processor.py:161} INFO - Started process (PID=204) to work on /opt/airflow/dags/spark_airflow.py
[2024-08-02T03:25:13.123+0000] {processor.py:830} INFO - Processing file /opt/airflow/dags/spark_airflow.py for tasks to queue
[2024-08-02T03:25:13.125+0000] {logging_mixin.py:188} INFO - [2024-08-02T03:25:13.124+0000] {dagbag.py:545} INFO - Filling up the DagBag from /opt/airflow/dags/spark_airflow.py
[2024-08-02T03:25:13.172+0000] {processor.py:840} INFO - DAG(s) 'sparking_flow' retrieved from /opt/airflow/dags/spark_airflow.py
[2024-08-02T03:25:13.261+0000] {logging_mixin.py:188} INFO - [2024-08-02T03:25:13.260+0000] {dag.py:3089} INFO - Sync 1 DAGs
[2024-08-02T03:25:13.306+0000] {logging_mixin.py:188} INFO - [2024-08-02T03:25:13.306+0000] {dag.py:3947} INFO - Setting next_dagrun for sparking_flow to 2024-08-01 00:00:00+00:00, run_after=2024-08-02 00:00:00+00:00
[2024-08-02T03:25:13.335+0000] {processor.py:183} INFO - Processing /opt/airflow/dags/spark_airflow.py took 0.219 seconds
[2024-08-02T03:25:43.554+0000] {processor.py:161} INFO - Started process (PID=209) to work on /opt/airflow/dags/spark_airflow.py
[2024-08-02T03:25:43.556+0000] {processor.py:830} INFO - Processing file /opt/airflow/dags/spark_airflow.py for tasks to queue
[2024-08-02T03:25:43.557+0000] {logging_mixin.py:188} INFO - [2024-08-02T03:25:43.557+0000] {dagbag.py:545} INFO - Filling up the DagBag from /opt/airflow/dags/spark_airflow.py
[2024-08-02T03:25:43.577+0000] {processor.py:840} INFO - DAG(s) 'sparking_flow' retrieved from /opt/airflow/dags/spark_airflow.py
[2024-08-02T03:25:43.620+0000] {logging_mixin.py:188} INFO - [2024-08-02T03:25:43.620+0000] {dag.py:3089} INFO - Sync 1 DAGs
[2024-08-02T03:25:43.654+0000] {logging_mixin.py:188} INFO - [2024-08-02T03:25:43.654+0000] {dag.py:3947} INFO - Setting next_dagrun for sparking_flow to 2024-08-01 00:00:00+00:00, run_after=2024-08-02 00:00:00+00:00
[2024-08-02T03:25:43.672+0000] {processor.py:183} INFO - Processing /opt/airflow/dags/spark_airflow.py took 0.148 seconds
[2024-08-02T03:26:13.734+0000] {processor.py:161} INFO - Started process (PID=693) to work on /opt/airflow/dags/spark_airflow.py
[2024-08-02T03:26:13.735+0000] {processor.py:830} INFO - Processing file /opt/airflow/dags/spark_airflow.py for tasks to queue
[2024-08-02T03:26:13.737+0000] {logging_mixin.py:188} INFO - [2024-08-02T03:26:13.736+0000] {dagbag.py:545} INFO - Filling up the DagBag from /opt/airflow/dags/spark_airflow.py
[2024-08-02T03:26:13.761+0000] {processor.py:840} INFO - DAG(s) 'sparking_flow' retrieved from /opt/airflow/dags/spark_airflow.py
[2024-08-02T03:26:13.792+0000] {logging_mixin.py:188} INFO - [2024-08-02T03:26:13.791+0000] {dag.py:3089} INFO - Sync 1 DAGs
[2024-08-02T03:26:13.825+0000] {logging_mixin.py:188} INFO - [2024-08-02T03:26:13.824+0000] {dag.py:3947} INFO - Setting next_dagrun for sparking_flow to 2024-08-02 00:00:00+00:00, run_after=2024-08-03 00:00:00+00:00
[2024-08-02T03:26:13.912+0000] {processor.py:183} INFO - Processing /opt/airflow/dags/spark_airflow.py took 0.184 seconds
[2024-08-02T03:26:44.027+0000] {processor.py:161} INFO - Started process (PID=698) to work on /opt/airflow/dags/spark_airflow.py
[2024-08-02T03:26:44.028+0000] {processor.py:830} INFO - Processing file /opt/airflow/dags/spark_airflow.py for tasks to queue
[2024-08-02T03:26:44.030+0000] {logging_mixin.py:188} INFO - [2024-08-02T03:26:44.030+0000] {dagbag.py:545} INFO - Filling up the DagBag from /opt/airflow/dags/spark_airflow.py
[2024-08-02T03:26:44.056+0000] {processor.py:840} INFO - DAG(s) 'sparking_flow' retrieved from /opt/airflow/dags/spark_airflow.py
[2024-08-02T03:26:44.091+0000] {logging_mixin.py:188} INFO - [2024-08-02T03:26:44.091+0000] {dag.py:3089} INFO - Sync 1 DAGs
[2024-08-02T03:26:44.114+0000] {logging_mixin.py:188} INFO - [2024-08-02T03:26:44.114+0000] {dag.py:3947} INFO - Setting next_dagrun for sparking_flow to 2024-08-02 00:00:00+00:00, run_after=2024-08-03 00:00:00+00:00
[2024-08-02T03:26:44.139+0000] {processor.py:183} INFO - Processing /opt/airflow/dags/spark_airflow.py took 0.118 seconds
[2024-08-02T03:27:14.269+0000] {processor.py:161} INFO - Started process (PID=703) to work on /opt/airflow/dags/spark_airflow.py
[2024-08-02T03:27:14.270+0000] {processor.py:830} INFO - Processing file /opt/airflow/dags/spark_airflow.py for tasks to queue
[2024-08-02T03:27:14.272+0000] {logging_mixin.py:188} INFO - [2024-08-02T03:27:14.271+0000] {dagbag.py:545} INFO - Filling up the DagBag from /opt/airflow/dags/spark_airflow.py
[2024-08-02T03:27:14.292+0000] {processor.py:840} INFO - DAG(s) 'sparking_flow' retrieved from /opt/airflow/dags/spark_airflow.py
[2024-08-02T03:27:14.334+0000] {logging_mixin.py:188} INFO - [2024-08-02T03:27:14.333+0000] {dag.py:3089} INFO - Sync 1 DAGs
[2024-08-02T03:27:14.359+0000] {logging_mixin.py:188} INFO - [2024-08-02T03:27:14.359+0000] {dag.py:3947} INFO - Setting next_dagrun for sparking_flow to 2024-08-02 00:00:00+00:00, run_after=2024-08-03 00:00:00+00:00
[2024-08-02T03:27:14.590+0000] {processor.py:183} INFO - Processing /opt/airflow/dags/spark_airflow.py took 0.328 seconds
[2024-08-02T03:27:44.786+0000] {processor.py:161} INFO - Started process (PID=708) to work on /opt/airflow/dags/spark_airflow.py
[2024-08-02T03:27:44.788+0000] {processor.py:830} INFO - Processing file /opt/airflow/dags/spark_airflow.py for tasks to queue
[2024-08-02T03:27:44.789+0000] {logging_mixin.py:188} INFO - [2024-08-02T03:27:44.789+0000] {dagbag.py:545} INFO - Filling up the DagBag from /opt/airflow/dags/spark_airflow.py
[2024-08-02T03:27:44.810+0000] {processor.py:840} INFO - DAG(s) 'sparking_flow' retrieved from /opt/airflow/dags/spark_airflow.py
[2024-08-02T03:27:44.841+0000] {logging_mixin.py:188} INFO - [2024-08-02T03:27:44.841+0000] {dag.py:3089} INFO - Sync 1 DAGs
[2024-08-02T03:27:45.091+0000] {logging_mixin.py:188} INFO - [2024-08-02T03:27:45.090+0000] {dag.py:3947} INFO - Setting next_dagrun for sparking_flow to 2024-08-02 00:00:00+00:00, run_after=2024-08-03 00:00:00+00:00
[2024-08-02T03:27:45.118+0000] {processor.py:183} INFO - Processing /opt/airflow/dags/spark_airflow.py took 0.338 seconds
[2024-08-02T03:28:15.336+0000] {processor.py:161} INFO - Started process (PID=713) to work on /opt/airflow/dags/spark_airflow.py
[2024-08-02T03:28:15.337+0000] {processor.py:830} INFO - Processing file /opt/airflow/dags/spark_airflow.py for tasks to queue
[2024-08-02T03:28:15.339+0000] {logging_mixin.py:188} INFO - [2024-08-02T03:28:15.338+0000] {dagbag.py:545} INFO - Filling up the DagBag from /opt/airflow/dags/spark_airflow.py
[2024-08-02T03:28:15.359+0000] {processor.py:840} INFO - DAG(s) 'sparking_flow' retrieved from /opt/airflow/dags/spark_airflow.py
[2024-08-02T03:28:15.394+0000] {logging_mixin.py:188} INFO - [2024-08-02T03:28:15.394+0000] {dag.py:3089} INFO - Sync 1 DAGs
[2024-08-02T03:28:15.651+0000] {logging_mixin.py:188} INFO - [2024-08-02T03:28:15.651+0000] {dag.py:3947} INFO - Setting next_dagrun for sparking_flow to 2024-08-02 00:00:00+00:00, run_after=2024-08-03 00:00:00+00:00
[2024-08-02T03:28:15.675+0000] {processor.py:183} INFO - Processing /opt/airflow/dags/spark_airflow.py took 0.345 seconds
[2024-08-02T03:28:45.871+0000] {processor.py:161} INFO - Started process (PID=718) to work on /opt/airflow/dags/spark_airflow.py
[2024-08-02T03:28:45.872+0000] {processor.py:830} INFO - Processing file /opt/airflow/dags/spark_airflow.py for tasks to queue
[2024-08-02T03:28:45.874+0000] {logging_mixin.py:188} INFO - [2024-08-02T03:28:45.874+0000] {dagbag.py:545} INFO - Filling up the DagBag from /opt/airflow/dags/spark_airflow.py
[2024-08-02T03:28:45.893+0000] {processor.py:840} INFO - DAG(s) 'sparking_flow' retrieved from /opt/airflow/dags/spark_airflow.py
[2024-08-02T03:28:46.136+0000] {logging_mixin.py:188} INFO - [2024-08-02T03:28:46.135+0000] {dag.py:3089} INFO - Sync 1 DAGs
[2024-08-02T03:28:46.154+0000] {logging_mixin.py:188} INFO - [2024-08-02T03:28:46.153+0000] {dag.py:3947} INFO - Setting next_dagrun for sparking_flow to 2024-08-02 00:00:00+00:00, run_after=2024-08-03 00:00:00+00:00
[2024-08-02T03:28:46.180+0000] {processor.py:183} INFO - Processing /opt/airflow/dags/spark_airflow.py took 0.314 seconds
[2024-08-02T03:29:16.382+0000] {processor.py:161} INFO - Started process (PID=723) to work on /opt/airflow/dags/spark_airflow.py
[2024-08-02T03:29:16.383+0000] {processor.py:830} INFO - Processing file /opt/airflow/dags/spark_airflow.py for tasks to queue
[2024-08-02T03:29:16.596+0000] {logging_mixin.py:188} INFO - [2024-08-02T03:29:16.596+0000] {dagbag.py:545} INFO - Filling up the DagBag from /opt/airflow/dags/spark_airflow.py
[2024-08-02T03:29:16.614+0000] {processor.py:840} INFO - DAG(s) 'sparking_flow' retrieved from /opt/airflow/dags/spark_airflow.py
[2024-08-02T03:29:16.640+0000] {logging_mixin.py:188} INFO - [2024-08-02T03:29:16.639+0000] {dag.py:3089} INFO - Sync 1 DAGs
[2024-08-02T03:29:16.657+0000] {logging_mixin.py:188} INFO - [2024-08-02T03:29:16.657+0000] {dag.py:3947} INFO - Setting next_dagrun for sparking_flow to 2024-08-02 00:00:00+00:00, run_after=2024-08-03 00:00:00+00:00
[2024-08-02T03:29:16.672+0000] {processor.py:183} INFO - Processing /opt/airflow/dags/spark_airflow.py took 0.296 seconds
[2024-08-02T03:29:46.798+0000] {processor.py:161} INFO - Started process (PID=728) to work on /opt/airflow/dags/spark_airflow.py
[2024-08-02T03:29:46.799+0000] {processor.py:830} INFO - Processing file /opt/airflow/dags/spark_airflow.py for tasks to queue
[2024-08-02T03:29:46.801+0000] {logging_mixin.py:188} INFO - [2024-08-02T03:29:46.801+0000] {dagbag.py:545} INFO - Filling up the DagBag from /opt/airflow/dags/spark_airflow.py
[2024-08-02T03:29:46.823+0000] {processor.py:840} INFO - DAG(s) 'sparking_flow' retrieved from /opt/airflow/dags/spark_airflow.py
[2024-08-02T03:29:46.852+0000] {logging_mixin.py:188} INFO - [2024-08-02T03:29:46.852+0000] {dag.py:3089} INFO - Sync 1 DAGs
[2024-08-02T03:29:46.873+0000] {logging_mixin.py:188} INFO - [2024-08-02T03:29:46.872+0000] {dag.py:3947} INFO - Setting next_dagrun for sparking_flow to 2024-08-02 00:00:00+00:00, run_after=2024-08-03 00:00:00+00:00
[2024-08-02T03:29:46.902+0000] {processor.py:183} INFO - Processing /opt/airflow/dags/spark_airflow.py took 0.110 seconds
[2024-08-02T03:30:17.061+0000] {processor.py:161} INFO - Started process (PID=733) to work on /opt/airflow/dags/spark_airflow.py
[2024-08-02T03:30:17.062+0000] {processor.py:830} INFO - Processing file /opt/airflow/dags/spark_airflow.py for tasks to queue
[2024-08-02T03:30:17.066+0000] {logging_mixin.py:188} INFO - [2024-08-02T03:30:17.065+0000] {dagbag.py:545} INFO - Filling up the DagBag from /opt/airflow/dags/spark_airflow.py
[2024-08-02T03:30:17.092+0000] {processor.py:840} INFO - DAG(s) 'sparking_flow' retrieved from /opt/airflow/dags/spark_airflow.py
[2024-08-02T03:30:17.134+0000] {logging_mixin.py:188} INFO - [2024-08-02T03:30:17.133+0000] {dag.py:3089} INFO - Sync 1 DAGs
[2024-08-02T03:30:17.178+0000] {logging_mixin.py:188} INFO - [2024-08-02T03:30:17.178+0000] {dag.py:3947} INFO - Setting next_dagrun for sparking_flow to 2024-08-02 00:00:00+00:00, run_after=2024-08-03 00:00:00+00:00
[2024-08-02T03:30:17.212+0000] {processor.py:183} INFO - Processing /opt/airflow/dags/spark_airflow.py took 0.158 seconds
[2024-08-02T03:30:47.260+0000] {processor.py:161} INFO - Started process (PID=738) to work on /opt/airflow/dags/spark_airflow.py
[2024-08-02T03:30:47.261+0000] {processor.py:830} INFO - Processing file /opt/airflow/dags/spark_airflow.py for tasks to queue
[2024-08-02T03:30:47.263+0000] {logging_mixin.py:188} INFO - [2024-08-02T03:30:47.263+0000] {dagbag.py:545} INFO - Filling up the DagBag from /opt/airflow/dags/spark_airflow.py
[2024-08-02T03:30:47.283+0000] {processor.py:840} INFO - DAG(s) 'sparking_flow' retrieved from /opt/airflow/dags/spark_airflow.py
[2024-08-02T03:30:47.314+0000] {logging_mixin.py:188} INFO - [2024-08-02T03:30:47.314+0000] {dag.py:3089} INFO - Sync 1 DAGs
[2024-08-02T03:30:47.334+0000] {logging_mixin.py:188} INFO - [2024-08-02T03:30:47.334+0000] {dag.py:3947} INFO - Setting next_dagrun for sparking_flow to 2024-08-02 00:00:00+00:00, run_after=2024-08-03 00:00:00+00:00
[2024-08-02T03:30:47.353+0000] {processor.py:183} INFO - Processing /opt/airflow/dags/spark_airflow.py took 0.099 seconds
[2024-08-02T03:31:17.484+0000] {processor.py:161} INFO - Started process (PID=743) to work on /opt/airflow/dags/spark_airflow.py
[2024-08-02T03:31:17.486+0000] {processor.py:830} INFO - Processing file /opt/airflow/dags/spark_airflow.py for tasks to queue
[2024-08-02T03:31:17.489+0000] {logging_mixin.py:188} INFO - [2024-08-02T03:31:17.489+0000] {dagbag.py:545} INFO - Filling up the DagBag from /opt/airflow/dags/spark_airflow.py
[2024-08-02T03:31:17.512+0000] {processor.py:840} INFO - DAG(s) 'sparking_flow' retrieved from /opt/airflow/dags/spark_airflow.py
[2024-08-02T03:31:17.551+0000] {logging_mixin.py:188} INFO - [2024-08-02T03:31:17.551+0000] {dag.py:3089} INFO - Sync 1 DAGs
[2024-08-02T03:31:17.582+0000] {logging_mixin.py:188} INFO - [2024-08-02T03:31:17.581+0000] {dag.py:3947} INFO - Setting next_dagrun for sparking_flow to 2024-08-02 00:00:00+00:00, run_after=2024-08-03 00:00:00+00:00
[2024-08-02T03:31:17.623+0000] {processor.py:183} INFO - Processing /opt/airflow/dags/spark_airflow.py took 0.144 seconds
[2024-08-02T03:31:47.768+0000] {processor.py:161} INFO - Started process (PID=748) to work on /opt/airflow/dags/spark_airflow.py
[2024-08-02T03:31:47.769+0000] {processor.py:830} INFO - Processing file /opt/airflow/dags/spark_airflow.py for tasks to queue
[2024-08-02T03:31:47.771+0000] {logging_mixin.py:188} INFO - [2024-08-02T03:31:47.771+0000] {dagbag.py:545} INFO - Filling up the DagBag from /opt/airflow/dags/spark_airflow.py
[2024-08-02T03:31:47.792+0000] {processor.py:840} INFO - DAG(s) 'sparking_flow' retrieved from /opt/airflow/dags/spark_airflow.py
[2024-08-02T03:31:47.822+0000] {logging_mixin.py:188} INFO - [2024-08-02T03:31:47.822+0000] {dag.py:3089} INFO - Sync 1 DAGs
[2024-08-02T03:31:47.843+0000] {logging_mixin.py:188} INFO - [2024-08-02T03:31:47.842+0000] {dag.py:3947} INFO - Setting next_dagrun for sparking_flow to 2024-08-02 00:00:00+00:00, run_after=2024-08-03 00:00:00+00:00
[2024-08-02T03:31:47.859+0000] {processor.py:183} INFO - Processing /opt/airflow/dags/spark_airflow.py took 0.097 seconds
[2024-08-02T03:32:17.998+0000] {processor.py:161} INFO - Started process (PID=753) to work on /opt/airflow/dags/spark_airflow.py
[2024-08-02T03:32:18.000+0000] {processor.py:830} INFO - Processing file /opt/airflow/dags/spark_airflow.py for tasks to queue
[2024-08-02T03:32:18.003+0000] {logging_mixin.py:188} INFO - [2024-08-02T03:32:18.003+0000] {dagbag.py:545} INFO - Filling up the DagBag from /opt/airflow/dags/spark_airflow.py
[2024-08-02T03:32:18.024+0000] {processor.py:840} INFO - DAG(s) 'sparking_flow' retrieved from /opt/airflow/dags/spark_airflow.py
[2024-08-02T03:32:18.057+0000] {logging_mixin.py:188} INFO - [2024-08-02T03:32:18.056+0000] {dag.py:3089} INFO - Sync 1 DAGs
[2024-08-02T03:32:18.080+0000] {logging_mixin.py:188} INFO - [2024-08-02T03:32:18.080+0000] {dag.py:3947} INFO - Setting next_dagrun for sparking_flow to 2024-08-02 00:00:00+00:00, run_after=2024-08-03 00:00:00+00:00
[2024-08-02T03:32:18.110+0000] {processor.py:183} INFO - Processing /opt/airflow/dags/spark_airflow.py took 0.118 seconds
