[2024-08-02T02:54:56.684+0000] {local_task_job_runner.py:120} INFO - ::group::Pre task execution logs
[2024-08-02T02:54:56.727+0000] {taskinstance.py:2076} INFO - Dependencies all met for dep_context=non-requeueable deps ti=<TaskInstance: sparking_flow.scala_job scheduled__2024-08-01T00:00:00+00:00 [queued]>
[2024-08-02T02:54:56.739+0000] {taskinstance.py:2076} INFO - Dependencies all met for dep_context=requeueable deps ti=<TaskInstance: sparking_flow.scala_job scheduled__2024-08-01T00:00:00+00:00 [queued]>
[2024-08-02T02:54:56.740+0000] {taskinstance.py:2306} INFO - Starting attempt 1 of 1
[2024-08-02T02:54:56.756+0000] {taskinstance.py:2330} INFO - Executing <Task(SparkSubmitOperator): scala_job> on 2024-08-01 00:00:00+00:00
[2024-08-02T02:54:56.761+0000] {standard_task_runner.py:64} INFO - Started process 279 to run task
[2024-08-02T02:54:56.767+0000] {standard_task_runner.py:90} INFO - Running: ['***', 'tasks', 'run', 'sparking_flow', 'scala_job', 'scheduled__2024-08-01T00:00:00+00:00', '--job-id', '5', '--raw', '--subdir', 'DAGS_FOLDER/spark_***.py', '--cfg-path', '/tmp/tmp_1ea82cc']
[2024-08-02T02:54:56.770+0000] {standard_task_runner.py:91} INFO - Job 5: Subtask scala_job
[2024-08-02T02:54:56.840+0000] {task_command.py:426} INFO - Running <TaskInstance: sparking_flow.scala_job scheduled__2024-08-01T00:00:00+00:00 [running]> on host c1afb265eb2c
[2024-08-02T02:54:56.950+0000] {taskinstance.py:2648} INFO - Exporting env vars: AIRFLOW_CTX_DAG_OWNER='Yusuf Ganiyu' AIRFLOW_CTX_DAG_ID='sparking_flow' AIRFLOW_CTX_TASK_ID='scala_job' AIRFLOW_CTX_EXECUTION_DATE='2024-08-01T00:00:00+00:00' AIRFLOW_CTX_TRY_NUMBER='1' AIRFLOW_CTX_DAG_RUN_ID='scheduled__2024-08-01T00:00:00+00:00'
[2024-08-02T02:54:56.951+0000] {taskinstance.py:430} INFO - ::endgroup::
[2024-08-02T02:54:56.975+0000] {base.py:84} INFO - Using connection ID 'spark-conn' for task execution.
[2024-08-02T02:54:56.977+0000] {spark_submit.py:403} INFO - Spark-Submit cmd: spark-submit --master spark://spark-master:7077 --name arrow-spark --deploy-mode client jobs/scala/target/scala-2.12/word-count_2.12-0.1.jar
[2024-08-02T02:54:57.175+0000] {spark_submit.py:579} INFO - /home/***/.local/lib/python3.9/site-packages/pyspark/bin/spark-class: line 71: /usr/lib/jvm/java-11-openjdk-arm64/bin/java: No such file or directory
[2024-08-02T02:54:57.176+0000] {spark_submit.py:579} INFO - /home/***/.local/lib/python3.9/site-packages/pyspark/bin/spark-class: line 97: CMD: bad array subscript
[2024-08-02T02:54:57.178+0000] {taskinstance.py:441} INFO - ::group::Post task execution logs
[2024-08-02T02:54:57.192+0000] {taskinstance.py:2905} ERROR - Task failed with exception
Traceback (most recent call last):
  File "/home/airflow/.local/lib/python3.9/site-packages/airflow/models/taskinstance.py", line 465, in _execute_task
    result = _execute_callable(context=context, **execute_callable_kwargs)
  File "/home/airflow/.local/lib/python3.9/site-packages/airflow/models/taskinstance.py", line 432, in _execute_callable
    return execute_callable(context=context, **execute_callable_kwargs)
  File "/home/airflow/.local/lib/python3.9/site-packages/airflow/models/baseoperator.py", line 401, in wrapper
    return func(self, *args, **kwargs)
  File "/home/airflow/.local/lib/python3.9/site-packages/airflow/providers/apache/spark/operators/spark_submit.py", line 174, in execute
    self._hook.submit(self.application)
  File "/home/airflow/.local/lib/python3.9/site-packages/airflow/providers/apache/spark/hooks/spark_submit.py", line 505, in submit
    raise AirflowException(
airflow.exceptions.AirflowException: Cannot execute: spark-submit --master spark://spark-master:7077 --name arrow-spark --deploy-mode client jobs/scala/target/scala-2.12/word-count_2.12-0.1.jar. Error code is: 1.
[2024-08-02T02:54:57.201+0000] {taskinstance.py:1206} INFO - Marking task as FAILED. dag_id=sparking_flow, task_id=scala_job, run_id=scheduled__2024-08-01T00:00:00+00:00, execution_date=20240801T000000, start_date=20240802T025456, end_date=20240802T025457
[2024-08-02T02:54:57.220+0000] {standard_task_runner.py:110} ERROR - Failed to execute job 5 for task scala_job (Cannot execute: spark-submit --master spark://spark-master:7077 --name arrow-spark --deploy-mode client jobs/scala/target/scala-2.12/word-count_2.12-0.1.jar. Error code is: 1.; 279)
[2024-08-02T02:54:57.261+0000] {local_task_job_runner.py:243} INFO - Task exited with return code 1
[2024-08-02T02:54:57.294+0000] {taskinstance.py:3503} INFO - 0 downstream tasks scheduled from follow-on schedule check
[2024-08-02T02:54:57.301+0000] {local_task_job_runner.py:222} INFO - ::endgroup::
[2024-08-02T03:09:58.716+0000] {local_task_job_runner.py:120} INFO - ::group::Pre task execution logs
[2024-08-02T03:09:58.777+0000] {taskinstance.py:2076} INFO - Dependencies all met for dep_context=non-requeueable deps ti=<TaskInstance: sparking_flow.scala_job scheduled__2024-08-01T00:00:00+00:00 [queued]>
[2024-08-02T03:09:58.786+0000] {taskinstance.py:2076} INFO - Dependencies all met for dep_context=requeueable deps ti=<TaskInstance: sparking_flow.scala_job scheduled__2024-08-01T00:00:00+00:00 [queued]>
[2024-08-02T03:09:58.787+0000] {taskinstance.py:2306} INFO - Starting attempt 1 of 1
[2024-08-02T03:09:58.803+0000] {taskinstance.py:2330} INFO - Executing <Task(SparkSubmitOperator): scala_job> on 2024-08-01 00:00:00+00:00
[2024-08-02T03:09:58.809+0000] {standard_task_runner.py:64} INFO - Started process 210 to run task
[2024-08-02T03:09:58.817+0000] {standard_task_runner.py:90} INFO - Running: ['***', 'tasks', 'run', 'sparking_flow', 'scala_job', 'scheduled__2024-08-01T00:00:00+00:00', '--job-id', '5', '--raw', '--subdir', 'DAGS_FOLDER/spark_***.py', '--cfg-path', '/tmp/tmprbzx6yi5']
[2024-08-02T03:09:58.820+0000] {standard_task_runner.py:91} INFO - Job 5: Subtask scala_job
[2024-08-02T03:09:58.927+0000] {task_command.py:426} INFO - Running <TaskInstance: sparking_flow.scala_job scheduled__2024-08-01T00:00:00+00:00 [running]> on host a40d08cbcf65
[2024-08-02T03:09:59.056+0000] {taskinstance.py:2648} INFO - Exporting env vars: AIRFLOW_CTX_DAG_OWNER='Yusuf Ganiyu' AIRFLOW_CTX_DAG_ID='sparking_flow' AIRFLOW_CTX_TASK_ID='scala_job' AIRFLOW_CTX_EXECUTION_DATE='2024-08-01T00:00:00+00:00' AIRFLOW_CTX_TRY_NUMBER='1' AIRFLOW_CTX_DAG_RUN_ID='scheduled__2024-08-01T00:00:00+00:00'
[2024-08-02T03:09:59.058+0000] {taskinstance.py:430} INFO - ::endgroup::
[2024-08-02T03:09:59.095+0000] {base.py:84} INFO - Using connection ID 'spark-conn' for task execution.
[2024-08-02T03:09:59.099+0000] {spark_submit.py:403} INFO - Spark-Submit cmd: spark-submit --master spark://spark-master:7077 --name arrow-spark --deploy-mode client jobs/scala/target/scala-2.12/word-count_2.12-0.1.jar
[2024-08-02T03:10:02.173+0000] {spark_submit.py:579} INFO - 24/08/02 03:10:02 WARN NativeCodeLoader: Unable to load native-hadoop library for your platform... using builtin-java classes where applicable
[2024-08-02T03:10:02.512+0000] {spark_submit.py:579} INFO - 24/08/02 03:10:02 INFO SparkContext: Running Spark version 3.5.1
[2024-08-02T03:10:02.513+0000] {spark_submit.py:579} INFO - 24/08/02 03:10:02 INFO SparkContext: OS info Linux, 5.15.133.1-microsoft-standard-WSL2, amd64
[2024-08-02T03:10:02.514+0000] {spark_submit.py:579} INFO - 24/08/02 03:10:02 INFO SparkContext: Java version 17.0.11
[2024-08-02T03:10:02.545+0000] {spark_submit.py:579} INFO - 24/08/02 03:10:02 INFO ResourceUtils: ==============================================================
[2024-08-02T03:10:02.545+0000] {spark_submit.py:579} INFO - 24/08/02 03:10:02 INFO ResourceUtils: No custom resources configured for spark.driver.
[2024-08-02T03:10:02.546+0000] {spark_submit.py:579} INFO - 24/08/02 03:10:02 INFO ResourceUtils: ==============================================================
[2024-08-02T03:10:02.546+0000] {spark_submit.py:579} INFO - 24/08/02 03:10:02 INFO SparkContext: Submitted application: Word Count
[2024-08-02T03:10:02.573+0000] {spark_submit.py:579} INFO - 24/08/02 03:10:02 INFO ResourceProfile: Default ResourceProfile created, executor resources: Map(memory -> name: memory, amount: 1024, script: , vendor: , offHeap -> name: offHeap, amount: 0, script: , vendor: ), task resources: Map(cpus -> name: cpus, amount: 1.0)
[2024-08-02T03:10:02.583+0000] {spark_submit.py:579} INFO - 24/08/02 03:10:02 INFO ResourceProfile: Limiting resource is cpu
[2024-08-02T03:10:02.584+0000] {spark_submit.py:579} INFO - 24/08/02 03:10:02 INFO ResourceProfileManager: Added ResourceProfile id: 0
[2024-08-02T03:10:02.640+0000] {spark_submit.py:579} INFO - 24/08/02 03:10:02 INFO SecurityManager: Changing view acls to: ***
[2024-08-02T03:10:02.641+0000] {spark_submit.py:579} INFO - 24/08/02 03:10:02 INFO SecurityManager: Changing modify acls to: ***
[2024-08-02T03:10:02.642+0000] {spark_submit.py:579} INFO - 24/08/02 03:10:02 INFO SecurityManager: Changing view acls groups to:
[2024-08-02T03:10:02.642+0000] {spark_submit.py:579} INFO - 24/08/02 03:10:02 INFO SecurityManager: Changing modify acls groups to:
[2024-08-02T03:10:02.643+0000] {spark_submit.py:579} INFO - 24/08/02 03:10:02 INFO SecurityManager: SecurityManager: authentication disabled; ui acls disabled; users with view permissions: ***; groups with view permissions: EMPTY; users with modify permissions: ***; groups with modify permissions: EMPTY
[2024-08-02T03:10:02.890+0000] {spark_submit.py:579} INFO - 24/08/02 03:10:02 INFO Utils: Successfully started service 'sparkDriver' on port 46703.
[2024-08-02T03:10:02.924+0000] {spark_submit.py:579} INFO - 24/08/02 03:10:02 INFO SparkEnv: Registering MapOutputTracker
[2024-08-02T03:10:02.992+0000] {spark_submit.py:579} INFO - 24/08/02 03:10:02 INFO SparkEnv: Registering BlockManagerMaster
[2024-08-02T03:10:03.030+0000] {spark_submit.py:579} INFO - 24/08/02 03:10:03 INFO BlockManagerMasterEndpoint: Using org.apache.spark.storage.DefaultTopologyMapper for getting topology information
[2024-08-02T03:10:03.031+0000] {spark_submit.py:579} INFO - 24/08/02 03:10:03 INFO BlockManagerMasterEndpoint: BlockManagerMasterEndpoint up
[2024-08-02T03:10:03.037+0000] {spark_submit.py:579} INFO - 24/08/02 03:10:03 INFO SparkEnv: Registering BlockManagerMasterHeartbeat
[2024-08-02T03:10:03.063+0000] {spark_submit.py:579} INFO - 24/08/02 03:10:03 INFO DiskBlockManager: Created local directory at /tmp/blockmgr-08674977-d4e4-449b-94f3-4403ea8a3bb4
[2024-08-02T03:10:03.102+0000] {spark_submit.py:579} INFO - 24/08/02 03:10:03 INFO MemoryStore: MemoryStore started with capacity 434.4 MiB
[2024-08-02T03:10:03.168+0000] {spark_submit.py:579} INFO - 24/08/02 03:10:03 INFO SparkEnv: Registering OutputCommitCoordinator
[2024-08-02T03:10:03.367+0000] {spark_submit.py:579} INFO - 24/08/02 03:10:03 INFO JettyUtils: Start Jetty 0.0.0.0:4040 for SparkUI
[2024-08-02T03:10:03.465+0000] {spark_submit.py:579} INFO - 24/08/02 03:10:03 WARN Utils: Service 'SparkUI' could not bind on port 4040. Attempting port 4041.
[2024-08-02T03:10:03.477+0000] {spark_submit.py:579} INFO - 24/08/02 03:10:03 INFO Utils: Successfully started service 'SparkUI' on port 4041.
[2024-08-02T03:10:03.540+0000] {spark_submit.py:579} INFO - 24/08/02 03:10:03 INFO SparkContext: Added JAR file:/opt/***/jobs/scala/target/scala-2.12/word-count_2.12-0.1.jar at spark://a40d08cbcf65:46703/jars/word-count_2.12-0.1.jar with timestamp 1722568202505
[2024-08-02T03:10:03.671+0000] {spark_submit.py:579} INFO - 24/08/02 03:10:03 INFO StandaloneAppClient$ClientEndpoint: Connecting to master spark://spark-master:7077...
[2024-08-02T03:10:03.738+0000] {spark_submit.py:579} INFO - 24/08/02 03:10:03 INFO TransportClientFactory: Successfully created connection to spark-master/172.19.0.3:7077 after 30 ms (0 ms spent in bootstraps)
[2024-08-02T03:10:03.995+0000] {spark_submit.py:579} INFO - 24/08/02 03:10:03 INFO StandaloneSchedulerBackend: Connected to Spark cluster with app ID app-20240802031003-0000
[2024-08-02T03:10:04.007+0000] {spark_submit.py:579} INFO - 24/08/02 03:10:04 INFO Utils: Successfully started service 'org.apache.spark.network.netty.NettyBlockTransferService' on port 41597.
[2024-08-02T03:10:04.008+0000] {spark_submit.py:579} INFO - 24/08/02 03:10:04 INFO NettyBlockTransferService: Server created on a40d08cbcf65:41597
[2024-08-02T03:10:04.011+0000] {spark_submit.py:579} INFO - 24/08/02 03:10:04 INFO BlockManager: Using org.apache.spark.storage.RandomBlockReplicationPolicy for block replication policy
[2024-08-02T03:10:04.019+0000] {spark_submit.py:579} INFO - 24/08/02 03:10:04 INFO BlockManagerMaster: Registering BlockManager BlockManagerId(driver, a40d08cbcf65, 41597, None)
[2024-08-02T03:10:04.025+0000] {spark_submit.py:579} INFO - 24/08/02 03:10:04 INFO BlockManagerMasterEndpoint: Registering block manager a40d08cbcf65:41597 with 434.4 MiB RAM, BlockManagerId(driver, a40d08cbcf65, 41597, None)
[2024-08-02T03:10:04.027+0000] {spark_submit.py:579} INFO - 24/08/02 03:10:04 INFO BlockManagerMaster: Registered BlockManager BlockManagerId(driver, a40d08cbcf65, 41597, None)
[2024-08-02T03:10:04.030+0000] {spark_submit.py:579} INFO - 24/08/02 03:10:04 INFO BlockManager: Initialized BlockManager: BlockManagerId(driver, a40d08cbcf65, 41597, None)
[2024-08-02T03:10:04.039+0000] {spark_submit.py:579} INFO - 24/08/02 03:10:04 INFO StandaloneAppClient$ClientEndpoint: Executor added: app-20240802031003-0000/0 on worker-20240802030811-172.19.0.4-34365 (172.19.0.4:34365) with 2 core(s)
[2024-08-02T03:10:04.042+0000] {spark_submit.py:579} INFO - 24/08/02 03:10:04 INFO StandaloneSchedulerBackend: Granted executor ID app-20240802031003-0000/0 on hostPort 172.19.0.4:34365 with 2 core(s), 1024.0 MiB RAM
[2024-08-02T03:10:04.318+0000] {spark_submit.py:579} INFO - 24/08/02 03:10:04 INFO StandaloneAppClient$ClientEndpoint: Executor updated: app-20240802031003-0000/0 is now RUNNING
[2024-08-02T03:10:04.388+0000] {spark_submit.py:579} INFO - 24/08/02 03:10:04 INFO StandaloneSchedulerBackend: SchedulerBackend is ready for scheduling beginning after reached minRegisteredResourcesRatio: 0.0
[2024-08-02T03:10:05.317+0000] {spark_submit.py:579} INFO - 24/08/02 03:10:05 INFO SparkContext: Starting job: collect at wordcount.scala:14
[2024-08-02T03:10:05.785+0000] {spark_submit.py:579} INFO - 24/08/02 03:10:05 INFO DAGScheduler: Registering RDD 2 (map at wordcount.scala:11) as input to shuffle 0
[2024-08-02T03:10:05.802+0000] {spark_submit.py:579} INFO - 24/08/02 03:10:05 INFO DAGScheduler: Got job 0 (collect at wordcount.scala:14) with 2 output partitions
[2024-08-02T03:10:05.803+0000] {spark_submit.py:579} INFO - 24/08/02 03:10:05 INFO DAGScheduler: Final stage: ResultStage 1 (collect at wordcount.scala:14)
[2024-08-02T03:10:05.804+0000] {spark_submit.py:579} INFO - 24/08/02 03:10:05 INFO DAGScheduler: Parents of final stage: List(ShuffleMapStage 0)
[2024-08-02T03:10:05.807+0000] {spark_submit.py:579} INFO - 24/08/02 03:10:05 INFO DAGScheduler: Missing parents: List(ShuffleMapStage 0)
[2024-08-02T03:10:05.813+0000] {spark_submit.py:579} INFO - 24/08/02 03:10:05 INFO DAGScheduler: Submitting ShuffleMapStage 0 (MapPartitionsRDD[2] at map at wordcount.scala:11), which has no missing parents
[2024-08-02T03:10:05.911+0000] {spark_submit.py:579} INFO - 24/08/02 03:10:05 INFO MemoryStore: Block broadcast_0 stored as values in memory (estimated size 5.5 KiB, free 434.4 MiB)
[2024-08-02T03:10:05.958+0000] {spark_submit.py:579} INFO - 24/08/02 03:10:05 INFO MemoryStore: Block broadcast_0_piece0 stored as bytes in memory (estimated size 3.2 KiB, free 434.4 MiB)
[2024-08-02T03:10:05.963+0000] {spark_submit.py:579} INFO - 24/08/02 03:10:05 INFO BlockManagerInfo: Added broadcast_0_piece0 in memory on a40d08cbcf65:41597 (size: 3.2 KiB, free: 434.4 MiB)
[2024-08-02T03:10:05.969+0000] {spark_submit.py:579} INFO - 24/08/02 03:10:05 INFO SparkContext: Created broadcast 0 from broadcast at DAGScheduler.scala:1585
[2024-08-02T03:10:05.999+0000] {spark_submit.py:579} INFO - 24/08/02 03:10:05 INFO DAGScheduler: Submitting 2 missing tasks from ShuffleMapStage 0 (MapPartitionsRDD[2] at map at wordcount.scala:11) (first 15 tasks are for partitions Vector(0, 1))
[2024-08-02T03:10:06.001+0000] {spark_submit.py:579} INFO - 24/08/02 03:10:06 INFO TaskSchedulerImpl: Adding task set 0.0 with 2 tasks resource profile 0
[2024-08-02T03:10:08.070+0000] {spark_submit.py:579} INFO - 24/08/02 03:10:08 INFO StandaloneSchedulerBackend$StandaloneDriverEndpoint: Registered executor NettyRpcEndpointRef(spark-client://Executor) (172.19.0.4:39788) with ID 0,  ResourceProfileId 0
[2024-08-02T03:10:08.159+0000] {spark_submit.py:579} INFO - 24/08/02 03:10:08 INFO BlockManagerMasterEndpoint: Registering block manager 172.19.0.4:40669 with 434.4 MiB RAM, BlockManagerId(0, 172.19.0.4, 40669, None)
[2024-08-02T03:10:08.272+0000] {spark_submit.py:579} INFO - 24/08/02 03:10:08 INFO TaskSetManager: Starting task 0.0 in stage 0.0 (TID 0) (172.19.0.4, executor 0, partition 0, PROCESS_LOCAL, 7814 bytes)
[2024-08-02T03:10:08.276+0000] {spark_submit.py:579} INFO - 24/08/02 03:10:08 INFO TaskSetManager: Starting task 1.0 in stage 0.0 (TID 1) (172.19.0.4, executor 0, partition 1, PROCESS_LOCAL, 7829 bytes)
[2024-08-02T03:10:08.517+0000] {spark_submit.py:579} INFO - 24/08/02 03:10:08 INFO BlockManagerInfo: Added broadcast_0_piece0 in memory on 172.19.0.4:40669 (size: 3.2 KiB, free: 434.4 MiB)
[2024-08-02T03:10:09.144+0000] {spark_submit.py:579} INFO - 24/08/02 03:10:09 INFO TaskSetManager: Finished task 0.0 in stage 0.0 (TID 0) in 883 ms on 172.19.0.4 (executor 0) (1/2)
[2024-08-02T03:10:09.145+0000] {spark_submit.py:579} INFO - 24/08/02 03:10:09 INFO TaskSetManager: Finished task 1.0 in stage 0.0 (TID 1) in 870 ms on 172.19.0.4 (executor 0) (2/2)
[2024-08-02T03:10:09.146+0000] {spark_submit.py:579} INFO - 24/08/02 03:10:09 INFO TaskSchedulerImpl: Removed TaskSet 0.0, whose tasks have all completed, from pool
[2024-08-02T03:10:09.161+0000] {spark_submit.py:579} INFO - 24/08/02 03:10:09 INFO DAGScheduler: ShuffleMapStage 0 (map at wordcount.scala:11) finished in 3.320 s
[2024-08-02T03:10:09.162+0000] {spark_submit.py:579} INFO - 24/08/02 03:10:09 INFO DAGScheduler: looking for newly runnable stages
[2024-08-02T03:10:09.162+0000] {spark_submit.py:579} INFO - 24/08/02 03:10:09 INFO DAGScheduler: running: Set()
[2024-08-02T03:10:09.163+0000] {spark_submit.py:579} INFO - 24/08/02 03:10:09 INFO DAGScheduler: waiting: Set(ResultStage 1)
[2024-08-02T03:10:09.163+0000] {spark_submit.py:579} INFO - 24/08/02 03:10:09 INFO DAGScheduler: failed: Set()
[2024-08-02T03:10:09.167+0000] {spark_submit.py:579} INFO - 24/08/02 03:10:09 INFO DAGScheduler: Submitting ResultStage 1 (ShuffledRDD[3] at reduceByKey at wordcount.scala:12), which has no missing parents
[2024-08-02T03:10:09.177+0000] {spark_submit.py:579} INFO - 24/08/02 03:10:09 INFO MemoryStore: Block broadcast_1 stored as values in memory (estimated size 5.2 KiB, free 434.4 MiB)
[2024-08-02T03:10:09.179+0000] {spark_submit.py:579} INFO - 24/08/02 03:10:09 INFO MemoryStore: Block broadcast_1_piece0 stored as bytes in memory (estimated size 3.1 KiB, free 434.4 MiB)
[2024-08-02T03:10:09.179+0000] {spark_submit.py:579} INFO - 24/08/02 03:10:09 INFO BlockManagerInfo: Added broadcast_1_piece0 in memory on a40d08cbcf65:41597 (size: 3.1 KiB, free: 434.4 MiB)
[2024-08-02T03:10:09.180+0000] {spark_submit.py:579} INFO - 24/08/02 03:10:09 INFO SparkContext: Created broadcast 1 from broadcast at DAGScheduler.scala:1585
[2024-08-02T03:10:09.182+0000] {spark_submit.py:579} INFO - 24/08/02 03:10:09 INFO DAGScheduler: Submitting 2 missing tasks from ResultStage 1 (ShuffledRDD[3] at reduceByKey at wordcount.scala:12) (first 15 tasks are for partitions Vector(0, 1))
[2024-08-02T03:10:09.183+0000] {spark_submit.py:579} INFO - 24/08/02 03:10:09 INFO TaskSchedulerImpl: Adding task set 1.0 with 2 tasks resource profile 0
[2024-08-02T03:10:09.190+0000] {spark_submit.py:579} INFO - 24/08/02 03:10:09 INFO TaskSetManager: Starting task 0.0 in stage 1.0 (TID 2) (172.19.0.4, executor 0, partition 0, NODE_LOCAL, 7619 bytes)
[2024-08-02T03:10:09.191+0000] {spark_submit.py:579} INFO - 24/08/02 03:10:09 INFO TaskSetManager: Starting task 1.0 in stage 1.0 (TID 3) (172.19.0.4, executor 0, partition 1, NODE_LOCAL, 7619 bytes)
[2024-08-02T03:10:09.217+0000] {spark_submit.py:579} INFO - 24/08/02 03:10:09 INFO BlockManagerInfo: Added broadcast_1_piece0 in memory on 172.19.0.4:40669 (size: 3.1 KiB, free: 434.4 MiB)
[2024-08-02T03:10:09.290+0000] {spark_submit.py:579} INFO - 24/08/02 03:10:09 INFO MapOutputTrackerMasterEndpoint: Asked to send map output locations for shuffle 0 to 172.19.0.4:39788
[2024-08-02T03:10:09.421+0000] {spark_submit.py:579} INFO - 24/08/02 03:10:09 INFO TaskSetManager: Finished task 1.0 in stage 1.0 (TID 3) in 230 ms on 172.19.0.4 (executor 0) (1/2)
[2024-08-02T03:10:09.422+0000] {spark_submit.py:579} INFO - 24/08/02 03:10:09 INFO TaskSetManager: Finished task 0.0 in stage 1.0 (TID 2) in 234 ms on 172.19.0.4 (executor 0) (2/2)
[2024-08-02T03:10:09.422+0000] {spark_submit.py:579} INFO - 24/08/02 03:10:09 INFO TaskSchedulerImpl: Removed TaskSet 1.0, whose tasks have all completed, from pool
[2024-08-02T03:10:09.425+0000] {spark_submit.py:579} INFO - 24/08/02 03:10:09 INFO DAGScheduler: ResultStage 1 (collect at wordcount.scala:14) finished in 0.249 s
[2024-08-02T03:10:09.429+0000] {spark_submit.py:579} INFO - 24/08/02 03:10:09 INFO DAGScheduler: Job 0 is finished. Cancelling potential speculative or zombie tasks for this job
[2024-08-02T03:10:09.430+0000] {spark_submit.py:579} INFO - 24/08/02 03:10:09 INFO TaskSchedulerImpl: Killing all running tasks in stage 1: Stage finished
[2024-08-02T03:10:09.432+0000] {spark_submit.py:579} INFO - 24/08/02 03:10:09 INFO DAGScheduler: Job 0 finished: collect at wordcount.scala:14, took 4.114404 s
[2024-08-02T03:10:09.436+0000] {spark_submit.py:579} INFO - (Hello,5)
[2024-08-02T03:10:09.437+0000] {spark_submit.py:579} INFO - (Yusuf,1)
[2024-08-02T03:10:09.438+0000] {spark_submit.py:579} INFO - (World,1)
[2024-08-02T03:10:09.439+0000] {spark_submit.py:579} INFO - (Scala,1)
[2024-08-02T03:10:09.439+0000] {spark_submit.py:579} INFO - (Docker,1)
[2024-08-02T03:10:09.440+0000] {spark_submit.py:579} INFO - (spark,1)
[2024-08-02T03:10:09.440+0000] {spark_submit.py:579} INFO - 24/08/02 03:10:09 INFO SparkContext: SparkContext is stopping with exitCode 0.
[2024-08-02T03:10:09.449+0000] {spark_submit.py:579} INFO - 24/08/02 03:10:09 INFO SparkUI: Stopped Spark web UI at http://a40d08cbcf65:4041
[2024-08-02T03:10:09.452+0000] {spark_submit.py:579} INFO - 24/08/02 03:10:09 INFO StandaloneSchedulerBackend: Shutting down all executors
[2024-08-02T03:10:09.453+0000] {spark_submit.py:579} INFO - 24/08/02 03:10:09 INFO StandaloneSchedulerBackend$StandaloneDriverEndpoint: Asking each executor to shut down
[2024-08-02T03:10:09.471+0000] {spark_submit.py:579} INFO - 24/08/02 03:10:09 INFO MapOutputTrackerMasterEndpoint: MapOutputTrackerMasterEndpoint stopped!
[2024-08-02T03:10:09.489+0000] {spark_submit.py:579} INFO - 24/08/02 03:10:09 INFO MemoryStore: MemoryStore cleared
[2024-08-02T03:10:09.492+0000] {spark_submit.py:579} INFO - 24/08/02 03:10:09 INFO BlockManager: BlockManager stopped
[2024-08-02T03:10:09.498+0000] {spark_submit.py:579} INFO - 24/08/02 03:10:09 INFO BlockManagerMaster: BlockManagerMaster stopped
[2024-08-02T03:10:09.502+0000] {spark_submit.py:579} INFO - 24/08/02 03:10:09 INFO OutputCommitCoordinator$OutputCommitCoordinatorEndpoint: OutputCommitCoordinator stopped!
[2024-08-02T03:10:09.516+0000] {spark_submit.py:579} INFO - 24/08/02 03:10:09 INFO SparkContext: Successfully stopped SparkContext
[2024-08-02T03:10:09.519+0000] {spark_submit.py:579} INFO - 24/08/02 03:10:09 INFO ShutdownHookManager: Shutdown hook called
[2024-08-02T03:10:09.520+0000] {spark_submit.py:579} INFO - 24/08/02 03:10:09 INFO ShutdownHookManager: Deleting directory /tmp/spark-83abe290-6174-4075-959a-e4ff370a34ba
[2024-08-02T03:10:09.529+0000] {spark_submit.py:579} INFO - 24/08/02 03:10:09 INFO ShutdownHookManager: Deleting directory /tmp/spark-ea1af0dd-8a2a-4fd9-b532-77b749bb4f16
[2024-08-02T03:10:09.597+0000] {taskinstance.py:441} INFO - ::group::Post task execution logs
[2024-08-02T03:10:09.615+0000] {taskinstance.py:1206} INFO - Marking task as SUCCESS. dag_id=sparking_flow, task_id=scala_job, run_id=scheduled__2024-08-01T00:00:00+00:00, execution_date=20240801T000000, start_date=20240802T030958, end_date=20240802T031009
[2024-08-02T03:10:09.670+0000] {local_task_job_runner.py:243} INFO - Task exited with return code 0
[2024-08-02T03:10:09.703+0000] {taskinstance.py:3503} INFO - 0 downstream tasks scheduled from follow-on schedule check
[2024-08-02T03:10:09.706+0000] {local_task_job_runner.py:222} INFO - ::endgroup::
[2024-08-02T03:25:51.456+0000] {local_task_job_runner.py:120} INFO - ::group::Pre task execution logs
[2024-08-02T03:25:51.510+0000] {taskinstance.py:2076} INFO - Dependencies all met for dep_context=non-requeueable deps ti=<TaskInstance: sparking_flow.scala_job scheduled__2024-08-01T00:00:00+00:00 [queued]>
[2024-08-02T03:25:51.520+0000] {taskinstance.py:2076} INFO - Dependencies all met for dep_context=requeueable deps ti=<TaskInstance: sparking_flow.scala_job scheduled__2024-08-01T00:00:00+00:00 [queued]>
[2024-08-02T03:25:51.521+0000] {taskinstance.py:2306} INFO - Starting attempt 1 of 1
[2024-08-02T03:25:51.543+0000] {taskinstance.py:2330} INFO - Executing <Task(SparkSubmitOperator): scala_job> on 2024-08-01 00:00:00+00:00
[2024-08-02T03:25:51.552+0000] {standard_task_runner.py:64} INFO - Started process 220 to run task
[2024-08-02T03:25:51.554+0000] {standard_task_runner.py:90} INFO - Running: ['***', 'tasks', 'run', 'sparking_flow', 'scala_job', 'scheduled__2024-08-01T00:00:00+00:00', '--job-id', '5', '--raw', '--subdir', 'DAGS_FOLDER/spark_***.py', '--cfg-path', '/tmp/tmpiq2f09z5']
[2024-08-02T03:25:51.561+0000] {standard_task_runner.py:91} INFO - Job 5: Subtask scala_job
[2024-08-02T03:25:51.633+0000] {task_command.py:426} INFO - Running <TaskInstance: sparking_flow.scala_job scheduled__2024-08-01T00:00:00+00:00 [running]> on host 6ca033ce2ef0
[2024-08-02T03:25:51.752+0000] {taskinstance.py:2648} INFO - Exporting env vars: AIRFLOW_CTX_DAG_OWNER='Yusuf Ganiyu' AIRFLOW_CTX_DAG_ID='sparking_flow' AIRFLOW_CTX_TASK_ID='scala_job' AIRFLOW_CTX_EXECUTION_DATE='2024-08-01T00:00:00+00:00' AIRFLOW_CTX_TRY_NUMBER='1' AIRFLOW_CTX_DAG_RUN_ID='scheduled__2024-08-01T00:00:00+00:00'
[2024-08-02T03:25:51.754+0000] {taskinstance.py:430} INFO - ::endgroup::
[2024-08-02T03:25:51.788+0000] {base.py:84} INFO - Using connection ID 'spark-conn' for task execution.
[2024-08-02T03:25:51.789+0000] {spark_submit.py:403} INFO - Spark-Submit cmd: spark-submit --master spark://spark-master:7077 --name arrow-spark --deploy-mode client jobs/scala/target/scala-2.12/word-count_2.12-0.1.jar
[2024-08-02T03:25:54.889+0000] {spark_submit.py:579} INFO - 24/08/02 03:25:54 WARN NativeCodeLoader: Unable to load native-hadoop library for your platform... using builtin-java classes where applicable
[2024-08-02T03:25:55.250+0000] {spark_submit.py:579} INFO - 24/08/02 03:25:55 INFO SparkContext: Running Spark version 3.5.1
[2024-08-02T03:25:55.251+0000] {spark_submit.py:579} INFO - 24/08/02 03:25:55 INFO SparkContext: OS info Linux, 5.15.133.1-microsoft-standard-WSL2, amd64
[2024-08-02T03:25:55.252+0000] {spark_submit.py:579} INFO - 24/08/02 03:25:55 INFO SparkContext: Java version 17.0.11
[2024-08-02T03:25:55.288+0000] {spark_submit.py:579} INFO - 24/08/02 03:25:55 INFO ResourceUtils: ==============================================================
[2024-08-02T03:25:55.289+0000] {spark_submit.py:579} INFO - 24/08/02 03:25:55 INFO ResourceUtils: No custom resources configured for spark.driver.
[2024-08-02T03:25:55.290+0000] {spark_submit.py:579} INFO - 24/08/02 03:25:55 INFO ResourceUtils: ==============================================================
[2024-08-02T03:25:55.291+0000] {spark_submit.py:579} INFO - 24/08/02 03:25:55 INFO SparkContext: Submitted application: Word Count
[2024-08-02T03:25:55.316+0000] {spark_submit.py:579} INFO - 24/08/02 03:25:55 INFO ResourceProfile: Default ResourceProfile created, executor resources: Map(memory -> name: memory, amount: 1024, script: , vendor: , offHeap -> name: offHeap, amount: 0, script: , vendor: ), task resources: Map(cpus -> name: cpus, amount: 1.0)
[2024-08-02T03:25:55.328+0000] {spark_submit.py:579} INFO - 24/08/02 03:25:55 INFO ResourceProfile: Limiting resource is cpu
[2024-08-02T03:25:55.329+0000] {spark_submit.py:579} INFO - 24/08/02 03:25:55 INFO ResourceProfileManager: Added ResourceProfile id: 0
[2024-08-02T03:25:55.401+0000] {spark_submit.py:579} INFO - 24/08/02 03:25:55 INFO SecurityManager: Changing view acls to: ***
[2024-08-02T03:25:55.403+0000] {spark_submit.py:579} INFO - 24/08/02 03:25:55 INFO SecurityManager: Changing modify acls to: ***
[2024-08-02T03:25:55.403+0000] {spark_submit.py:579} INFO - 24/08/02 03:25:55 INFO SecurityManager: Changing view acls groups to:
[2024-08-02T03:25:55.404+0000] {spark_submit.py:579} INFO - 24/08/02 03:25:55 INFO SecurityManager: Changing modify acls groups to:
[2024-08-02T03:25:55.404+0000] {spark_submit.py:579} INFO - 24/08/02 03:25:55 INFO SecurityManager: SecurityManager: authentication disabled; ui acls disabled; users with view permissions: ***; groups with view permissions: EMPTY; users with modify permissions: ***; groups with modify permissions: EMPTY
[2024-08-02T03:25:55.799+0000] {spark_submit.py:579} INFO - 24/08/02 03:25:55 INFO Utils: Successfully started service 'sparkDriver' on port 36363.
[2024-08-02T03:25:55.848+0000] {spark_submit.py:579} INFO - 24/08/02 03:25:55 INFO SparkEnv: Registering MapOutputTracker
[2024-08-02T03:25:55.902+0000] {spark_submit.py:579} INFO - 24/08/02 03:25:55 INFO SparkEnv: Registering BlockManagerMaster
[2024-08-02T03:25:55.927+0000] {spark_submit.py:579} INFO - 24/08/02 03:25:55 INFO BlockManagerMasterEndpoint: Using org.apache.spark.storage.DefaultTopologyMapper for getting topology information
[2024-08-02T03:25:55.928+0000] {spark_submit.py:579} INFO - 24/08/02 03:25:55 INFO BlockManagerMasterEndpoint: BlockManagerMasterEndpoint up
[2024-08-02T03:25:55.933+0000] {spark_submit.py:579} INFO - 24/08/02 03:25:55 INFO SparkEnv: Registering BlockManagerMasterHeartbeat
[2024-08-02T03:25:55.958+0000] {spark_submit.py:579} INFO - 24/08/02 03:25:55 INFO DiskBlockManager: Created local directory at /tmp/blockmgr-36793e95-d69d-4822-a56a-6b84c19b0b2f
[2024-08-02T03:25:55.976+0000] {spark_submit.py:579} INFO - 24/08/02 03:25:55 INFO MemoryStore: MemoryStore started with capacity 434.4 MiB
[2024-08-02T03:25:56.001+0000] {spark_submit.py:579} INFO - 24/08/02 03:25:56 INFO SparkEnv: Registering OutputCommitCoordinator
[2024-08-02T03:25:56.187+0000] {spark_submit.py:579} INFO - 24/08/02 03:25:56 INFO JettyUtils: Start Jetty 0.0.0.0:4040 for SparkUI
[2024-08-02T03:25:56.263+0000] {spark_submit.py:579} INFO - 24/08/02 03:25:56 WARN Utils: Service 'SparkUI' could not bind on port 4040. Attempting port 4041.
[2024-08-02T03:25:56.275+0000] {spark_submit.py:579} INFO - 24/08/02 03:25:56 INFO Utils: Successfully started service 'SparkUI' on port 4041.
[2024-08-02T03:25:56.322+0000] {spark_submit.py:579} INFO - 24/08/02 03:25:56 INFO SparkContext: Added JAR file:/opt/***/jobs/scala/target/scala-2.12/word-count_2.12-0.1.jar at spark://6ca033ce2ef0:36363/jars/word-count_2.12-0.1.jar with timestamp 1722569155237
[2024-08-02T03:25:56.448+0000] {spark_submit.py:579} INFO - 24/08/02 03:25:56 INFO StandaloneAppClient$ClientEndpoint: Connecting to master spark://spark-master:7077...
[2024-08-02T03:25:56.512+0000] {spark_submit.py:579} INFO - 24/08/02 03:25:56 INFO TransportClientFactory: Successfully created connection to spark-master/172.20.0.3:7077 after 35 ms (0 ms spent in bootstraps)
[2024-08-02T03:25:56.785+0000] {spark_submit.py:579} INFO - 24/08/02 03:25:56 INFO StandaloneSchedulerBackend: Connected to Spark cluster with app ID app-20240802032556-0000
[2024-08-02T03:25:56.798+0000] {spark_submit.py:579} INFO - 24/08/02 03:25:56 INFO Utils: Successfully started service 'org.apache.spark.network.netty.NettyBlockTransferService' on port 46173.
[2024-08-02T03:25:56.799+0000] {spark_submit.py:579} INFO - 24/08/02 03:25:56 INFO NettyBlockTransferService: Server created on 6ca033ce2ef0:46173
[2024-08-02T03:25:56.801+0000] {spark_submit.py:579} INFO - 24/08/02 03:25:56 INFO BlockManager: Using org.apache.spark.storage.RandomBlockReplicationPolicy for block replication policy
[2024-08-02T03:25:56.812+0000] {spark_submit.py:579} INFO - 24/08/02 03:25:56 INFO BlockManagerMaster: Registering BlockManager BlockManagerId(driver, 6ca033ce2ef0, 46173, None)
[2024-08-02T03:25:56.816+0000] {spark_submit.py:579} INFO - 24/08/02 03:25:56 INFO BlockManagerMasterEndpoint: Registering block manager 6ca033ce2ef0:46173 with 434.4 MiB RAM, BlockManagerId(driver, 6ca033ce2ef0, 46173, None)
[2024-08-02T03:25:56.820+0000] {spark_submit.py:579} INFO - 24/08/02 03:25:56 INFO BlockManagerMaster: Registered BlockManager BlockManagerId(driver, 6ca033ce2ef0, 46173, None)
[2024-08-02T03:25:56.823+0000] {spark_submit.py:579} INFO - 24/08/02 03:25:56 INFO BlockManager: Initialized BlockManager: BlockManagerId(driver, 6ca033ce2ef0, 46173, None)
[2024-08-02T03:25:56.825+0000] {spark_submit.py:579} INFO - 24/08/02 03:25:56 INFO StandaloneAppClient$ClientEndpoint: Executor added: app-20240802032556-0000/0 on worker-20240802032324-172.20.0.5-44587 (172.20.0.5:44587) with 2 core(s)
[2024-08-02T03:25:56.828+0000] {spark_submit.py:579} INFO - 24/08/02 03:25:56 INFO StandaloneSchedulerBackend: Granted executor ID app-20240802032556-0000/0 on hostPort 172.20.0.5:44587 with 2 core(s), 1024.0 MiB RAM
[2024-08-02T03:25:57.121+0000] {spark_submit.py:579} INFO - 24/08/02 03:25:57 INFO StandaloneAppClient$ClientEndpoint: Executor updated: app-20240802032556-0000/0 is now RUNNING
[2024-08-02T03:25:57.220+0000] {spark_submit.py:579} INFO - 24/08/02 03:25:57 INFO StandaloneSchedulerBackend: SchedulerBackend is ready for scheduling beginning after reached minRegisteredResourcesRatio: 0.0
[2024-08-02T03:25:57.931+0000] {spark_submit.py:579} INFO - 24/08/02 03:25:57 INFO SparkContext: Starting job: collect at wordcount.scala:14
[2024-08-02T03:25:58.438+0000] {spark_submit.py:579} INFO - 24/08/02 03:25:58 INFO DAGScheduler: Registering RDD 2 (map at wordcount.scala:11) as input to shuffle 0
[2024-08-02T03:25:58.454+0000] {spark_submit.py:579} INFO - 24/08/02 03:25:58 INFO DAGScheduler: Got job 0 (collect at wordcount.scala:14) with 2 output partitions
[2024-08-02T03:25:58.455+0000] {spark_submit.py:579} INFO - 24/08/02 03:25:58 INFO DAGScheduler: Final stage: ResultStage 1 (collect at wordcount.scala:14)
[2024-08-02T03:25:58.457+0000] {spark_submit.py:579} INFO - 24/08/02 03:25:58 INFO DAGScheduler: Parents of final stage: List(ShuffleMapStage 0)
[2024-08-02T03:25:58.460+0000] {spark_submit.py:579} INFO - 24/08/02 03:25:58 INFO DAGScheduler: Missing parents: List(ShuffleMapStage 0)
[2024-08-02T03:25:58.466+0000] {spark_submit.py:579} INFO - 24/08/02 03:25:58 INFO DAGScheduler: Submitting ShuffleMapStage 0 (MapPartitionsRDD[2] at map at wordcount.scala:11), which has no missing parents
[2024-08-02T03:25:58.557+0000] {spark_submit.py:579} INFO - 24/08/02 03:25:58 INFO MemoryStore: Block broadcast_0 stored as values in memory (estimated size 5.5 KiB, free 434.4 MiB)
[2024-08-02T03:25:58.594+0000] {spark_submit.py:579} INFO - 24/08/02 03:25:58 INFO MemoryStore: Block broadcast_0_piece0 stored as bytes in memory (estimated size 3.2 KiB, free 434.4 MiB)
[2024-08-02T03:25:58.599+0000] {spark_submit.py:579} INFO - 24/08/02 03:25:58 INFO BlockManagerInfo: Added broadcast_0_piece0 in memory on 6ca033ce2ef0:46173 (size: 3.2 KiB, free: 434.4 MiB)
[2024-08-02T03:25:58.605+0000] {spark_submit.py:579} INFO - 24/08/02 03:25:58 INFO SparkContext: Created broadcast 0 from broadcast at DAGScheduler.scala:1585
[2024-08-02T03:25:58.630+0000] {spark_submit.py:579} INFO - 24/08/02 03:25:58 INFO DAGScheduler: Submitting 2 missing tasks from ShuffleMapStage 0 (MapPartitionsRDD[2] at map at wordcount.scala:11) (first 15 tasks are for partitions Vector(0, 1))
[2024-08-02T03:25:58.632+0000] {spark_submit.py:579} INFO - 24/08/02 03:25:58 INFO TaskSchedulerImpl: Adding task set 0.0 with 2 tasks resource profile 0
[2024-08-02T03:26:00.557+0000] {spark_submit.py:579} INFO - 24/08/02 03:26:00 INFO StandaloneSchedulerBackend$StandaloneDriverEndpoint: Registered executor NettyRpcEndpointRef(spark-client://Executor) (172.20.0.5:49622) with ID 0,  ResourceProfileId 0
[2024-08-02T03:26:00.618+0000] {spark_submit.py:579} INFO - 24/08/02 03:26:00 INFO BlockManagerMasterEndpoint: Registering block manager 172.20.0.5:41445 with 434.4 MiB RAM, BlockManagerId(0, 172.20.0.5, 41445, None)
[2024-08-02T03:26:00.726+0000] {spark_submit.py:579} INFO - 24/08/02 03:26:00 INFO TaskSetManager: Starting task 0.0 in stage 0.0 (TID 0) (172.20.0.5, executor 0, partition 0, PROCESS_LOCAL, 7814 bytes)
[2024-08-02T03:26:00.729+0000] {spark_submit.py:579} INFO - 24/08/02 03:26:00 INFO TaskSetManager: Starting task 1.0 in stage 0.0 (TID 1) (172.20.0.5, executor 0, partition 1, PROCESS_LOCAL, 7829 bytes)
[2024-08-02T03:26:00.960+0000] {spark_submit.py:579} INFO - 24/08/02 03:26:00 INFO BlockManagerInfo: Added broadcast_0_piece0 in memory on 172.20.0.5:41445 (size: 3.2 KiB, free: 434.4 MiB)
[2024-08-02T03:26:01.575+0000] {spark_submit.py:579} INFO - 24/08/02 03:26:01 INFO TaskSetManager: Finished task 0.0 in stage 0.0 (TID 0) in 861 ms on 172.20.0.5 (executor 0) (1/2)
[2024-08-02T03:26:01.576+0000] {spark_submit.py:579} INFO - 24/08/02 03:26:01 INFO TaskSetManager: Finished task 1.0 in stage 0.0 (TID 1) in 847 ms on 172.20.0.5 (executor 0) (2/2)
[2024-08-02T03:26:01.577+0000] {spark_submit.py:579} INFO - 24/08/02 03:26:01 INFO TaskSchedulerImpl: Removed TaskSet 0.0, whose tasks have all completed, from pool
[2024-08-02T03:26:01.593+0000] {spark_submit.py:579} INFO - 24/08/02 03:26:01 INFO DAGScheduler: ShuffleMapStage 0 (map at wordcount.scala:11) finished in 3.102 s
[2024-08-02T03:26:01.594+0000] {spark_submit.py:579} INFO - 24/08/02 03:26:01 INFO DAGScheduler: looking for newly runnable stages
[2024-08-02T03:26:01.595+0000] {spark_submit.py:579} INFO - 24/08/02 03:26:01 INFO DAGScheduler: running: Set()
[2024-08-02T03:26:01.595+0000] {spark_submit.py:579} INFO - 24/08/02 03:26:01 INFO DAGScheduler: waiting: Set(ResultStage 1)
[2024-08-02T03:26:01.596+0000] {spark_submit.py:579} INFO - 24/08/02 03:26:01 INFO DAGScheduler: failed: Set()
[2024-08-02T03:26:01.599+0000] {spark_submit.py:579} INFO - 24/08/02 03:26:01 INFO DAGScheduler: Submitting ResultStage 1 (ShuffledRDD[3] at reduceByKey at wordcount.scala:12), which has no missing parents
[2024-08-02T03:26:01.613+0000] {spark_submit.py:579} INFO - 24/08/02 03:26:01 INFO MemoryStore: Block broadcast_1 stored as values in memory (estimated size 5.2 KiB, free 434.4 MiB)
[2024-08-02T03:26:01.625+0000] {spark_submit.py:579} INFO - 24/08/02 03:26:01 INFO MemoryStore: Block broadcast_1_piece0 stored as bytes in memory (estimated size 3.1 KiB, free 434.4 MiB)
[2024-08-02T03:26:01.625+0000] {spark_submit.py:579} INFO - 24/08/02 03:26:01 INFO BlockManagerInfo: Added broadcast_1_piece0 in memory on 6ca033ce2ef0:46173 (size: 3.1 KiB, free: 434.4 MiB)
[2024-08-02T03:26:01.627+0000] {spark_submit.py:579} INFO - 24/08/02 03:26:01 INFO SparkContext: Created broadcast 1 from broadcast at DAGScheduler.scala:1585
[2024-08-02T03:26:01.629+0000] {spark_submit.py:579} INFO - 24/08/02 03:26:01 INFO DAGScheduler: Submitting 2 missing tasks from ResultStage 1 (ShuffledRDD[3] at reduceByKey at wordcount.scala:12) (first 15 tasks are for partitions Vector(0, 1))
[2024-08-02T03:26:01.630+0000] {spark_submit.py:579} INFO - 24/08/02 03:26:01 INFO TaskSchedulerImpl: Adding task set 1.0 with 2 tasks resource profile 0
[2024-08-02T03:26:01.638+0000] {spark_submit.py:579} INFO - 24/08/02 03:26:01 INFO TaskSetManager: Starting task 0.0 in stage 1.0 (TID 2) (172.20.0.5, executor 0, partition 0, NODE_LOCAL, 7619 bytes)
[2024-08-02T03:26:01.640+0000] {spark_submit.py:579} INFO - 24/08/02 03:26:01 INFO TaskSetManager: Starting task 1.0 in stage 1.0 (TID 3) (172.20.0.5, executor 0, partition 1, NODE_LOCAL, 7619 bytes)
[2024-08-02T03:26:01.672+0000] {spark_submit.py:579} INFO - 24/08/02 03:26:01 INFO BlockManagerInfo: Added broadcast_1_piece0 in memory on 172.20.0.5:41445 (size: 3.1 KiB, free: 434.4 MiB)
[2024-08-02T03:26:01.738+0000] {spark_submit.py:579} INFO - 24/08/02 03:26:01 INFO MapOutputTrackerMasterEndpoint: Asked to send map output locations for shuffle 0 to 172.20.0.5:49622
[2024-08-02T03:26:01.867+0000] {spark_submit.py:579} INFO - 24/08/02 03:26:01 INFO TaskSetManager: Finished task 0.0 in stage 1.0 (TID 2) in 233 ms on 172.20.0.5 (executor 0) (1/2)
[2024-08-02T03:26:01.868+0000] {spark_submit.py:579} INFO - 24/08/02 03:26:01 INFO TaskSetManager: Finished task 1.0 in stage 1.0 (TID 3) in 230 ms on 172.20.0.5 (executor 0) (2/2)
[2024-08-02T03:26:01.869+0000] {spark_submit.py:579} INFO - 24/08/02 03:26:01 INFO TaskSchedulerImpl: Removed TaskSet 1.0, whose tasks have all completed, from pool
[2024-08-02T03:26:01.871+0000] {spark_submit.py:579} INFO - 24/08/02 03:26:01 INFO DAGScheduler: ResultStage 1 (collect at wordcount.scala:14) finished in 0.261 s
[2024-08-02T03:26:01.875+0000] {spark_submit.py:579} INFO - 24/08/02 03:26:01 INFO DAGScheduler: Job 0 is finished. Cancelling potential speculative or zombie tasks for this job
[2024-08-02T03:26:01.875+0000] {spark_submit.py:579} INFO - 24/08/02 03:26:01 INFO TaskSchedulerImpl: Killing all running tasks in stage 1: Stage finished
[2024-08-02T03:26:01.877+0000] {spark_submit.py:579} INFO - 24/08/02 03:26:01 INFO DAGScheduler: Job 0 finished: collect at wordcount.scala:14, took 3.944239 s
[2024-08-02T03:26:01.882+0000] {spark_submit.py:579} INFO - (Hello,5)
[2024-08-02T03:26:01.883+0000] {spark_submit.py:579} INFO - (Yusuf,1)
[2024-08-02T03:26:01.883+0000] {spark_submit.py:579} INFO - (World,1)
[2024-08-02T03:26:01.884+0000] {spark_submit.py:579} INFO - (Scala,1)
[2024-08-02T03:26:01.884+0000] {spark_submit.py:579} INFO - (Docker,1)
[2024-08-02T03:26:01.884+0000] {spark_submit.py:579} INFO - (spark,1)
[2024-08-02T03:26:01.885+0000] {spark_submit.py:579} INFO - 24/08/02 03:26:01 INFO SparkContext: SparkContext is stopping with exitCode 0.
[2024-08-02T03:26:01.895+0000] {spark_submit.py:579} INFO - 24/08/02 03:26:01 INFO SparkUI: Stopped Spark web UI at http://6ca033ce2ef0:4041
[2024-08-02T03:26:01.900+0000] {spark_submit.py:579} INFO - 24/08/02 03:26:01 INFO StandaloneSchedulerBackend: Shutting down all executors
[2024-08-02T03:26:01.901+0000] {spark_submit.py:579} INFO - 24/08/02 03:26:01 INFO StandaloneSchedulerBackend$StandaloneDriverEndpoint: Asking each executor to shut down
[2024-08-02T03:26:01.919+0000] {spark_submit.py:579} INFO - 24/08/02 03:26:01 INFO MapOutputTrackerMasterEndpoint: MapOutputTrackerMasterEndpoint stopped!
[2024-08-02T03:26:01.942+0000] {spark_submit.py:579} INFO - 24/08/02 03:26:01 INFO MemoryStore: MemoryStore cleared
[2024-08-02T03:26:01.943+0000] {spark_submit.py:579} INFO - 24/08/02 03:26:01 INFO BlockManager: BlockManager stopped
[2024-08-02T03:26:01.951+0000] {spark_submit.py:579} INFO - 24/08/02 03:26:01 INFO BlockManagerMaster: BlockManagerMaster stopped
[2024-08-02T03:26:01.954+0000] {spark_submit.py:579} INFO - 24/08/02 03:26:01 INFO OutputCommitCoordinator$OutputCommitCoordinatorEndpoint: OutputCommitCoordinator stopped!
[2024-08-02T03:26:01.990+0000] {spark_submit.py:579} INFO - 24/08/02 03:26:01 INFO SparkContext: Successfully stopped SparkContext
[2024-08-02T03:26:02.001+0000] {spark_submit.py:579} INFO - 24/08/02 03:26:02 INFO ShutdownHookManager: Shutdown hook called
[2024-08-02T03:26:02.002+0000] {spark_submit.py:579} INFO - 24/08/02 03:26:02 INFO ShutdownHookManager: Deleting directory /tmp/spark-ae2e9c7d-9b1b-4cf9-afe5-94ee4bfaaea4
[2024-08-02T03:26:02.009+0000] {spark_submit.py:579} INFO - 24/08/02 03:26:02 INFO ShutdownHookManager: Deleting directory /tmp/spark-d42a1940-8219-49e4-866f-20aa8cbe3a3f
[2024-08-02T03:26:02.056+0000] {taskinstance.py:441} INFO - ::group::Post task execution logs
[2024-08-02T03:26:02.252+0000] {taskinstance.py:1206} INFO - Marking task as SUCCESS. dag_id=sparking_flow, task_id=scala_job, run_id=scheduled__2024-08-01T00:00:00+00:00, execution_date=20240801T000000, start_date=20240802T032551, end_date=20240802T032602
[2024-08-02T03:26:02.287+0000] {local_task_job_runner.py:243} INFO - Task exited with return code 0
[2024-08-02T03:26:02.313+0000] {taskinstance.py:3503} INFO - 0 downstream tasks scheduled from follow-on schedule check
[2024-08-02T03:26:02.315+0000] {local_task_job_runner.py:222} INFO - ::endgroup::
