[2024-08-02T02:54:56.687+0000] {local_task_job_runner.py:120} INFO - ::group::Pre task execution logs
[2024-08-02T02:54:56.730+0000] {taskinstance.py:2076} INFO - Dependencies all met for dep_context=non-requeueable deps ti=<TaskInstance: sparking_flow.java_job scheduled__2024-08-01T00:00:00+00:00 [queued]>
[2024-08-02T02:54:56.742+0000] {taskinstance.py:2076} INFO - Dependencies all met for dep_context=requeueable deps ti=<TaskInstance: sparking_flow.java_job scheduled__2024-08-01T00:00:00+00:00 [queued]>
[2024-08-02T02:54:56.743+0000] {taskinstance.py:2306} INFO - Starting attempt 1 of 1
[2024-08-02T02:54:56.762+0000] {taskinstance.py:2330} INFO - Executing <Task(SparkSubmitOperator): java_job> on 2024-08-01 00:00:00+00:00
[2024-08-02T02:54:56.768+0000] {standard_task_runner.py:64} INFO - Started process 281 to run task
[2024-08-02T02:54:56.772+0000] {standard_task_runner.py:90} INFO - Running: ['***', 'tasks', 'run', 'sparking_flow', 'java_job', 'scheduled__2024-08-01T00:00:00+00:00', '--job-id', '6', '--raw', '--subdir', 'DAGS_FOLDER/spark_***.py', '--cfg-path', '/tmp/tmp4yohhe3t']
[2024-08-02T02:54:56.774+0000] {standard_task_runner.py:91} INFO - Job 6: Subtask java_job
[2024-08-02T02:54:56.847+0000] {task_command.py:426} INFO - Running <TaskInstance: sparking_flow.java_job scheduled__2024-08-01T00:00:00+00:00 [running]> on host c1afb265eb2c
[2024-08-02T02:54:56.961+0000] {taskinstance.py:2648} INFO - Exporting env vars: AIRFLOW_CTX_DAG_OWNER='Yusuf Ganiyu' AIRFLOW_CTX_DAG_ID='sparking_flow' AIRFLOW_CTX_TASK_ID='java_job' AIRFLOW_CTX_EXECUTION_DATE='2024-08-01T00:00:00+00:00' AIRFLOW_CTX_TRY_NUMBER='1' AIRFLOW_CTX_DAG_RUN_ID='scheduled__2024-08-01T00:00:00+00:00'
[2024-08-02T02:54:56.962+0000] {taskinstance.py:430} INFO - ::endgroup::
[2024-08-02T02:54:56.992+0000] {base.py:84} INFO - Using connection ID 'spark-conn' for task execution.
[2024-08-02T02:54:56.994+0000] {spark_submit.py:403} INFO - Spark-Submit cmd: spark-submit --master spark://spark-master:7077 --name arrow-spark --class com.airscholar.spark.WordCountJob --deploy-mode client jobs/java/spark-job/target/spark-job-1.0-SNAPSHOT.jar
[2024-08-02T02:54:57.174+0000] {spark_submit.py:579} INFO - /home/***/.local/lib/python3.9/site-packages/pyspark/bin/spark-class: line 71: /usr/lib/jvm/java-11-openjdk-arm64/bin/java: No such file or directory
[2024-08-02T02:54:57.175+0000] {spark_submit.py:579} INFO - /home/***/.local/lib/python3.9/site-packages/pyspark/bin/spark-class: line 97: CMD: bad array subscript
[2024-08-02T02:54:57.178+0000] {taskinstance.py:441} INFO - ::group::Post task execution logs
[2024-08-02T02:54:57.191+0000] {taskinstance.py:2905} ERROR - Task failed with exception
Traceback (most recent call last):
  File "/home/airflow/.local/lib/python3.9/site-packages/airflow/models/taskinstance.py", line 465, in _execute_task
    result = _execute_callable(context=context, **execute_callable_kwargs)
  File "/home/airflow/.local/lib/python3.9/site-packages/airflow/models/taskinstance.py", line 432, in _execute_callable
    return execute_callable(context=context, **execute_callable_kwargs)
  File "/home/airflow/.local/lib/python3.9/site-packages/airflow/models/baseoperator.py", line 401, in wrapper
    return func(self, *args, **kwargs)
  File "/home/airflow/.local/lib/python3.9/site-packages/airflow/providers/apache/spark/operators/spark_submit.py", line 174, in execute
    self._hook.submit(self.application)
  File "/home/airflow/.local/lib/python3.9/site-packages/airflow/providers/apache/spark/hooks/spark_submit.py", line 505, in submit
    raise AirflowException(
airflow.exceptions.AirflowException: Cannot execute: spark-submit --master spark://spark-master:7077 --name arrow-spark --class com.airscholar.spark.WordCountJob --deploy-mode client jobs/java/spark-job/target/spark-job-1.0-SNAPSHOT.jar. Error code is: 1.
[2024-08-02T02:54:57.201+0000] {taskinstance.py:1206} INFO - Marking task as FAILED. dag_id=sparking_flow, task_id=java_job, run_id=scheduled__2024-08-01T00:00:00+00:00, execution_date=20240801T000000, start_date=20240802T025456, end_date=20240802T025457
[2024-08-02T02:54:57.221+0000] {standard_task_runner.py:110} ERROR - Failed to execute job 6 for task java_job (Cannot execute: spark-submit --master spark://spark-master:7077 --name arrow-spark --class com.airscholar.spark.WordCountJob --deploy-mode client jobs/java/spark-job/target/spark-job-1.0-SNAPSHOT.jar. Error code is: 1.; 281)
[2024-08-02T02:54:57.266+0000] {local_task_job_runner.py:243} INFO - Task exited with return code 1
[2024-08-02T02:54:57.278+0000] {local_task_job_runner.py:222} INFO - ::endgroup::
[2024-08-02T03:09:58.714+0000] {local_task_job_runner.py:120} INFO - ::group::Pre task execution logs
[2024-08-02T03:09:58.776+0000] {taskinstance.py:2076} INFO - Dependencies all met for dep_context=non-requeueable deps ti=<TaskInstance: sparking_flow.java_job scheduled__2024-08-01T00:00:00+00:00 [queued]>
[2024-08-02T03:09:58.786+0000] {taskinstance.py:2076} INFO - Dependencies all met for dep_context=requeueable deps ti=<TaskInstance: sparking_flow.java_job scheduled__2024-08-01T00:00:00+00:00 [queued]>
[2024-08-02T03:09:58.787+0000] {taskinstance.py:2306} INFO - Starting attempt 1 of 1
[2024-08-02T03:09:58.804+0000] {taskinstance.py:2330} INFO - Executing <Task(SparkSubmitOperator): java_job> on 2024-08-01 00:00:00+00:00
[2024-08-02T03:09:58.815+0000] {standard_task_runner.py:64} INFO - Started process 211 to run task
[2024-08-02T03:09:58.818+0000] {standard_task_runner.py:90} INFO - Running: ['***', 'tasks', 'run', 'sparking_flow', 'java_job', 'scheduled__2024-08-01T00:00:00+00:00', '--job-id', '3', '--raw', '--subdir', 'DAGS_FOLDER/spark_***.py', '--cfg-path', '/tmp/tmp1e0fd2yl']
[2024-08-02T03:09:58.820+0000] {standard_task_runner.py:91} INFO - Job 3: Subtask java_job
[2024-08-02T03:09:58.927+0000] {task_command.py:426} INFO - Running <TaskInstance: sparking_flow.java_job scheduled__2024-08-01T00:00:00+00:00 [running]> on host a40d08cbcf65
[2024-08-02T03:09:59.052+0000] {taskinstance.py:2648} INFO - Exporting env vars: AIRFLOW_CTX_DAG_OWNER='Yusuf Ganiyu' AIRFLOW_CTX_DAG_ID='sparking_flow' AIRFLOW_CTX_TASK_ID='java_job' AIRFLOW_CTX_EXECUTION_DATE='2024-08-01T00:00:00+00:00' AIRFLOW_CTX_TRY_NUMBER='1' AIRFLOW_CTX_DAG_RUN_ID='scheduled__2024-08-01T00:00:00+00:00'
[2024-08-02T03:09:59.053+0000] {taskinstance.py:430} INFO - ::endgroup::
[2024-08-02T03:09:59.085+0000] {base.py:84} INFO - Using connection ID 'spark-conn' for task execution.
[2024-08-02T03:09:59.086+0000] {spark_submit.py:403} INFO - Spark-Submit cmd: spark-submit --master spark://spark-master:7077 --name arrow-spark --class com.airscholar.spark.WordCountJob --deploy-mode client jobs/java/spark-job/target/spark-job-1.0-SNAPSHOT.jar
[2024-08-02T03:10:02.191+0000] {spark_submit.py:579} INFO - 24/08/02 03:10:02 INFO SparkContext: Running Spark version 3.5.1
[2024-08-02T03:10:02.197+0000] {spark_submit.py:579} INFO - 24/08/02 03:10:02 INFO SparkContext: OS info Linux, 5.15.133.1-microsoft-standard-WSL2, amd64
[2024-08-02T03:10:02.198+0000] {spark_submit.py:579} INFO - 24/08/02 03:10:02 INFO SparkContext: Java version 17.0.11
[2024-08-02T03:10:02.291+0000] {spark_submit.py:579} INFO - 24/08/02 03:10:02 WARN NativeCodeLoader: Unable to load native-hadoop library for your platform... using builtin-java classes where applicable
[2024-08-02T03:10:02.394+0000] {spark_submit.py:579} INFO - 24/08/02 03:10:02 INFO ResourceUtils: ==============================================================
[2024-08-02T03:10:02.395+0000] {spark_submit.py:579} INFO - 24/08/02 03:10:02 INFO ResourceUtils: No custom resources configured for spark.driver.
[2024-08-02T03:10:02.395+0000] {spark_submit.py:579} INFO - 24/08/02 03:10:02 INFO ResourceUtils: ==============================================================
[2024-08-02T03:10:02.396+0000] {spark_submit.py:579} INFO - 24/08/02 03:10:02 INFO SparkContext: Submitted application: Word Count Job
[2024-08-02T03:10:02.419+0000] {spark_submit.py:579} INFO - 24/08/02 03:10:02 INFO ResourceProfile: Default ResourceProfile created, executor resources: Map(cores -> name: cores, amount: 1, script: , vendor: , memory -> name: memory, amount: 1024, script: , vendor: , offHeap -> name: offHeap, amount: 0, script: , vendor: ), task resources: Map(cpus -> name: cpus, amount: 1.0)
[2024-08-02T03:10:02.432+0000] {spark_submit.py:579} INFO - 24/08/02 03:10:02 INFO ResourceProfile: Limiting resource is cpu
[2024-08-02T03:10:02.433+0000] {spark_submit.py:579} INFO - 24/08/02 03:10:02 INFO ResourceProfileManager: Added ResourceProfile id: 0
[2024-08-02T03:10:02.497+0000] {spark_submit.py:579} INFO - 24/08/02 03:10:02 INFO SecurityManager: Changing view acls to: ***
[2024-08-02T03:10:02.498+0000] {spark_submit.py:579} INFO - 24/08/02 03:10:02 INFO SecurityManager: Changing modify acls to: ***
[2024-08-02T03:10:02.498+0000] {spark_submit.py:579} INFO - 24/08/02 03:10:02 INFO SecurityManager: Changing view acls groups to:
[2024-08-02T03:10:02.499+0000] {spark_submit.py:579} INFO - 24/08/02 03:10:02 INFO SecurityManager: Changing modify acls groups to:
[2024-08-02T03:10:02.500+0000] {spark_submit.py:579} INFO - 24/08/02 03:10:02 INFO SecurityManager: SecurityManager: authentication disabled; ui acls disabled; users with view permissions: ***; groups with view permissions: EMPTY; users with modify permissions: ***; groups with modify permissions: EMPTY
[2024-08-02T03:10:02.761+0000] {spark_submit.py:579} INFO - 24/08/02 03:10:02 INFO Utils: Successfully started service 'sparkDriver' on port 38973.
[2024-08-02T03:10:02.792+0000] {spark_submit.py:579} INFO - 24/08/02 03:10:02 INFO SparkEnv: Registering MapOutputTracker
[2024-08-02T03:10:02.837+0000] {spark_submit.py:579} INFO - 24/08/02 03:10:02 INFO SparkEnv: Registering BlockManagerMaster
[2024-08-02T03:10:02.861+0000] {spark_submit.py:579} INFO - 24/08/02 03:10:02 INFO BlockManagerMasterEndpoint: Using org.apache.spark.storage.DefaultTopologyMapper for getting topology information
[2024-08-02T03:10:02.862+0000] {spark_submit.py:579} INFO - 24/08/02 03:10:02 INFO BlockManagerMasterEndpoint: BlockManagerMasterEndpoint up
[2024-08-02T03:10:02.866+0000] {spark_submit.py:579} INFO - 24/08/02 03:10:02 INFO SparkEnv: Registering BlockManagerMasterHeartbeat
[2024-08-02T03:10:02.896+0000] {spark_submit.py:579} INFO - 24/08/02 03:10:02 INFO DiskBlockManager: Created local directory at /tmp/blockmgr-d66c3de3-d891-4852-bcee-7d5220a2312a
[2024-08-02T03:10:02.914+0000] {spark_submit.py:579} INFO - 24/08/02 03:10:02 INFO MemoryStore: MemoryStore started with capacity 434.4 MiB
[2024-08-02T03:10:02.935+0000] {spark_submit.py:579} INFO - 24/08/02 03:10:02 INFO SparkEnv: Registering OutputCommitCoordinator
[2024-08-02T03:10:03.220+0000] {spark_submit.py:579} INFO - 24/08/02 03:10:03 INFO JettyUtils: Start Jetty 0.0.0.0:4040 for SparkUI
[2024-08-02T03:10:03.337+0000] {spark_submit.py:579} INFO - 24/08/02 03:10:03 INFO Utils: Successfully started service 'SparkUI' on port 4040.
[2024-08-02T03:10:03.386+0000] {spark_submit.py:579} INFO - 24/08/02 03:10:03 INFO SparkContext: Added JAR file:/opt/***/jobs/java/spark-job/target/spark-job-1.0-SNAPSHOT.jar at spark://a40d08cbcf65:38973/jars/spark-job-1.0-SNAPSHOT.jar with timestamp 1722568202167
[2024-08-02T03:10:03.472+0000] {spark_submit.py:579} INFO - 24/08/02 03:10:03 INFO Executor: Starting executor ID driver on host a40d08cbcf65
[2024-08-02T03:10:03.473+0000] {spark_submit.py:579} INFO - 24/08/02 03:10:03 INFO Executor: OS info Linux, 5.15.133.1-microsoft-standard-WSL2, amd64
[2024-08-02T03:10:03.473+0000] {spark_submit.py:579} INFO - 24/08/02 03:10:03 INFO Executor: Java version 17.0.11
[2024-08-02T03:10:03.505+0000] {spark_submit.py:579} INFO - 24/08/02 03:10:03 INFO Executor: Starting executor with user classpath (userClassPathFirst = false): ''
[2024-08-02T03:10:03.506+0000] {spark_submit.py:579} INFO - 24/08/02 03:10:03 INFO Executor: Created or updated repl class loader org.apache.spark.util.MutableURLClassLoader@2f4ba1ae for default.
[2024-08-02T03:10:03.521+0000] {spark_submit.py:579} INFO - 24/08/02 03:10:03 INFO Executor: Fetching spark://a40d08cbcf65:38973/jars/spark-job-1.0-SNAPSHOT.jar with timestamp 1722568202167
[2024-08-02T03:10:03.583+0000] {spark_submit.py:579} INFO - 24/08/02 03:10:03 INFO TransportClientFactory: Successfully created connection to a40d08cbcf65/172.19.0.5:38973 after 32 ms (0 ms spent in bootstraps)
[2024-08-02T03:10:03.594+0000] {spark_submit.py:579} INFO - 24/08/02 03:10:03 INFO Utils: Fetching spark://a40d08cbcf65:38973/jars/spark-job-1.0-SNAPSHOT.jar to /tmp/spark-acc78580-8f78-4dff-a473-440ec08eacc2/userFiles-3d2d77b5-6058-4f80-9664-8743fa2d301f/fetchFileTemp16821292869788020750.tmp
[2024-08-02T03:10:03.648+0000] {spark_submit.py:579} INFO - 24/08/02 03:10:03 INFO Executor: Adding file:/tmp/spark-acc78580-8f78-4dff-a473-440ec08eacc2/userFiles-3d2d77b5-6058-4f80-9664-8743fa2d301f/spark-job-1.0-SNAPSHOT.jar to class loader default
[2024-08-02T03:10:03.659+0000] {spark_submit.py:579} INFO - 24/08/02 03:10:03 INFO Utils: Successfully started service 'org.apache.spark.network.netty.NettyBlockTransferService' on port 41215.
[2024-08-02T03:10:03.659+0000] {spark_submit.py:579} INFO - 24/08/02 03:10:03 INFO NettyBlockTransferService: Server created on a40d08cbcf65:41215
[2024-08-02T03:10:03.661+0000] {spark_submit.py:579} INFO - 24/08/02 03:10:03 INFO BlockManager: Using org.apache.spark.storage.RandomBlockReplicationPolicy for block replication policy
[2024-08-02T03:10:03.669+0000] {spark_submit.py:579} INFO - 24/08/02 03:10:03 INFO BlockManagerMaster: Registering BlockManager BlockManagerId(driver, a40d08cbcf65, 41215, None)
[2024-08-02T03:10:03.675+0000] {spark_submit.py:579} INFO - 24/08/02 03:10:03 INFO BlockManagerMasterEndpoint: Registering block manager a40d08cbcf65:41215 with 434.4 MiB RAM, BlockManagerId(driver, a40d08cbcf65, 41215, None)
[2024-08-02T03:10:03.679+0000] {spark_submit.py:579} INFO - 24/08/02 03:10:03 INFO BlockManagerMaster: Registered BlockManager BlockManagerId(driver, a40d08cbcf65, 41215, None)
[2024-08-02T03:10:03.680+0000] {spark_submit.py:579} INFO - 24/08/02 03:10:03 INFO BlockManager: Initialized BlockManager: BlockManagerId(driver, a40d08cbcf65, 41215, None)
[2024-08-02T03:10:04.640+0000] {spark_submit.py:579} INFO - 24/08/02 03:10:04 INFO SparkContext: Starting job: collect at WordCountJob.java:37
[2024-08-02T03:10:04.685+0000] {spark_submit.py:579} INFO - 24/08/02 03:10:04 INFO DAGScheduler: Registering RDD 2 (mapToPair at WordCountJob.java:33) as input to shuffle 0
[2024-08-02T03:10:04.706+0000] {spark_submit.py:579} INFO - 24/08/02 03:10:04 INFO DAGScheduler: Got job 0 (collect at WordCountJob.java:37) with 1 output partitions
[2024-08-02T03:10:04.707+0000] {spark_submit.py:579} INFO - 24/08/02 03:10:04 INFO DAGScheduler: Final stage: ResultStage 1 (collect at WordCountJob.java:37)
[2024-08-02T03:10:04.708+0000] {spark_submit.py:579} INFO - 24/08/02 03:10:04 INFO DAGScheduler: Parents of final stage: List(ShuffleMapStage 0)
[2024-08-02T03:10:04.712+0000] {spark_submit.py:579} INFO - 24/08/02 03:10:04 INFO DAGScheduler: Missing parents: List(ShuffleMapStage 0)
[2024-08-02T03:10:04.719+0000] {spark_submit.py:579} INFO - 24/08/02 03:10:04 INFO DAGScheduler: Submitting ShuffleMapStage 0 (MapPartitionsRDD[2] at mapToPair at WordCountJob.java:33), which has no missing parents
[2024-08-02T03:10:04.880+0000] {spark_submit.py:579} INFO - 24/08/02 03:10:04 INFO MemoryStore: Block broadcast_0 stored as values in memory (estimated size 6.4 KiB, free 434.4 MiB)
[2024-08-02T03:10:04.933+0000] {spark_submit.py:579} INFO - 24/08/02 03:10:04 INFO MemoryStore: Block broadcast_0_piece0 stored as bytes in memory (estimated size 3.4 KiB, free 434.4 MiB)
[2024-08-02T03:10:04.938+0000] {spark_submit.py:579} INFO - 24/08/02 03:10:04 INFO BlockManagerInfo: Added broadcast_0_piece0 in memory on a40d08cbcf65:41215 (size: 3.4 KiB, free: 434.4 MiB)
[2024-08-02T03:10:04.945+0000] {spark_submit.py:579} INFO - 24/08/02 03:10:04 INFO SparkContext: Created broadcast 0 from broadcast at DAGScheduler.scala:1585
[2024-08-02T03:10:04.979+0000] {spark_submit.py:579} INFO - 24/08/02 03:10:04 INFO DAGScheduler: Submitting 1 missing tasks from ShuffleMapStage 0 (MapPartitionsRDD[2] at mapToPair at WordCountJob.java:33) (first 15 tasks are for partitions Vector(0))
[2024-08-02T03:10:04.982+0000] {spark_submit.py:579} INFO - 24/08/02 03:10:04 INFO TaskSchedulerImpl: Adding task set 0.0 with 1 tasks resource profile 0
[2024-08-02T03:10:05.078+0000] {spark_submit.py:579} INFO - 24/08/02 03:10:05 INFO TaskSetManager: Starting task 0.0 in stage 0.0 (TID 0) (a40d08cbcf65, executor driver, partition 0, PROCESS_LOCAL, 7865 bytes)
[2024-08-02T03:10:05.098+0000] {spark_submit.py:579} INFO - 24/08/02 03:10:05 INFO Executor: Running task 0.0 in stage 0.0 (TID 0)
[2024-08-02T03:10:05.325+0000] {spark_submit.py:579} INFO - 24/08/02 03:10:05 INFO Executor: Finished task 0.0 in stage 0.0 (TID 0). 1259 bytes result sent to driver
[2024-08-02T03:10:05.344+0000] {spark_submit.py:579} INFO - 24/08/02 03:10:05 INFO TaskSetManager: Finished task 0.0 in stage 0.0 (TID 0) in 297 ms on a40d08cbcf65 (executor driver) (1/1)
[2024-08-02T03:10:05.348+0000] {spark_submit.py:579} INFO - 24/08/02 03:10:05 INFO TaskSchedulerImpl: Removed TaskSet 0.0, whose tasks have all completed, from pool
[2024-08-02T03:10:05.364+0000] {spark_submit.py:579} INFO - 24/08/02 03:10:05 INFO DAGScheduler: ShuffleMapStage 0 (mapToPair at WordCountJob.java:33) finished in 0.619 s
[2024-08-02T03:10:05.366+0000] {spark_submit.py:579} INFO - 24/08/02 03:10:05 INFO DAGScheduler: looking for newly runnable stages
[2024-08-02T03:10:05.367+0000] {spark_submit.py:579} INFO - 24/08/02 03:10:05 INFO DAGScheduler: running: Set()
[2024-08-02T03:10:05.368+0000] {spark_submit.py:579} INFO - 24/08/02 03:10:05 INFO DAGScheduler: waiting: Set(ResultStage 1)
[2024-08-02T03:10:05.368+0000] {spark_submit.py:579} INFO - 24/08/02 03:10:05 INFO DAGScheduler: failed: Set()
[2024-08-02T03:10:05.373+0000] {spark_submit.py:579} INFO - 24/08/02 03:10:05 INFO DAGScheduler: Submitting ResultStage 1 (ShuffledRDD[3] at reduceByKey at WordCountJob.java:34), which has no missing parents
[2024-08-02T03:10:05.392+0000] {spark_submit.py:579} INFO - 24/08/02 03:10:05 INFO MemoryStore: Block broadcast_1 stored as values in memory (estimated size 5.2 KiB, free 434.4 MiB)
[2024-08-02T03:10:05.395+0000] {spark_submit.py:579} INFO - 24/08/02 03:10:05 INFO MemoryStore: Block broadcast_1_piece0 stored as bytes in memory (estimated size 2.9 KiB, free 434.4 MiB)
[2024-08-02T03:10:05.396+0000] {spark_submit.py:579} INFO - 24/08/02 03:10:05 INFO BlockManagerInfo: Added broadcast_1_piece0 in memory on a40d08cbcf65:41215 (size: 2.9 KiB, free: 434.4 MiB)
[2024-08-02T03:10:05.398+0000] {spark_submit.py:579} INFO - 24/08/02 03:10:05 INFO SparkContext: Created broadcast 1 from broadcast at DAGScheduler.scala:1585
[2024-08-02T03:10:05.405+0000] {spark_submit.py:579} INFO - 24/08/02 03:10:05 INFO DAGScheduler: Submitting 1 missing tasks from ResultStage 1 (ShuffledRDD[3] at reduceByKey at WordCountJob.java:34) (first 15 tasks are for partitions Vector(0))
[2024-08-02T03:10:05.407+0000] {spark_submit.py:579} INFO - 24/08/02 03:10:05 INFO TaskSchedulerImpl: Adding task set 1.0 with 1 tasks resource profile 0
[2024-08-02T03:10:05.419+0000] {spark_submit.py:579} INFO - 24/08/02 03:10:05 INFO TaskSetManager: Starting task 0.0 in stage 1.0 (TID 1) (a40d08cbcf65, executor driver, partition 0, NODE_LOCAL, 7618 bytes)
[2024-08-02T03:10:05.421+0000] {spark_submit.py:579} INFO - 24/08/02 03:10:05 INFO Executor: Running task 0.0 in stage 1.0 (TID 1)
[2024-08-02T03:10:05.495+0000] {spark_submit.py:579} INFO - 24/08/02 03:10:05 INFO ShuffleBlockFetcherIterator: Getting 1 (189.0 B) non-empty blocks including 1 (189.0 B) local and 0 (0.0 B) host-local and 0 (0.0 B) push-merged-local and 0 (0.0 B) remote blocks
[2024-08-02T03:10:05.499+0000] {spark_submit.py:579} INFO - 24/08/02 03:10:05 INFO ShuffleBlockFetcherIterator: Started 0 remote fetches in 20 ms
[2024-08-02T03:10:05.528+0000] {spark_submit.py:579} INFO - 24/08/02 03:10:05 INFO Executor: Finished task 0.0 in stage 1.0 (TID 1). 1958 bytes result sent to driver
[2024-08-02T03:10:05.532+0000] {spark_submit.py:579} INFO - 24/08/02 03:10:05 INFO TaskSetManager: Finished task 0.0 in stage 1.0 (TID 1) in 117 ms on a40d08cbcf65 (executor driver) (1/1)
[2024-08-02T03:10:05.533+0000] {spark_submit.py:579} INFO - 24/08/02 03:10:05 INFO TaskSchedulerImpl: Removed TaskSet 1.0, whose tasks have all completed, from pool
[2024-08-02T03:10:05.535+0000] {spark_submit.py:579} INFO - 24/08/02 03:10:05 INFO DAGScheduler: ResultStage 1 (collect at WordCountJob.java:37) finished in 0.146 s
[2024-08-02T03:10:05.540+0000] {spark_submit.py:579} INFO - 24/08/02 03:10:05 INFO DAGScheduler: Job 0 is finished. Cancelling potential speculative or zombie tasks for this job
[2024-08-02T03:10:05.541+0000] {spark_submit.py:579} INFO - 24/08/02 03:10:05 INFO TaskSchedulerImpl: Killing all running tasks in stage 1: Stage finished
[2024-08-02T03:10:05.544+0000] {spark_submit.py:579} INFO - 24/08/02 03:10:05 INFO DAGScheduler: Job 0 finished: collect at WordCountJob.java:37, took 0.902585 s
[2024-08-02T03:10:05.548+0000] {spark_submit.py:579} INFO - spark: 1
[2024-08-02T03:10:05.549+0000] {spark_submit.py:579} INFO - docker: 1
[2024-08-02T03:10:05.550+0000] {spark_submit.py:579} INFO - Yusuf: 1
[2024-08-02T03:10:05.550+0000] {spark_submit.py:579} INFO - hello: 5
[2024-08-02T03:10:05.551+0000] {spark_submit.py:579} INFO - java: 1
[2024-08-02T03:10:05.552+0000] {spark_submit.py:579} INFO - world: 1
[2024-08-02T03:10:05.553+0000] {spark_submit.py:579} INFO - 24/08/02 03:10:05 INFO SparkContext: SparkContext is stopping with exitCode 0.
[2024-08-02T03:10:05.571+0000] {spark_submit.py:579} INFO - 24/08/02 03:10:05 INFO SparkUI: Stopped Spark web UI at http://a40d08cbcf65:4040
[2024-08-02T03:10:05.589+0000] {spark_submit.py:579} INFO - 24/08/02 03:10:05 INFO MapOutputTrackerMasterEndpoint: MapOutputTrackerMasterEndpoint stopped!
[2024-08-02T03:10:05.605+0000] {spark_submit.py:579} INFO - 24/08/02 03:10:05 INFO MemoryStore: MemoryStore cleared
[2024-08-02T03:10:05.607+0000] {spark_submit.py:579} INFO - 24/08/02 03:10:05 INFO BlockManager: BlockManager stopped
[2024-08-02T03:10:05.615+0000] {spark_submit.py:579} INFO - 24/08/02 03:10:05 INFO BlockManagerMaster: BlockManagerMaster stopped
[2024-08-02T03:10:05.618+0000] {spark_submit.py:579} INFO - 24/08/02 03:10:05 INFO OutputCommitCoordinator$OutputCommitCoordinatorEndpoint: OutputCommitCoordinator stopped!
[2024-08-02T03:10:05.628+0000] {spark_submit.py:579} INFO - 24/08/02 03:10:05 INFO SparkContext: Successfully stopped SparkContext
[2024-08-02T03:10:05.632+0000] {spark_submit.py:579} INFO - 24/08/02 03:10:05 INFO ShutdownHookManager: Shutdown hook called
[2024-08-02T03:10:05.633+0000] {spark_submit.py:579} INFO - 24/08/02 03:10:05 INFO ShutdownHookManager: Deleting directory /tmp/spark-650c4845-75b9-457f-b056-f8ab92c92840
[2024-08-02T03:10:05.639+0000] {spark_submit.py:579} INFO - 24/08/02 03:10:05 INFO ShutdownHookManager: Deleting directory /tmp/spark-acc78580-8f78-4dff-a473-440ec08eacc2
[2024-08-02T03:10:05.707+0000] {taskinstance.py:441} INFO - ::group::Post task execution logs
[2024-08-02T03:10:05.731+0000] {taskinstance.py:1206} INFO - Marking task as SUCCESS. dag_id=sparking_flow, task_id=java_job, run_id=scheduled__2024-08-01T00:00:00+00:00, execution_date=20240801T000000, start_date=20240802T030958, end_date=20240802T031005
[2024-08-02T03:10:05.776+0000] {local_task_job_runner.py:243} INFO - Task exited with return code 0
[2024-08-02T03:10:05.829+0000] {taskinstance.py:3503} INFO - 0 downstream tasks scheduled from follow-on schedule check
[2024-08-02T03:10:05.834+0000] {local_task_job_runner.py:222} INFO - ::endgroup::
[2024-08-02T03:25:51.452+0000] {local_task_job_runner.py:120} INFO - ::group::Pre task execution logs
[2024-08-02T03:25:51.509+0000] {taskinstance.py:2076} INFO - Dependencies all met for dep_context=non-requeueable deps ti=<TaskInstance: sparking_flow.java_job scheduled__2024-08-01T00:00:00+00:00 [queued]>
[2024-08-02T03:25:51.520+0000] {taskinstance.py:2076} INFO - Dependencies all met for dep_context=requeueable deps ti=<TaskInstance: sparking_flow.java_job scheduled__2024-08-01T00:00:00+00:00 [queued]>
[2024-08-02T03:25:51.521+0000] {taskinstance.py:2306} INFO - Starting attempt 1 of 1
[2024-08-02T03:25:51.539+0000] {taskinstance.py:2330} INFO - Executing <Task(SparkSubmitOperator): java_job> on 2024-08-01 00:00:00+00:00
[2024-08-02T03:25:51.546+0000] {standard_task_runner.py:64} INFO - Started process 219 to run task
[2024-08-02T03:25:51.549+0000] {standard_task_runner.py:90} INFO - Running: ['***', 'tasks', 'run', 'sparking_flow', 'java_job', 'scheduled__2024-08-01T00:00:00+00:00', '--job-id', '3', '--raw', '--subdir', 'DAGS_FOLDER/spark_***.py', '--cfg-path', '/tmp/tmppak4a0by']
[2024-08-02T03:25:51.554+0000] {standard_task_runner.py:91} INFO - Job 3: Subtask java_job
[2024-08-02T03:25:51.633+0000] {task_command.py:426} INFO - Running <TaskInstance: sparking_flow.java_job scheduled__2024-08-01T00:00:00+00:00 [running]> on host 6ca033ce2ef0
[2024-08-02T03:25:51.751+0000] {taskinstance.py:2648} INFO - Exporting env vars: AIRFLOW_CTX_DAG_OWNER='Yusuf Ganiyu' AIRFLOW_CTX_DAG_ID='sparking_flow' AIRFLOW_CTX_TASK_ID='java_job' AIRFLOW_CTX_EXECUTION_DATE='2024-08-01T00:00:00+00:00' AIRFLOW_CTX_TRY_NUMBER='1' AIRFLOW_CTX_DAG_RUN_ID='scheduled__2024-08-01T00:00:00+00:00'
[2024-08-02T03:25:51.752+0000] {taskinstance.py:430} INFO - ::endgroup::
[2024-08-02T03:25:51.784+0000] {base.py:84} INFO - Using connection ID 'spark-conn' for task execution.
[2024-08-02T03:25:51.786+0000] {spark_submit.py:403} INFO - Spark-Submit cmd: spark-submit --master spark://spark-master:7077 --name arrow-spark --class com.airscholar.spark.WordCountJob --deploy-mode client jobs/java/spark-job/target/spark-job-1.0-SNAPSHOT.jar
[2024-08-02T03:25:54.867+0000] {spark_submit.py:579} INFO - 24/08/02 03:25:54 INFO SparkContext: Running Spark version 3.5.1
[2024-08-02T03:25:54.869+0000] {spark_submit.py:579} INFO - 24/08/02 03:25:54 INFO SparkContext: OS info Linux, 5.15.133.1-microsoft-standard-WSL2, amd64
[2024-08-02T03:25:54.870+0000] {spark_submit.py:579} INFO - 24/08/02 03:25:54 INFO SparkContext: Java version 17.0.11
[2024-08-02T03:25:54.954+0000] {spark_submit.py:579} INFO - 24/08/02 03:25:54 WARN NativeCodeLoader: Unable to load native-hadoop library for your platform... using builtin-java classes where applicable
[2024-08-02T03:25:55.059+0000] {spark_submit.py:579} INFO - 24/08/02 03:25:55 INFO ResourceUtils: ==============================================================
[2024-08-02T03:25:55.060+0000] {spark_submit.py:579} INFO - 24/08/02 03:25:55 INFO ResourceUtils: No custom resources configured for spark.driver.
[2024-08-02T03:25:55.061+0000] {spark_submit.py:579} INFO - 24/08/02 03:25:55 INFO ResourceUtils: ==============================================================
[2024-08-02T03:25:55.061+0000] {spark_submit.py:579} INFO - 24/08/02 03:25:55 INFO SparkContext: Submitted application: Word Count Job
[2024-08-02T03:25:55.087+0000] {spark_submit.py:579} INFO - 24/08/02 03:25:55 INFO ResourceProfile: Default ResourceProfile created, executor resources: Map(cores -> name: cores, amount: 1, script: , vendor: , memory -> name: memory, amount: 1024, script: , vendor: , offHeap -> name: offHeap, amount: 0, script: , vendor: ), task resources: Map(cpus -> name: cpus, amount: 1.0)
[2024-08-02T03:25:55.100+0000] {spark_submit.py:579} INFO - 24/08/02 03:25:55 INFO ResourceProfile: Limiting resource is cpu
[2024-08-02T03:25:55.101+0000] {spark_submit.py:579} INFO - 24/08/02 03:25:55 INFO ResourceProfileManager: Added ResourceProfile id: 0
[2024-08-02T03:25:55.168+0000] {spark_submit.py:579} INFO - 24/08/02 03:25:55 INFO SecurityManager: Changing view acls to: ***
[2024-08-02T03:25:55.169+0000] {spark_submit.py:579} INFO - 24/08/02 03:25:55 INFO SecurityManager: Changing modify acls to: ***
[2024-08-02T03:25:55.169+0000] {spark_submit.py:579} INFO - 24/08/02 03:25:55 INFO SecurityManager: Changing view acls groups to:
[2024-08-02T03:25:55.170+0000] {spark_submit.py:579} INFO - 24/08/02 03:25:55 INFO SecurityManager: Changing modify acls groups to:
[2024-08-02T03:25:55.170+0000] {spark_submit.py:579} INFO - 24/08/02 03:25:55 INFO SecurityManager: SecurityManager: authentication disabled; ui acls disabled; users with view permissions: ***; groups with view permissions: EMPTY; users with modify permissions: ***; groups with modify permissions: EMPTY
[2024-08-02T03:25:55.470+0000] {spark_submit.py:579} INFO - 24/08/02 03:25:55 INFO Utils: Successfully started service 'sparkDriver' on port 42005.
[2024-08-02T03:25:55.513+0000] {spark_submit.py:579} INFO - 24/08/02 03:25:55 INFO SparkEnv: Registering MapOutputTracker
[2024-08-02T03:25:55.567+0000] {spark_submit.py:579} INFO - 24/08/02 03:25:55 INFO SparkEnv: Registering BlockManagerMaster
[2024-08-02T03:25:55.592+0000] {spark_submit.py:579} INFO - 24/08/02 03:25:55 INFO BlockManagerMasterEndpoint: Using org.apache.spark.storage.DefaultTopologyMapper for getting topology information
[2024-08-02T03:25:55.602+0000] {spark_submit.py:579} INFO - 24/08/02 03:25:55 INFO BlockManagerMasterEndpoint: BlockManagerMasterEndpoint up
[2024-08-02T03:25:55.603+0000] {spark_submit.py:579} INFO - 24/08/02 03:25:55 INFO SparkEnv: Registering BlockManagerMasterHeartbeat
[2024-08-02T03:25:55.634+0000] {spark_submit.py:579} INFO - 24/08/02 03:25:55 INFO DiskBlockManager: Created local directory at /tmp/blockmgr-c601340e-e493-464c-9c49-7c0853d465ca
[2024-08-02T03:25:55.654+0000] {spark_submit.py:579} INFO - 24/08/02 03:25:55 INFO MemoryStore: MemoryStore started with capacity 434.4 MiB
[2024-08-02T03:25:55.673+0000] {spark_submit.py:579} INFO - 24/08/02 03:25:55 INFO SparkEnv: Registering OutputCommitCoordinator
[2024-08-02T03:25:55.925+0000] {spark_submit.py:579} INFO - 24/08/02 03:25:55 INFO JettyUtils: Start Jetty 0.0.0.0:4040 for SparkUI
[2024-08-02T03:25:56.021+0000] {spark_submit.py:579} INFO - 24/08/02 03:25:56 INFO Utils: Successfully started service 'SparkUI' on port 4040.
[2024-08-02T03:25:56.074+0000] {spark_submit.py:579} INFO - 24/08/02 03:25:56 INFO SparkContext: Added JAR file:/opt/***/jobs/java/spark-job/target/spark-job-1.0-SNAPSHOT.jar at spark://6ca033ce2ef0:42005/jars/spark-job-1.0-SNAPSHOT.jar with timestamp 1722569154851
[2024-08-02T03:25:56.164+0000] {spark_submit.py:579} INFO - 24/08/02 03:25:56 INFO Executor: Starting executor ID driver on host 6ca033ce2ef0
[2024-08-02T03:25:56.165+0000] {spark_submit.py:579} INFO - 24/08/02 03:25:56 INFO Executor: OS info Linux, 5.15.133.1-microsoft-standard-WSL2, amd64
[2024-08-02T03:25:56.166+0000] {spark_submit.py:579} INFO - 24/08/02 03:25:56 INFO Executor: Java version 17.0.11
[2024-08-02T03:25:56.181+0000] {spark_submit.py:579} INFO - 24/08/02 03:25:56 INFO Executor: Starting executor with user classpath (userClassPathFirst = false): ''
[2024-08-02T03:25:56.182+0000] {spark_submit.py:579} INFO - 24/08/02 03:25:56 INFO Executor: Created or updated repl class loader org.apache.spark.util.MutableURLClassLoader@1391af3b for default.
[2024-08-02T03:25:56.200+0000] {spark_submit.py:579} INFO - 24/08/02 03:25:56 INFO Executor: Fetching spark://6ca033ce2ef0:42005/jars/spark-job-1.0-SNAPSHOT.jar with timestamp 1722569154851
[2024-08-02T03:25:56.271+0000] {spark_submit.py:579} INFO - 24/08/02 03:25:56 INFO TransportClientFactory: Successfully created connection to 6ca033ce2ef0/172.20.0.4:42005 after 34 ms (0 ms spent in bootstraps)
[2024-08-02T03:25:56.278+0000] {spark_submit.py:579} INFO - 24/08/02 03:25:56 INFO Utils: Fetching spark://6ca033ce2ef0:42005/jars/spark-job-1.0-SNAPSHOT.jar to /tmp/spark-c21c8a7a-a14c-4c00-9702-3e8b8f15cf77/userFiles-75b7a737-4a22-4761-aba2-3e1fc6be02c1/fetchFileTemp10030632766997452471.tmp
[2024-08-02T03:25:56.315+0000] {spark_submit.py:579} INFO - 24/08/02 03:25:56 INFO Executor: Adding file:/tmp/spark-c21c8a7a-a14c-4c00-9702-3e8b8f15cf77/userFiles-75b7a737-4a22-4761-aba2-3e1fc6be02c1/spark-job-1.0-SNAPSHOT.jar to class loader default
[2024-08-02T03:25:56.327+0000] {spark_submit.py:579} INFO - 24/08/02 03:25:56 INFO Utils: Successfully started service 'org.apache.spark.network.netty.NettyBlockTransferService' on port 44177.
[2024-08-02T03:25:56.328+0000] {spark_submit.py:579} INFO - 24/08/02 03:25:56 INFO NettyBlockTransferService: Server created on 6ca033ce2ef0:44177
[2024-08-02T03:25:56.330+0000] {spark_submit.py:579} INFO - 24/08/02 03:25:56 INFO BlockManager: Using org.apache.spark.storage.RandomBlockReplicationPolicy for block replication policy
[2024-08-02T03:25:56.339+0000] {spark_submit.py:579} INFO - 24/08/02 03:25:56 INFO BlockManagerMaster: Registering BlockManager BlockManagerId(driver, 6ca033ce2ef0, 44177, None)
[2024-08-02T03:25:56.343+0000] {spark_submit.py:579} INFO - 24/08/02 03:25:56 INFO BlockManagerMasterEndpoint: Registering block manager 6ca033ce2ef0:44177 with 434.4 MiB RAM, BlockManagerId(driver, 6ca033ce2ef0, 44177, None)
[2024-08-02T03:25:56.346+0000] {spark_submit.py:579} INFO - 24/08/02 03:25:56 INFO BlockManagerMaster: Registered BlockManager BlockManagerId(driver, 6ca033ce2ef0, 44177, None)
[2024-08-02T03:25:56.348+0000] {spark_submit.py:579} INFO - 24/08/02 03:25:56 INFO BlockManager: Initialized BlockManager: BlockManagerId(driver, 6ca033ce2ef0, 44177, None)
[2024-08-02T03:25:57.382+0000] {spark_submit.py:579} INFO - 24/08/02 03:25:57 INFO SparkContext: Starting job: collect at WordCountJob.java:37
[2024-08-02T03:25:57.434+0000] {spark_submit.py:579} INFO - 24/08/02 03:25:57 INFO DAGScheduler: Registering RDD 2 (mapToPair at WordCountJob.java:33) as input to shuffle 0
[2024-08-02T03:25:57.450+0000] {spark_submit.py:579} INFO - 24/08/02 03:25:57 INFO DAGScheduler: Got job 0 (collect at WordCountJob.java:37) with 1 output partitions
[2024-08-02T03:25:57.450+0000] {spark_submit.py:579} INFO - 24/08/02 03:25:57 INFO DAGScheduler: Final stage: ResultStage 1 (collect at WordCountJob.java:37)
[2024-08-02T03:25:57.451+0000] {spark_submit.py:579} INFO - 24/08/02 03:25:57 INFO DAGScheduler: Parents of final stage: List(ShuffleMapStage 0)
[2024-08-02T03:25:57.454+0000] {spark_submit.py:579} INFO - 24/08/02 03:25:57 INFO DAGScheduler: Missing parents: List(ShuffleMapStage 0)
[2024-08-02T03:25:57.461+0000] {spark_submit.py:579} INFO - 24/08/02 03:25:57 INFO DAGScheduler: Submitting ShuffleMapStage 0 (MapPartitionsRDD[2] at mapToPair at WordCountJob.java:33), which has no missing parents
[2024-08-02T03:25:57.595+0000] {spark_submit.py:579} INFO - 24/08/02 03:25:57 INFO MemoryStore: Block broadcast_0 stored as values in memory (estimated size 6.4 KiB, free 434.4 MiB)
[2024-08-02T03:25:57.657+0000] {spark_submit.py:579} INFO - 24/08/02 03:25:57 INFO MemoryStore: Block broadcast_0_piece0 stored as bytes in memory (estimated size 3.4 KiB, free 434.4 MiB)
[2024-08-02T03:25:57.661+0000] {spark_submit.py:579} INFO - 24/08/02 03:25:57 INFO BlockManagerInfo: Added broadcast_0_piece0 in memory on 6ca033ce2ef0:44177 (size: 3.4 KiB, free: 434.4 MiB)
[2024-08-02T03:25:57.667+0000] {spark_submit.py:579} INFO - 24/08/02 03:25:57 INFO SparkContext: Created broadcast 0 from broadcast at DAGScheduler.scala:1585
[2024-08-02T03:25:57.693+0000] {spark_submit.py:579} INFO - 24/08/02 03:25:57 INFO DAGScheduler: Submitting 1 missing tasks from ShuffleMapStage 0 (MapPartitionsRDD[2] at mapToPair at WordCountJob.java:33) (first 15 tasks are for partitions Vector(0))
[2024-08-02T03:25:57.695+0000] {spark_submit.py:579} INFO - 24/08/02 03:25:57 INFO TaskSchedulerImpl: Adding task set 0.0 with 1 tasks resource profile 0
[2024-08-02T03:25:57.776+0000] {spark_submit.py:579} INFO - 24/08/02 03:25:57 INFO TaskSetManager: Starting task 0.0 in stage 0.0 (TID 0) (6ca033ce2ef0, executor driver, partition 0, PROCESS_LOCAL, 7865 bytes)
[2024-08-02T03:25:57.796+0000] {spark_submit.py:579} INFO - 24/08/02 03:25:57 INFO Executor: Running task 0.0 in stage 0.0 (TID 0)
[2024-08-02T03:25:58.021+0000] {spark_submit.py:579} INFO - 24/08/02 03:25:58 INFO Executor: Finished task 0.0 in stage 0.0 (TID 0). 1216 bytes result sent to driver
[2024-08-02T03:25:58.039+0000] {spark_submit.py:579} INFO - 24/08/02 03:25:58 INFO TaskSetManager: Finished task 0.0 in stage 0.0 (TID 0) in 293 ms on 6ca033ce2ef0 (executor driver) (1/1)
[2024-08-02T03:25:58.041+0000] {spark_submit.py:579} INFO - 24/08/02 03:25:58 INFO TaskSchedulerImpl: Removed TaskSet 0.0, whose tasks have all completed, from pool
[2024-08-02T03:25:58.051+0000] {spark_submit.py:579} INFO - 24/08/02 03:25:58 INFO DAGScheduler: ShuffleMapStage 0 (mapToPair at WordCountJob.java:33) finished in 0.568 s
[2024-08-02T03:25:58.052+0000] {spark_submit.py:579} INFO - 24/08/02 03:25:58 INFO DAGScheduler: looking for newly runnable stages
[2024-08-02T03:25:58.055+0000] {spark_submit.py:579} INFO - 24/08/02 03:25:58 INFO DAGScheduler: running: Set()
[2024-08-02T03:25:58.056+0000] {spark_submit.py:579} INFO - 24/08/02 03:25:58 INFO DAGScheduler: waiting: Set(ResultStage 1)
[2024-08-02T03:25:58.057+0000] {spark_submit.py:579} INFO - 24/08/02 03:25:58 INFO DAGScheduler: failed: Set()
[2024-08-02T03:25:58.062+0000] {spark_submit.py:579} INFO - 24/08/02 03:25:58 INFO DAGScheduler: Submitting ResultStage 1 (ShuffledRDD[3] at reduceByKey at WordCountJob.java:34), which has no missing parents
[2024-08-02T03:25:58.079+0000] {spark_submit.py:579} INFO - 24/08/02 03:25:58 INFO MemoryStore: Block broadcast_1 stored as values in memory (estimated size 5.2 KiB, free 434.4 MiB)
[2024-08-02T03:25:58.086+0000] {spark_submit.py:579} INFO - 24/08/02 03:25:58 INFO MemoryStore: Block broadcast_1_piece0 stored as bytes in memory (estimated size 2.9 KiB, free 434.4 MiB)
[2024-08-02T03:25:58.088+0000] {spark_submit.py:579} INFO - 24/08/02 03:25:58 INFO BlockManagerInfo: Added broadcast_1_piece0 in memory on 6ca033ce2ef0:44177 (size: 2.9 KiB, free: 434.4 MiB)
[2024-08-02T03:25:58.090+0000] {spark_submit.py:579} INFO - 24/08/02 03:25:58 INFO SparkContext: Created broadcast 1 from broadcast at DAGScheduler.scala:1585
[2024-08-02T03:25:58.094+0000] {spark_submit.py:579} INFO - 24/08/02 03:25:58 INFO DAGScheduler: Submitting 1 missing tasks from ResultStage 1 (ShuffledRDD[3] at reduceByKey at WordCountJob.java:34) (first 15 tasks are for partitions Vector(0))
[2024-08-02T03:25:58.095+0000] {spark_submit.py:579} INFO - 24/08/02 03:25:58 INFO TaskSchedulerImpl: Adding task set 1.0 with 1 tasks resource profile 0
[2024-08-02T03:25:58.119+0000] {spark_submit.py:579} INFO - 24/08/02 03:25:58 INFO TaskSetManager: Starting task 0.0 in stage 1.0 (TID 1) (6ca033ce2ef0, executor driver, partition 0, NODE_LOCAL, 7618 bytes)
[2024-08-02T03:25:58.121+0000] {spark_submit.py:579} INFO - 24/08/02 03:25:58 INFO Executor: Running task 0.0 in stage 1.0 (TID 1)
[2024-08-02T03:25:58.186+0000] {spark_submit.py:579} INFO - 24/08/02 03:25:58 INFO ShuffleBlockFetcherIterator: Getting 1 (189.0 B) non-empty blocks including 1 (189.0 B) local and 0 (0.0 B) host-local and 0 (0.0 B) push-merged-local and 0 (0.0 B) remote blocks
[2024-08-02T03:25:58.191+0000] {spark_submit.py:579} INFO - 24/08/02 03:25:58 INFO ShuffleBlockFetcherIterator: Started 0 remote fetches in 17 ms
[2024-08-02T03:25:58.227+0000] {spark_submit.py:579} INFO - 24/08/02 03:25:58 INFO Executor: Finished task 0.0 in stage 1.0 (TID 1). 1958 bytes result sent to driver
[2024-08-02T03:25:58.231+0000] {spark_submit.py:579} INFO - 24/08/02 03:25:58 INFO TaskSetManager: Finished task 0.0 in stage 1.0 (TID 1) in 116 ms on 6ca033ce2ef0 (executor driver) (1/1)
[2024-08-02T03:25:58.232+0000] {spark_submit.py:579} INFO - 24/08/02 03:25:58 INFO TaskSchedulerImpl: Removed TaskSet 1.0, whose tasks have all completed, from pool
[2024-08-02T03:25:58.234+0000] {spark_submit.py:579} INFO - 24/08/02 03:25:58 INFO DAGScheduler: ResultStage 1 (collect at WordCountJob.java:37) finished in 0.159 s
[2024-08-02T03:25:58.239+0000] {spark_submit.py:579} INFO - 24/08/02 03:25:58 INFO DAGScheduler: Job 0 is finished. Cancelling potential speculative or zombie tasks for this job
[2024-08-02T03:25:58.240+0000] {spark_submit.py:579} INFO - 24/08/02 03:25:58 INFO TaskSchedulerImpl: Killing all running tasks in stage 1: Stage finished
[2024-08-02T03:25:58.243+0000] {spark_submit.py:579} INFO - 24/08/02 03:25:58 INFO DAGScheduler: Job 0 finished: collect at WordCountJob.java:37, took 0.859359 s
[2024-08-02T03:25:58.247+0000] {spark_submit.py:579} INFO - spark: 1
[2024-08-02T03:25:58.248+0000] {spark_submit.py:579} INFO - docker: 1
[2024-08-02T03:25:58.249+0000] {spark_submit.py:579} INFO - Yusuf: 1
[2024-08-02T03:25:58.250+0000] {spark_submit.py:579} INFO - hello: 5
[2024-08-02T03:25:58.250+0000] {spark_submit.py:579} INFO - java: 1
[2024-08-02T03:25:58.251+0000] {spark_submit.py:579} INFO - world: 1
[2024-08-02T03:25:58.252+0000] {spark_submit.py:579} INFO - 24/08/02 03:25:58 INFO SparkContext: SparkContext is stopping with exitCode 0.
[2024-08-02T03:25:58.273+0000] {spark_submit.py:579} INFO - 24/08/02 03:25:58 INFO SparkUI: Stopped Spark web UI at http://6ca033ce2ef0:4040
[2024-08-02T03:25:58.298+0000] {spark_submit.py:579} INFO - 24/08/02 03:25:58 INFO MapOutputTrackerMasterEndpoint: MapOutputTrackerMasterEndpoint stopped!
[2024-08-02T03:25:58.318+0000] {spark_submit.py:579} INFO - 24/08/02 03:25:58 INFO MemoryStore: MemoryStore cleared
[2024-08-02T03:25:58.319+0000] {spark_submit.py:579} INFO - 24/08/02 03:25:58 INFO BlockManager: BlockManager stopped
[2024-08-02T03:25:58.327+0000] {spark_submit.py:579} INFO - 24/08/02 03:25:58 INFO BlockManagerMaster: BlockManagerMaster stopped
[2024-08-02T03:25:58.331+0000] {spark_submit.py:579} INFO - 24/08/02 03:25:58 INFO OutputCommitCoordinator$OutputCommitCoordinatorEndpoint: OutputCommitCoordinator stopped!
[2024-08-02T03:25:58.341+0000] {spark_submit.py:579} INFO - 24/08/02 03:25:58 INFO SparkContext: Successfully stopped SparkContext
[2024-08-02T03:25:58.344+0000] {spark_submit.py:579} INFO - 24/08/02 03:25:58 INFO ShutdownHookManager: Shutdown hook called
[2024-08-02T03:25:58.345+0000] {spark_submit.py:579} INFO - 24/08/02 03:25:58 INFO ShutdownHookManager: Deleting directory /tmp/spark-c21c8a7a-a14c-4c00-9702-3e8b8f15cf77
[2024-08-02T03:25:58.352+0000] {spark_submit.py:579} INFO - 24/08/02 03:25:58 INFO ShutdownHookManager: Deleting directory /tmp/spark-a26af5f4-ebc0-4a7a-a1e9-75123d4f647b
[2024-08-02T03:25:58.405+0000] {taskinstance.py:441} INFO - ::group::Post task execution logs
[2024-08-02T03:25:59.183+0000] {taskinstance.py:1206} INFO - Marking task as SUCCESS. dag_id=sparking_flow, task_id=java_job, run_id=scheduled__2024-08-01T00:00:00+00:00, execution_date=20240801T000000, start_date=20240802T032551, end_date=20240802T032559
[2024-08-02T03:25:59.214+0000] {local_task_job_runner.py:243} INFO - Task exited with return code 0
[2024-08-02T03:25:59.243+0000] {taskinstance.py:3503} INFO - 0 downstream tasks scheduled from follow-on schedule check
[2024-08-02T03:25:59.246+0000] {local_task_job_runner.py:222} INFO - ::endgroup::
