[2024-08-02T02:54:56.684+0000] {local_task_job_runner.py:120} INFO - ::group::Pre task execution logs
[2024-08-02T02:54:56.727+0000] {taskinstance.py:2076} INFO - Dependencies all met for dep_context=non-requeueable deps ti=<TaskInstance: sparking_flow.python_job scheduled__2024-08-01T00:00:00+00:00 [queued]>
[2024-08-02T02:54:56.739+0000] {taskinstance.py:2076} INFO - Dependencies all met for dep_context=requeueable deps ti=<TaskInstance: sparking_flow.python_job scheduled__2024-08-01T00:00:00+00:00 [queued]>
[2024-08-02T02:54:56.740+0000] {taskinstance.py:2306} INFO - Starting attempt 1 of 1
[2024-08-02T02:54:56.758+0000] {taskinstance.py:2330} INFO - Executing <Task(SparkSubmitOperator): python_job> on 2024-08-01 00:00:00+00:00
[2024-08-02T02:54:56.763+0000] {standard_task_runner.py:64} INFO - Started process 280 to run task
[2024-08-02T02:54:56.769+0000] {standard_task_runner.py:90} INFO - Running: ['***', 'tasks', 'run', 'sparking_flow', 'python_job', 'scheduled__2024-08-01T00:00:00+00:00', '--job-id', '4', '--raw', '--subdir', 'DAGS_FOLDER/spark_***.py', '--cfg-path', '/tmp/tmp28xycvxs']
[2024-08-02T02:54:56.772+0000] {standard_task_runner.py:91} INFO - Job 4: Subtask python_job
[2024-08-02T02:54:56.839+0000] {task_command.py:426} INFO - Running <TaskInstance: sparking_flow.python_job scheduled__2024-08-01T00:00:00+00:00 [running]> on host c1afb265eb2c
[2024-08-02T02:54:56.950+0000] {taskinstance.py:2648} INFO - Exporting env vars: AIRFLOW_CTX_DAG_OWNER='Yusuf Ganiyu' AIRFLOW_CTX_DAG_ID='sparking_flow' AIRFLOW_CTX_TASK_ID='python_job' AIRFLOW_CTX_EXECUTION_DATE='2024-08-01T00:00:00+00:00' AIRFLOW_CTX_TRY_NUMBER='1' AIRFLOW_CTX_DAG_RUN_ID='scheduled__2024-08-01T00:00:00+00:00'
[2024-08-02T02:54:56.951+0000] {taskinstance.py:430} INFO - ::endgroup::
[2024-08-02T02:54:56.975+0000] {base.py:84} INFO - Using connection ID 'spark-conn' for task execution.
[2024-08-02T02:54:56.977+0000] {spark_submit.py:403} INFO - Spark-Submit cmd: spark-submit --master spark://spark-master:7077 --name arrow-spark --deploy-mode client jobs/python/wordcountjob.py
[2024-08-02T02:54:57.174+0000] {spark_submit.py:579} INFO - /home/***/.local/lib/python3.9/site-packages/pyspark/bin/spark-class: line 71: /usr/lib/jvm/java-11-openjdk-arm64/bin/java: No such file or directory
[2024-08-02T02:54:57.175+0000] {spark_submit.py:579} INFO - /home/***/.local/lib/python3.9/site-packages/pyspark/bin/spark-class: line 97: CMD: bad array subscript
[2024-08-02T02:54:57.178+0000] {taskinstance.py:441} INFO - ::group::Post task execution logs
[2024-08-02T02:54:57.192+0000] {taskinstance.py:2905} ERROR - Task failed with exception
Traceback (most recent call last):
  File "/home/airflow/.local/lib/python3.9/site-packages/airflow/models/taskinstance.py", line 465, in _execute_task
    result = _execute_callable(context=context, **execute_callable_kwargs)
  File "/home/airflow/.local/lib/python3.9/site-packages/airflow/models/taskinstance.py", line 432, in _execute_callable
    return execute_callable(context=context, **execute_callable_kwargs)
  File "/home/airflow/.local/lib/python3.9/site-packages/airflow/models/baseoperator.py", line 401, in wrapper
    return func(self, *args, **kwargs)
  File "/home/airflow/.local/lib/python3.9/site-packages/airflow/providers/apache/spark/operators/spark_submit.py", line 174, in execute
    self._hook.submit(self.application)
  File "/home/airflow/.local/lib/python3.9/site-packages/airflow/providers/apache/spark/hooks/spark_submit.py", line 505, in submit
    raise AirflowException(
airflow.exceptions.AirflowException: Cannot execute: spark-submit --master spark://spark-master:7077 --name arrow-spark --deploy-mode client jobs/python/wordcountjob.py. Error code is: 1.
[2024-08-02T02:54:57.202+0000] {taskinstance.py:1206} INFO - Marking task as FAILED. dag_id=sparking_flow, task_id=python_job, run_id=scheduled__2024-08-01T00:00:00+00:00, execution_date=20240801T000000, start_date=20240802T025456, end_date=20240802T025457
[2024-08-02T02:54:57.221+0000] {standard_task_runner.py:110} ERROR - Failed to execute job 4 for task python_job (Cannot execute: spark-submit --master spark://spark-master:7077 --name arrow-spark --deploy-mode client jobs/python/wordcountjob.py. Error code is: 1.; 280)
[2024-08-02T02:54:57.263+0000] {local_task_job_runner.py:243} INFO - Task exited with return code 1
[2024-08-02T02:54:57.276+0000] {local_task_job_runner.py:222} INFO - ::endgroup::
[2024-08-02T03:09:58.715+0000] {local_task_job_runner.py:120} INFO - ::group::Pre task execution logs
[2024-08-02T03:09:58.765+0000] {taskinstance.py:2076} INFO - Dependencies all met for dep_context=non-requeueable deps ti=<TaskInstance: sparking_flow.python_job scheduled__2024-08-01T00:00:00+00:00 [queued]>
[2024-08-02T03:09:58.775+0000] {taskinstance.py:2076} INFO - Dependencies all met for dep_context=requeueable deps ti=<TaskInstance: sparking_flow.python_job scheduled__2024-08-01T00:00:00+00:00 [queued]>
[2024-08-02T03:09:58.776+0000] {taskinstance.py:2306} INFO - Starting attempt 1 of 1
[2024-08-02T03:09:58.794+0000] {taskinstance.py:2330} INFO - Executing <Task(SparkSubmitOperator): python_job> on 2024-08-01 00:00:00+00:00
[2024-08-02T03:09:58.799+0000] {standard_task_runner.py:64} INFO - Started process 209 to run task
[2024-08-02T03:09:58.802+0000] {standard_task_runner.py:90} INFO - Running: ['***', 'tasks', 'run', 'sparking_flow', 'python_job', 'scheduled__2024-08-01T00:00:00+00:00', '--job-id', '4', '--raw', '--subdir', 'DAGS_FOLDER/spark_***.py', '--cfg-path', '/tmp/tmpt0p8tfop']
[2024-08-02T03:09:58.804+0000] {standard_task_runner.py:91} INFO - Job 4: Subtask python_job
[2024-08-02T03:09:58.895+0000] {task_command.py:426} INFO - Running <TaskInstance: sparking_flow.python_job scheduled__2024-08-01T00:00:00+00:00 [running]> on host a40d08cbcf65
[2024-08-02T03:09:59.033+0000] {taskinstance.py:2648} INFO - Exporting env vars: AIRFLOW_CTX_DAG_OWNER='Yusuf Ganiyu' AIRFLOW_CTX_DAG_ID='sparking_flow' AIRFLOW_CTX_TASK_ID='python_job' AIRFLOW_CTX_EXECUTION_DATE='2024-08-01T00:00:00+00:00' AIRFLOW_CTX_TRY_NUMBER='1' AIRFLOW_CTX_DAG_RUN_ID='scheduled__2024-08-01T00:00:00+00:00'
[2024-08-02T03:09:59.036+0000] {taskinstance.py:430} INFO - ::endgroup::
[2024-08-02T03:09:59.066+0000] {base.py:84} INFO - Using connection ID 'spark-conn' for task execution.
[2024-08-02T03:09:59.068+0000] {spark_submit.py:403} INFO - Spark-Submit cmd: spark-submit --master spark://spark-master:7077 --name arrow-spark --deploy-mode client jobs/python/wordcountjob.py
[2024-08-02T03:10:04.048+0000] {spark_submit.py:579} INFO - 24/08/02 03:10:04 INFO SparkContext: Running Spark version 3.5.1
[2024-08-02T03:10:04.052+0000] {spark_submit.py:579} INFO - 24/08/02 03:10:04 INFO SparkContext: OS info Linux, 5.15.133.1-microsoft-standard-WSL2, amd64
[2024-08-02T03:10:04.053+0000] {spark_submit.py:579} INFO - 24/08/02 03:10:04 INFO SparkContext: Java version 17.0.11
[2024-08-02T03:10:04.140+0000] {spark_submit.py:579} INFO - 24/08/02 03:10:04 WARN NativeCodeLoader: Unable to load native-hadoop library for your platform... using builtin-java classes where applicable
[2024-08-02T03:10:04.314+0000] {spark_submit.py:579} INFO - 24/08/02 03:10:04 INFO ResourceUtils: ==============================================================
[2024-08-02T03:10:04.315+0000] {spark_submit.py:579} INFO - 24/08/02 03:10:04 INFO ResourceUtils: No custom resources configured for spark.driver.
[2024-08-02T03:10:04.316+0000] {spark_submit.py:579} INFO - 24/08/02 03:10:04 INFO ResourceUtils: ==============================================================
[2024-08-02T03:10:04.317+0000] {spark_submit.py:579} INFO - 24/08/02 03:10:04 INFO SparkContext: Submitted application: PythonWordCount
[2024-08-02T03:10:04.352+0000] {spark_submit.py:579} INFO - 24/08/02 03:10:04 INFO ResourceProfile: Default ResourceProfile created, executor resources: Map(memory -> name: memory, amount: 1024, script: , vendor: , offHeap -> name: offHeap, amount: 0, script: , vendor: ), task resources: Map(cpus -> name: cpus, amount: 1.0)
[2024-08-02T03:10:04.365+0000] {spark_submit.py:579} INFO - 24/08/02 03:10:04 INFO ResourceProfile: Limiting resource is cpu
[2024-08-02T03:10:04.366+0000] {spark_submit.py:579} INFO - 24/08/02 03:10:04 INFO ResourceProfileManager: Added ResourceProfile id: 0
[2024-08-02T03:10:04.469+0000] {spark_submit.py:579} INFO - 24/08/02 03:10:04 INFO SecurityManager: Changing view acls to: ***
[2024-08-02T03:10:04.471+0000] {spark_submit.py:579} INFO - 24/08/02 03:10:04 INFO SecurityManager: Changing modify acls to: ***
[2024-08-02T03:10:04.473+0000] {spark_submit.py:579} INFO - 24/08/02 03:10:04 INFO SecurityManager: Changing view acls groups to:
[2024-08-02T03:10:04.474+0000] {spark_submit.py:579} INFO - 24/08/02 03:10:04 INFO SecurityManager: Changing modify acls groups to:
[2024-08-02T03:10:04.475+0000] {spark_submit.py:579} INFO - 24/08/02 03:10:04 INFO SecurityManager: SecurityManager: authentication disabled; ui acls disabled; users with view permissions: ***; groups with view permissions: EMPTY; users with modify permissions: ***; groups with modify permissions: EMPTY
[2024-08-02T03:10:04.917+0000] {spark_submit.py:579} INFO - 24/08/02 03:10:04 INFO Utils: Successfully started service 'sparkDriver' on port 38509.
[2024-08-02T03:10:04.985+0000] {spark_submit.py:579} INFO - 24/08/02 03:10:04 INFO SparkEnv: Registering MapOutputTracker
[2024-08-02T03:10:05.053+0000] {spark_submit.py:579} INFO - 24/08/02 03:10:05 INFO SparkEnv: Registering BlockManagerMaster
[2024-08-02T03:10:05.086+0000] {spark_submit.py:579} INFO - 24/08/02 03:10:05 INFO BlockManagerMasterEndpoint: Using org.apache.spark.storage.DefaultTopologyMapper for getting topology information
[2024-08-02T03:10:05.087+0000] {spark_submit.py:579} INFO - 24/08/02 03:10:05 INFO BlockManagerMasterEndpoint: BlockManagerMasterEndpoint up
[2024-08-02T03:10:05.094+0000] {spark_submit.py:579} INFO - 24/08/02 03:10:05 INFO SparkEnv: Registering BlockManagerMasterHeartbeat
[2024-08-02T03:10:05.138+0000] {spark_submit.py:579} INFO - 24/08/02 03:10:05 INFO DiskBlockManager: Created local directory at /tmp/blockmgr-c93282fe-f61e-4099-aa13-d1fd796bc093
[2024-08-02T03:10:05.164+0000] {spark_submit.py:579} INFO - 24/08/02 03:10:05 INFO MemoryStore: MemoryStore started with capacity 434.4 MiB
[2024-08-02T03:10:05.198+0000] {spark_submit.py:579} INFO - 24/08/02 03:10:05 INFO SparkEnv: Registering OutputCommitCoordinator
[2024-08-02T03:10:05.476+0000] {spark_submit.py:579} INFO - 24/08/02 03:10:05 INFO JettyUtils: Start Jetty 0.0.0.0:4040 for SparkUI
[2024-08-02T03:10:05.590+0000] {spark_submit.py:579} INFO - 24/08/02 03:10:05 INFO Utils: Successfully started service 'SparkUI' on port 4040.
[2024-08-02T03:10:05.805+0000] {spark_submit.py:579} INFO - 24/08/02 03:10:05 INFO StandaloneAppClient$ClientEndpoint: Connecting to master spark://spark-master:7077...
[2024-08-02T03:10:05.880+0000] {spark_submit.py:579} INFO - 24/08/02 03:10:05 INFO TransportClientFactory: Successfully created connection to spark-master/172.19.0.3:7077 after 42 ms (0 ms spent in bootstraps)
[2024-08-02T03:10:06.016+0000] {spark_submit.py:579} INFO - 24/08/02 03:10:06 INFO StandaloneSchedulerBackend: Connected to Spark cluster with app ID app-20240802031006-0001
[2024-08-02T03:10:06.030+0000] {spark_submit.py:579} INFO - 24/08/02 03:10:06 INFO Utils: Successfully started service 'org.apache.spark.network.netty.NettyBlockTransferService' on port 39523.
[2024-08-02T03:10:06.032+0000] {spark_submit.py:579} INFO - 24/08/02 03:10:06 INFO NettyBlockTransferService: Server created on a40d08cbcf65:39523
[2024-08-02T03:10:06.034+0000] {spark_submit.py:579} INFO - 24/08/02 03:10:06 INFO BlockManager: Using org.apache.spark.storage.RandomBlockReplicationPolicy for block replication policy
[2024-08-02T03:10:06.047+0000] {spark_submit.py:579} INFO - 24/08/02 03:10:06 INFO BlockManagerMaster: Registering BlockManager BlockManagerId(driver, a40d08cbcf65, 39523, None)
[2024-08-02T03:10:06.053+0000] {spark_submit.py:579} INFO - 24/08/02 03:10:06 INFO BlockManagerMasterEndpoint: Registering block manager a40d08cbcf65:39523 with 434.4 MiB RAM, BlockManagerId(driver, a40d08cbcf65, 39523, None)
[2024-08-02T03:10:06.057+0000] {spark_submit.py:579} INFO - 24/08/02 03:10:06 INFO BlockManagerMaster: Registered BlockManager BlockManagerId(driver, a40d08cbcf65, 39523, None)
[2024-08-02T03:10:06.060+0000] {spark_submit.py:579} INFO - 24/08/02 03:10:06 INFO BlockManager: Initialized BlockManager: BlockManagerId(driver, a40d08cbcf65, 39523, None)
[2024-08-02T03:10:06.348+0000] {spark_submit.py:579} INFO - 24/08/02 03:10:06 INFO StandaloneSchedulerBackend: SchedulerBackend is ready for scheduling beginning after reached minRegisteredResourcesRatio: 0.0
[2024-08-02T03:10:07.027+0000] {spark_submit.py:579} INFO - 24/08/02 03:10:07 INFO SparkContext: Starting job: collect at /opt/***/jobs/python/wordcountjob.py:11
[2024-08-02T03:10:07.057+0000] {spark_submit.py:579} INFO - 24/08/02 03:10:07 INFO DAGScheduler: Registering RDD 2 (reduceByKey at /opt/***/jobs/python/wordcountjob.py:9) as input to shuffle 0
[2024-08-02T03:10:07.067+0000] {spark_submit.py:579} INFO - 24/08/02 03:10:07 INFO DAGScheduler: Got job 0 (collect at /opt/***/jobs/python/wordcountjob.py:11) with 2 output partitions
[2024-08-02T03:10:07.068+0000] {spark_submit.py:579} INFO - 24/08/02 03:10:07 INFO DAGScheduler: Final stage: ResultStage 1 (collect at /opt/***/jobs/python/wordcountjob.py:11)
[2024-08-02T03:10:07.069+0000] {spark_submit.py:579} INFO - 24/08/02 03:10:07 INFO DAGScheduler: Parents of final stage: List(ShuffleMapStage 0)
[2024-08-02T03:10:07.071+0000] {spark_submit.py:579} INFO - 24/08/02 03:10:07 INFO DAGScheduler: Missing parents: List(ShuffleMapStage 0)
[2024-08-02T03:10:07.076+0000] {spark_submit.py:579} INFO - 24/08/02 03:10:07 INFO DAGScheduler: Submitting ShuffleMapStage 0 (PairwiseRDD[2] at reduceByKey at /opt/***/jobs/python/wordcountjob.py:9), which has no missing parents
[2024-08-02T03:10:07.155+0000] {spark_submit.py:579} INFO - 24/08/02 03:10:07 INFO MemoryStore: Block broadcast_0 stored as values in memory (estimated size 9.8 KiB, free 434.4 MiB)
[2024-08-02T03:10:07.190+0000] {spark_submit.py:579} INFO - 24/08/02 03:10:07 INFO MemoryStore: Block broadcast_0_piece0 stored as bytes in memory (estimated size 6.3 KiB, free 434.4 MiB)
[2024-08-02T03:10:07.193+0000] {spark_submit.py:579} INFO - 24/08/02 03:10:07 INFO BlockManagerInfo: Added broadcast_0_piece0 in memory on a40d08cbcf65:39523 (size: 6.3 KiB, free: 434.4 MiB)
[2024-08-02T03:10:07.198+0000] {spark_submit.py:579} INFO - 24/08/02 03:10:07 INFO SparkContext: Created broadcast 0 from broadcast at DAGScheduler.scala:1585
[2024-08-02T03:10:07.213+0000] {spark_submit.py:579} INFO - 24/08/02 03:10:07 INFO DAGScheduler: Submitting 2 missing tasks from ShuffleMapStage 0 (PairwiseRDD[2] at reduceByKey at /opt/***/jobs/python/wordcountjob.py:9) (first 15 tasks are for partitions Vector(0, 1))
[2024-08-02T03:10:07.214+0000] {spark_submit.py:579} INFO - 24/08/02 03:10:07 INFO TaskSchedulerImpl: Adding task set 0.0 with 2 tasks resource profile 0
[2024-08-02T03:10:09.493+0000] {spark_submit.py:579} INFO - 24/08/02 03:10:09 INFO StandaloneAppClient$ClientEndpoint: Executor added: app-20240802031006-0001/0 on worker-20240802030811-172.19.0.4-34365 (172.19.0.4:34365) with 2 core(s)
[2024-08-02T03:10:09.497+0000] {spark_submit.py:579} INFO - 24/08/02 03:10:09 INFO StandaloneSchedulerBackend: Granted executor ID app-20240802031006-0001/0 on hostPort 172.19.0.4:34365 with 2 core(s), 1024.0 MiB RAM
[2024-08-02T03:10:09.553+0000] {spark_submit.py:579} INFO - 24/08/02 03:10:09 INFO StandaloneAppClient$ClientEndpoint: Executor updated: app-20240802031006-0001/0 is now RUNNING
[2024-08-02T03:10:11.944+0000] {spark_submit.py:579} INFO - 24/08/02 03:10:11 INFO StandaloneSchedulerBackend$StandaloneDriverEndpoint: Registered executor NettyRpcEndpointRef(spark-client://Executor) (172.19.0.4:40662) with ID 0,  ResourceProfileId 0
[2024-08-02T03:10:12.022+0000] {spark_submit.py:579} INFO - 24/08/02 03:10:12 INFO BlockManagerMasterEndpoint: Registering block manager 172.19.0.4:40949 with 434.4 MiB RAM, BlockManagerId(0, 172.19.0.4, 40949, None)
[2024-08-02T03:10:12.085+0000] {spark_submit.py:579} INFO - 24/08/02 03:10:12 INFO TaskSetManager: Starting task 0.0 in stage 0.0 (TID 0) (172.19.0.4, executor 0, partition 0, PROCESS_LOCAL, 7655 bytes)
[2024-08-02T03:10:12.089+0000] {spark_submit.py:579} INFO - 24/08/02 03:10:12 INFO TaskSetManager: Starting task 1.0 in stage 0.0 (TID 1) (172.19.0.4, executor 0, partition 1, PROCESS_LOCAL, 7688 bytes)
[2024-08-02T03:10:12.332+0000] {spark_submit.py:579} INFO - 24/08/02 03:10:12 INFO BlockManagerInfo: Added broadcast_0_piece0 in memory on 172.19.0.4:40949 (size: 6.3 KiB, free: 434.4 MiB)
[2024-08-02T03:10:13.356+0000] {spark_submit.py:579} INFO - 24/08/02 03:10:13 WARN TaskSetManager: Lost task 0.0 in stage 0.0 (TID 0) (172.19.0.4 executor 0): org.apache.spark.api.python.PythonException: Traceback (most recent call last):
[2024-08-02T03:10:13.357+0000] {spark_submit.py:579} INFO - File "/opt/bitnami/spark/python/lib/pyspark.zip/pyspark/worker.py", line 1100, in main
[2024-08-02T03:10:13.357+0000] {spark_submit.py:579} INFO - raise PySparkRuntimeError(
[2024-08-02T03:10:13.358+0000] {spark_submit.py:579} INFO - pyspark.errors.exceptions.base.PySparkRuntimeError: [PYTHON_VERSION_MISMATCH] Python in worker has different version (3, 11) than that in driver 3.9, PySpark cannot run with different minor versions.
[2024-08-02T03:10:13.358+0000] {spark_submit.py:579} INFO - Please check environment variables PYSPARK_PYTHON and PYSPARK_DRIVER_PYTHON are correctly set.
[2024-08-02T03:10:13.359+0000] {spark_submit.py:579} INFO - 
[2024-08-02T03:10:13.359+0000] {spark_submit.py:579} INFO - at org.apache.spark.api.python.BasePythonRunner$ReaderIterator.handlePythonException(PythonRunner.scala:572)
[2024-08-02T03:10:13.360+0000] {spark_submit.py:579} INFO - at org.apache.spark.api.python.PythonRunner$$anon$3.read(PythonRunner.scala:784)
[2024-08-02T03:10:13.360+0000] {spark_submit.py:579} INFO - at org.apache.spark.api.python.PythonRunner$$anon$3.read(PythonRunner.scala:766)
[2024-08-02T03:10:13.360+0000] {spark_submit.py:579} INFO - at org.apache.spark.api.python.BasePythonRunner$ReaderIterator.hasNext(PythonRunner.scala:525)
[2024-08-02T03:10:13.361+0000] {spark_submit.py:579} INFO - at org.apache.spark.InterruptibleIterator.hasNext(InterruptibleIterator.scala:37)
[2024-08-02T03:10:13.361+0000] {spark_submit.py:579} INFO - at scala.collection.Iterator$GroupedIterator.fill(Iterator.scala:1211)
[2024-08-02T03:10:13.362+0000] {spark_submit.py:579} INFO - at scala.collection.Iterator$GroupedIterator.hasNext(Iterator.scala:1217)
[2024-08-02T03:10:13.363+0000] {spark_submit.py:579} INFO - at scala.collection.Iterator$$anon$10.hasNext(Iterator.scala:460)
[2024-08-02T03:10:13.364+0000] {spark_submit.py:579} INFO - at org.apache.spark.shuffle.sort.BypassMergeSortShuffleWriter.write(BypassMergeSortShuffleWriter.java:140)
[2024-08-02T03:10:13.364+0000] {spark_submit.py:579} INFO - at org.apache.spark.shuffle.ShuffleWriteProcessor.write(ShuffleWriteProcessor.scala:59)
[2024-08-02T03:10:13.365+0000] {spark_submit.py:579} INFO - at org.apache.spark.scheduler.ShuffleMapTask.runTask(ShuffleMapTask.scala:104)
[2024-08-02T03:10:13.366+0000] {spark_submit.py:579} INFO - at org.apache.spark.scheduler.ShuffleMapTask.runTask(ShuffleMapTask.scala:54)
[2024-08-02T03:10:13.366+0000] {spark_submit.py:579} INFO - at org.apache.spark.TaskContext.runTaskWithListeners(TaskContext.scala:166)
[2024-08-02T03:10:13.367+0000] {spark_submit.py:579} INFO - at org.apache.spark.scheduler.Task.run(Task.scala:141)
[2024-08-02T03:10:13.368+0000] {spark_submit.py:579} INFO - at org.apache.spark.executor.Executor$TaskRunner.$anonfun$run$4(Executor.scala:620)
[2024-08-02T03:10:13.372+0000] {spark_submit.py:579} INFO - at org.apache.spark.util.SparkErrorUtils.tryWithSafeFinally(SparkErrorUtils.scala:64)
[2024-08-02T03:10:13.372+0000] {spark_submit.py:579} INFO - at org.apache.spark.util.SparkErrorUtils.tryWithSafeFinally$(SparkErrorUtils.scala:61)
[2024-08-02T03:10:13.373+0000] {spark_submit.py:579} INFO - at org.apache.spark.util.Utils$.tryWithSafeFinally(Utils.scala:94)
[2024-08-02T03:10:13.374+0000] {spark_submit.py:579} INFO - at org.apache.spark.executor.Executor$TaskRunner.run(Executor.scala:623)
[2024-08-02T03:10:13.375+0000] {spark_submit.py:579} INFO - at java.base/java.util.concurrent.ThreadPoolExecutor.runWorker(ThreadPoolExecutor.java:1136)
[2024-08-02T03:10:13.376+0000] {spark_submit.py:579} INFO - at java.base/java.util.concurrent.ThreadPoolExecutor$Worker.run(ThreadPoolExecutor.java:635)
[2024-08-02T03:10:13.376+0000] {spark_submit.py:579} INFO - at java.base/java.lang.Thread.run(Thread.java:840)
[2024-08-02T03:10:13.378+0000] {spark_submit.py:579} INFO - 
[2024-08-02T03:10:13.379+0000] {spark_submit.py:579} INFO - 24/08/02 03:10:13 INFO TaskSetManager: Starting task 0.1 in stage 0.0 (TID 2) (172.19.0.4, executor 0, partition 0, PROCESS_LOCAL, 7655 bytes)
[2024-08-02T03:10:13.381+0000] {spark_submit.py:579} INFO - 24/08/02 03:10:13 INFO TaskSetManager: Lost task 1.0 in stage 0.0 (TID 1) on 172.19.0.4, executor 0: org.apache.spark.api.python.PythonException (Traceback (most recent call last):
[2024-08-02T03:10:13.382+0000] {spark_submit.py:579} INFO - File "/opt/bitnami/spark/python/lib/pyspark.zip/pyspark/worker.py", line 1100, in main
[2024-08-02T03:10:13.382+0000] {spark_submit.py:579} INFO - raise PySparkRuntimeError(
[2024-08-02T03:10:13.383+0000] {spark_submit.py:579} INFO - pyspark.errors.exceptions.base.PySparkRuntimeError: [PYTHON_VERSION_MISMATCH] Python in worker has different version (3, 11) than that in driver 3.9, PySpark cannot run with different minor versions.
[2024-08-02T03:10:13.383+0000] {spark_submit.py:579} INFO - Please check environment variables PYSPARK_PYTHON and PYSPARK_DRIVER_PYTHON are correctly set.
[2024-08-02T03:10:13.384+0000] {spark_submit.py:579} INFO - ) [duplicate 1]
[2024-08-02T03:10:13.384+0000] {spark_submit.py:579} INFO - 24/08/02 03:10:13 INFO TaskSetManager: Starting task 1.1 in stage 0.0 (TID 3) (172.19.0.4, executor 0, partition 1, PROCESS_LOCAL, 7688 bytes)
[2024-08-02T03:10:13.403+0000] {spark_submit.py:579} INFO - 24/08/02 03:10:13 INFO TaskSetManager: Lost task 0.1 in stage 0.0 (TID 2) on 172.19.0.4, executor 0: org.apache.spark.api.python.PythonException (Traceback (most recent call last):
[2024-08-02T03:10:13.405+0000] {spark_submit.py:579} INFO - File "/opt/bitnami/spark/python/lib/pyspark.zip/pyspark/worker.py", line 1100, in main
[2024-08-02T03:10:13.406+0000] {spark_submit.py:579} INFO - raise PySparkRuntimeError(
[2024-08-02T03:10:13.407+0000] {spark_submit.py:579} INFO - pyspark.errors.exceptions.base.PySparkRuntimeError: [PYTHON_VERSION_MISMATCH] Python in worker has different version (3, 11) than that in driver 3.9, PySpark cannot run with different minor versions.
[2024-08-02T03:10:13.408+0000] {spark_submit.py:579} INFO - Please check environment variables PYSPARK_PYTHON and PYSPARK_DRIVER_PYTHON are correctly set.
[2024-08-02T03:10:13.408+0000] {spark_submit.py:579} INFO - ) [duplicate 2]
[2024-08-02T03:10:13.410+0000] {spark_submit.py:579} INFO - 24/08/02 03:10:13 INFO TaskSetManager: Starting task 0.2 in stage 0.0 (TID 4) (172.19.0.4, executor 0, partition 0, PROCESS_LOCAL, 7655 bytes)
[2024-08-02T03:10:13.411+0000] {spark_submit.py:579} INFO - 24/08/02 03:10:13 INFO TaskSetManager: Lost task 1.1 in stage 0.0 (TID 3) on 172.19.0.4, executor 0: org.apache.spark.api.python.PythonException (Traceback (most recent call last):
[2024-08-02T03:10:13.412+0000] {spark_submit.py:579} INFO - File "/opt/bitnami/spark/python/lib/pyspark.zip/pyspark/worker.py", line 1100, in main
[2024-08-02T03:10:13.413+0000] {spark_submit.py:579} INFO - raise PySparkRuntimeError(
[2024-08-02T03:10:13.422+0000] {spark_submit.py:579} INFO - pyspark.errors.exceptions.base.PySparkRuntimeError: [PYTHON_VERSION_MISMATCH] Python in worker has different version (3, 11) than that in driver 3.9, PySpark cannot run with different minor versions.
[2024-08-02T03:10:13.423+0000] {spark_submit.py:579} INFO - Please check environment variables PYSPARK_PYTHON and PYSPARK_DRIVER_PYTHON are correctly set.
[2024-08-02T03:10:13.424+0000] {spark_submit.py:579} INFO - ) [duplicate 3]
[2024-08-02T03:10:13.424+0000] {spark_submit.py:579} INFO - 24/08/02 03:10:13 INFO TaskSetManager: Starting task 1.2 in stage 0.0 (TID 5) (172.19.0.4, executor 0, partition 1, PROCESS_LOCAL, 7688 bytes)
[2024-08-02T03:10:13.452+0000] {spark_submit.py:579} INFO - 24/08/02 03:10:13 INFO TaskSetManager: Lost task 0.2 in stage 0.0 (TID 4) on 172.19.0.4, executor 0: org.apache.spark.api.python.PythonException (Traceback (most recent call last):
[2024-08-02T03:10:13.456+0000] {spark_submit.py:579} INFO - File "/opt/bitnami/spark/python/lib/pyspark.zip/pyspark/worker.py", line 1100, in main
[2024-08-02T03:10:13.457+0000] {spark_submit.py:579} INFO - raise PySparkRuntimeError(
[2024-08-02T03:10:13.458+0000] {spark_submit.py:579} INFO - pyspark.errors.exceptions.base.PySparkRuntimeError: [PYTHON_VERSION_MISMATCH] Python in worker has different version (3, 11) than that in driver 3.9, PySpark cannot run with different minor versions.
[2024-08-02T03:10:13.458+0000] {spark_submit.py:579} INFO - Please check environment variables PYSPARK_PYTHON and PYSPARK_DRIVER_PYTHON are correctly set.
[2024-08-02T03:10:13.460+0000] {spark_submit.py:579} INFO - ) [duplicate 4]
[2024-08-02T03:10:13.464+0000] {spark_submit.py:579} INFO - 24/08/02 03:10:13 INFO TaskSetManager: Starting task 0.3 in stage 0.0 (TID 6) (172.19.0.4, executor 0, partition 0, PROCESS_LOCAL, 7655 bytes)
[2024-08-02T03:10:13.465+0000] {spark_submit.py:579} INFO - 24/08/02 03:10:13 INFO TaskSetManager: Lost task 1.2 in stage 0.0 (TID 5) on 172.19.0.4, executor 0: org.apache.spark.api.python.PythonException (Traceback (most recent call last):
[2024-08-02T03:10:13.465+0000] {spark_submit.py:579} INFO - File "/opt/bitnami/spark/python/lib/pyspark.zip/pyspark/worker.py", line 1100, in main
[2024-08-02T03:10:13.466+0000] {spark_submit.py:579} INFO - raise PySparkRuntimeError(
[2024-08-02T03:10:13.466+0000] {spark_submit.py:579} INFO - pyspark.errors.exceptions.base.PySparkRuntimeError: [PYTHON_VERSION_MISMATCH] Python in worker has different version (3, 11) than that in driver 3.9, PySpark cannot run with different minor versions.
[2024-08-02T03:10:13.467+0000] {spark_submit.py:579} INFO - Please check environment variables PYSPARK_PYTHON and PYSPARK_DRIVER_PYTHON are correctly set.
[2024-08-02T03:10:13.470+0000] {spark_submit.py:579} INFO - ) [duplicate 5]
[2024-08-02T03:10:13.471+0000] {spark_submit.py:579} INFO - 24/08/02 03:10:13 INFO TaskSetManager: Starting task 1.3 in stage 0.0 (TID 7) (172.19.0.4, executor 0, partition 1, PROCESS_LOCAL, 7688 bytes)
[2024-08-02T03:10:13.500+0000] {spark_submit.py:579} INFO - 24/08/02 03:10:13 INFO TaskSetManager: Lost task 0.3 in stage 0.0 (TID 6) on 172.19.0.4, executor 0: org.apache.spark.api.python.PythonException (Traceback (most recent call last):
[2024-08-02T03:10:13.506+0000] {spark_submit.py:579} INFO - File "/opt/bitnami/spark/python/lib/pyspark.zip/pyspark/worker.py", line 1100, in main
[2024-08-02T03:10:13.507+0000] {spark_submit.py:579} INFO - raise PySparkRuntimeError(
[2024-08-02T03:10:13.507+0000] {spark_submit.py:579} INFO - pyspark.errors.exceptions.base.PySparkRuntimeError: [PYTHON_VERSION_MISMATCH] Python in worker has different version (3, 11) than that in driver 3.9, PySpark cannot run with different minor versions.
[2024-08-02T03:10:13.508+0000] {spark_submit.py:579} INFO - Please check environment variables PYSPARK_PYTHON and PYSPARK_DRIVER_PYTHON are correctly set.
[2024-08-02T03:10:13.508+0000] {spark_submit.py:579} INFO - ) [duplicate 6]
[2024-08-02T03:10:13.509+0000] {spark_submit.py:579} INFO - 24/08/02 03:10:13 ERROR TaskSetManager: Task 0 in stage 0.0 failed 4 times; aborting job
[2024-08-02T03:10:13.509+0000] {spark_submit.py:579} INFO - 24/08/02 03:10:13 INFO TaskSchedulerImpl: Cancelling stage 0
[2024-08-02T03:10:13.510+0000] {spark_submit.py:579} INFO - 24/08/02 03:10:13 INFO TaskSchedulerImpl: Killing all running tasks in stage 0: Stage cancelled: Job aborted due to stage failure: Task 0 in stage 0.0 failed 4 times, most recent failure: Lost task 0.3 in stage 0.0 (TID 6) (172.19.0.4 executor 0): org.apache.spark.api.python.PythonException: Traceback (most recent call last):
[2024-08-02T03:10:13.510+0000] {spark_submit.py:579} INFO - File "/opt/bitnami/spark/python/lib/pyspark.zip/pyspark/worker.py", line 1100, in main
[2024-08-02T03:10:13.511+0000] {spark_submit.py:579} INFO - raise PySparkRuntimeError(
[2024-08-02T03:10:13.511+0000] {spark_submit.py:579} INFO - pyspark.errors.exceptions.base.PySparkRuntimeError: [PYTHON_VERSION_MISMATCH] Python in worker has different version (3, 11) than that in driver 3.9, PySpark cannot run with different minor versions.
[2024-08-02T03:10:13.512+0000] {spark_submit.py:579} INFO - Please check environment variables PYSPARK_PYTHON and PYSPARK_DRIVER_PYTHON are correctly set.
[2024-08-02T03:10:13.512+0000] {spark_submit.py:579} INFO - 
[2024-08-02T03:10:13.513+0000] {spark_submit.py:579} INFO - at org.apache.spark.api.python.BasePythonRunner$ReaderIterator.handlePythonException(PythonRunner.scala:572)
[2024-08-02T03:10:13.513+0000] {spark_submit.py:579} INFO - at org.apache.spark.api.python.PythonRunner$$anon$3.read(PythonRunner.scala:784)
[2024-08-02T03:10:13.514+0000] {spark_submit.py:579} INFO - at org.apache.spark.api.python.PythonRunner$$anon$3.read(PythonRunner.scala:766)
[2024-08-02T03:10:13.514+0000] {spark_submit.py:579} INFO - at org.apache.spark.api.python.BasePythonRunner$ReaderIterator.hasNext(PythonRunner.scala:525)
[2024-08-02T03:10:13.515+0000] {spark_submit.py:579} INFO - at org.apache.spark.InterruptibleIterator.hasNext(InterruptibleIterator.scala:37)
[2024-08-02T03:10:13.515+0000] {spark_submit.py:579} INFO - at scala.collection.Iterator$GroupedIterator.fill(Iterator.scala:1211)
[2024-08-02T03:10:13.516+0000] {spark_submit.py:579} INFO - at scala.collection.Iterator$GroupedIterator.hasNext(Iterator.scala:1217)
[2024-08-02T03:10:13.516+0000] {spark_submit.py:579} INFO - at scala.collection.Iterator$$anon$10.hasNext(Iterator.scala:460)
[2024-08-02T03:10:13.517+0000] {spark_submit.py:579} INFO - at org.apache.spark.shuffle.sort.BypassMergeSortShuffleWriter.write(BypassMergeSortShuffleWriter.java:140)
[2024-08-02T03:10:13.517+0000] {spark_submit.py:579} INFO - at org.apache.spark.shuffle.ShuffleWriteProcessor.write(ShuffleWriteProcessor.scala:59)
[2024-08-02T03:10:13.518+0000] {spark_submit.py:579} INFO - at org.apache.spark.scheduler.ShuffleMapTask.runTask(ShuffleMapTask.scala:104)
[2024-08-02T03:10:13.519+0000] {spark_submit.py:579} INFO - at org.apache.spark.scheduler.ShuffleMapTask.runTask(ShuffleMapTask.scala:54)
[2024-08-02T03:10:13.519+0000] {spark_submit.py:579} INFO - at org.apache.spark.TaskContext.runTaskWithListeners(TaskContext.scala:166)
[2024-08-02T03:10:13.520+0000] {spark_submit.py:579} INFO - at org.apache.spark.scheduler.Task.run(Task.scala:141)
[2024-08-02T03:10:13.520+0000] {spark_submit.py:579} INFO - at org.apache.spark.executor.Executor$TaskRunner.$anonfun$run$4(Executor.scala:620)
[2024-08-02T03:10:13.521+0000] {spark_submit.py:579} INFO - at org.apache.spark.util.SparkErrorUtils.tryWithSafeFinally(SparkErrorUtils.scala:64)
[2024-08-02T03:10:13.522+0000] {spark_submit.py:579} INFO - at org.apache.spark.util.SparkErrorUtils.tryWithSafeFinally$(SparkErrorUtils.scala:61)
[2024-08-02T03:10:13.522+0000] {spark_submit.py:579} INFO - at org.apache.spark.util.Utils$.tryWithSafeFinally(Utils.scala:94)
[2024-08-02T03:10:13.523+0000] {spark_submit.py:579} INFO - at org.apache.spark.executor.Executor$TaskRunner.run(Executor.scala:623)
[2024-08-02T03:10:13.523+0000] {spark_submit.py:579} INFO - at java.base/java.util.concurrent.ThreadPoolExecutor.runWorker(ThreadPoolExecutor.java:1136)
[2024-08-02T03:10:13.524+0000] {spark_submit.py:579} INFO - at java.base/java.util.concurrent.ThreadPoolExecutor$Worker.run(ThreadPoolExecutor.java:635)
[2024-08-02T03:10:13.524+0000] {spark_submit.py:579} INFO - at java.base/java.lang.Thread.run(Thread.java:840)
[2024-08-02T03:10:13.525+0000] {spark_submit.py:579} INFO - 
[2024-08-02T03:10:13.525+0000] {spark_submit.py:579} INFO - Driver stacktrace:
[2024-08-02T03:10:13.526+0000] {spark_submit.py:579} INFO - 24/08/02 03:10:13 INFO TaskSchedulerImpl: Stage 0 was cancelled
[2024-08-02T03:10:13.526+0000] {spark_submit.py:579} INFO - 24/08/02 03:10:13 INFO DAGScheduler: ShuffleMapStage 0 (reduceByKey at /opt/***/jobs/python/wordcountjob.py:9) failed in 6.415 s due to Job aborted due to stage failure: Task 0 in stage 0.0 failed 4 times, most recent failure: Lost task 0.3 in stage 0.0 (TID 6) (172.19.0.4 executor 0): org.apache.spark.api.python.PythonException: Traceback (most recent call last):
[2024-08-02T03:10:13.527+0000] {spark_submit.py:579} INFO - File "/opt/bitnami/spark/python/lib/pyspark.zip/pyspark/worker.py", line 1100, in main
[2024-08-02T03:10:13.528+0000] {spark_submit.py:579} INFO - raise PySparkRuntimeError(
[2024-08-02T03:10:13.529+0000] {spark_submit.py:579} INFO - pyspark.errors.exceptions.base.PySparkRuntimeError: [PYTHON_VERSION_MISMATCH] Python in worker has different version (3, 11) than that in driver 3.9, PySpark cannot run with different minor versions.
[2024-08-02T03:10:13.530+0000] {spark_submit.py:579} INFO - Please check environment variables PYSPARK_PYTHON and PYSPARK_DRIVER_PYTHON are correctly set.
[2024-08-02T03:10:13.530+0000] {spark_submit.py:579} INFO - 
[2024-08-02T03:10:13.531+0000] {spark_submit.py:579} INFO - at org.apache.spark.api.python.BasePythonRunner$ReaderIterator.handlePythonException(PythonRunner.scala:572)
[2024-08-02T03:10:13.532+0000] {spark_submit.py:579} INFO - at org.apache.spark.api.python.PythonRunner$$anon$3.read(PythonRunner.scala:784)
[2024-08-02T03:10:13.532+0000] {spark_submit.py:579} INFO - at org.apache.spark.api.python.PythonRunner$$anon$3.read(PythonRunner.scala:766)
[2024-08-02T03:10:13.533+0000] {spark_submit.py:579} INFO - at org.apache.spark.api.python.BasePythonRunner$ReaderIterator.hasNext(PythonRunner.scala:525)
[2024-08-02T03:10:13.534+0000] {spark_submit.py:579} INFO - at org.apache.spark.InterruptibleIterator.hasNext(InterruptibleIterator.scala:37)
[2024-08-02T03:10:13.535+0000] {spark_submit.py:579} INFO - at scala.collection.Iterator$GroupedIterator.fill(Iterator.scala:1211)
[2024-08-02T03:10:13.536+0000] {spark_submit.py:579} INFO - at scala.collection.Iterator$GroupedIterator.hasNext(Iterator.scala:1217)
[2024-08-02T03:10:13.537+0000] {spark_submit.py:579} INFO - at scala.collection.Iterator$$anon$10.hasNext(Iterator.scala:460)
[2024-08-02T03:10:13.537+0000] {spark_submit.py:579} INFO - at org.apache.spark.shuffle.sort.BypassMergeSortShuffleWriter.write(BypassMergeSortShuffleWriter.java:140)
[2024-08-02T03:10:13.538+0000] {spark_submit.py:579} INFO - at org.apache.spark.shuffle.ShuffleWriteProcessor.write(ShuffleWriteProcessor.scala:59)
[2024-08-02T03:10:13.538+0000] {spark_submit.py:579} INFO - at org.apache.spark.scheduler.ShuffleMapTask.runTask(ShuffleMapTask.scala:104)
[2024-08-02T03:10:13.539+0000] {spark_submit.py:579} INFO - at org.apache.spark.scheduler.ShuffleMapTask.runTask(ShuffleMapTask.scala:54)
[2024-08-02T03:10:13.539+0000] {spark_submit.py:579} INFO - at org.apache.spark.TaskContext.runTaskWithListeners(TaskContext.scala:166)
[2024-08-02T03:10:13.540+0000] {spark_submit.py:579} INFO - at org.apache.spark.scheduler.Task.run(Task.scala:141)
[2024-08-02T03:10:13.540+0000] {spark_submit.py:579} INFO - at org.apache.spark.executor.Executor$TaskRunner.$anonfun$run$4(Executor.scala:620)
[2024-08-02T03:10:13.541+0000] {spark_submit.py:579} INFO - at org.apache.spark.util.SparkErrorUtils.tryWithSafeFinally(SparkErrorUtils.scala:64)
[2024-08-02T03:10:13.541+0000] {spark_submit.py:579} INFO - at org.apache.spark.util.SparkErrorUtils.tryWithSafeFinally$(SparkErrorUtils.scala:61)
[2024-08-02T03:10:13.542+0000] {spark_submit.py:579} INFO - at org.apache.spark.util.Utils$.tryWithSafeFinally(Utils.scala:94)
[2024-08-02T03:10:13.542+0000] {spark_submit.py:579} INFO - at org.apache.spark.executor.Executor$TaskRunner.run(Executor.scala:623)
[2024-08-02T03:10:13.543+0000] {spark_submit.py:579} INFO - at java.base/java.util.concurrent.ThreadPoolExecutor.runWorker(ThreadPoolExecutor.java:1136)
[2024-08-02T03:10:13.543+0000] {spark_submit.py:579} INFO - at java.base/java.util.concurrent.ThreadPoolExecutor$Worker.run(ThreadPoolExecutor.java:635)
[2024-08-02T03:10:13.544+0000] {spark_submit.py:579} INFO - at java.base/java.lang.Thread.run(Thread.java:840)
[2024-08-02T03:10:13.544+0000] {spark_submit.py:579} INFO - 
[2024-08-02T03:10:13.545+0000] {spark_submit.py:579} INFO - Driver stacktrace:
[2024-08-02T03:10:13.545+0000] {spark_submit.py:579} INFO - 24/08/02 03:10:13 INFO TaskSetManager: Lost task 1.3 in stage 0.0 (TID 7) on 172.19.0.4, executor 0: org.apache.spark.api.python.PythonException (Traceback (most recent call last):
[2024-08-02T03:10:13.546+0000] {spark_submit.py:579} INFO - File "/opt/bitnami/spark/python/lib/pyspark.zip/pyspark/worker.py", line 1100, in main
[2024-08-02T03:10:13.546+0000] {spark_submit.py:579} INFO - raise PySparkRuntimeError(
[2024-08-02T03:10:13.547+0000] {spark_submit.py:579} INFO - pyspark.errors.exceptions.base.PySparkRuntimeError: [PYTHON_VERSION_MISMATCH] Python in worker has different version (3, 11) than that in driver 3.9, PySpark cannot run with different minor versions.
[2024-08-02T03:10:13.547+0000] {spark_submit.py:579} INFO - Please check environment variables PYSPARK_PYTHON and PYSPARK_DRIVER_PYTHON are correctly set.
[2024-08-02T03:10:13.548+0000] {spark_submit.py:579} INFO - ) [duplicate 7]
[2024-08-02T03:10:13.548+0000] {spark_submit.py:579} INFO - 24/08/02 03:10:13 INFO TaskSchedulerImpl: Removed TaskSet 0.0, whose tasks have all completed, from pool
[2024-08-02T03:10:13.549+0000] {spark_submit.py:579} INFO - 24/08/02 03:10:13 INFO DAGScheduler: Job 0 failed: collect at /opt/***/jobs/python/wordcountjob.py:11, took 6.495073 s
[2024-08-02T03:10:13.617+0000] {spark_submit.py:579} INFO - Traceback (most recent call last):
[2024-08-02T03:10:13.617+0000] {spark_submit.py:579} INFO - File "/opt/***/jobs/python/wordcountjob.py", line 11, in <module>
[2024-08-02T03:10:13.620+0000] {spark_submit.py:579} INFO - for wc in wordCounts.collect():
[2024-08-02T03:10:13.620+0000] {spark_submit.py:579} INFO - File "/home/***/.local/lib/python3.9/site-packages/pyspark/python/lib/pyspark.zip/pyspark/rdd.py", line 1833, in collect
[2024-08-02T03:10:13.621+0000] {spark_submit.py:579} INFO - File "/home/***/.local/lib/python3.9/site-packages/pyspark/python/lib/py4j-0.10.9.7-src.zip/py4j/java_gateway.py", line 1322, in __call__
[2024-08-02T03:10:13.621+0000] {spark_submit.py:579} INFO - File "/home/***/.local/lib/python3.9/site-packages/pyspark/python/lib/pyspark.zip/pyspark/errors/exceptions/captured.py", line 179, in deco
[2024-08-02T03:10:13.622+0000] {spark_submit.py:579} INFO - File "/home/***/.local/lib/python3.9/site-packages/pyspark/python/lib/py4j-0.10.9.7-src.zip/py4j/protocol.py", line 326, in get_return_value
[2024-08-02T03:10:13.625+0000] {spark_submit.py:579} INFO - py4j.protocol.Py4JJavaError: An error occurred while calling z:org.apache.spark.api.python.PythonRDD.collectAndServe.
[2024-08-02T03:10:13.625+0000] {spark_submit.py:579} INFO - : org.apache.spark.SparkException: Job aborted due to stage failure: Task 0 in stage 0.0 failed 4 times, most recent failure: Lost task 0.3 in stage 0.0 (TID 6) (172.19.0.4 executor 0): org.apache.spark.api.python.PythonException: Traceback (most recent call last):
[2024-08-02T03:10:13.625+0000] {spark_submit.py:579} INFO - File "/opt/bitnami/spark/python/lib/pyspark.zip/pyspark/worker.py", line 1100, in main
[2024-08-02T03:10:13.626+0000] {spark_submit.py:579} INFO - raise PySparkRuntimeError(
[2024-08-02T03:10:13.626+0000] {spark_submit.py:579} INFO - pyspark.errors.exceptions.base.PySparkRuntimeError: [PYTHON_VERSION_MISMATCH] Python in worker has different version (3, 11) than that in driver 3.9, PySpark cannot run with different minor versions.
[2024-08-02T03:10:13.627+0000] {spark_submit.py:579} INFO - Please check environment variables PYSPARK_PYTHON and PYSPARK_DRIVER_PYTHON are correctly set.
[2024-08-02T03:10:13.627+0000] {spark_submit.py:579} INFO - 
[2024-08-02T03:10:13.627+0000] {spark_submit.py:579} INFO - at org.apache.spark.api.python.BasePythonRunner$ReaderIterator.handlePythonException(PythonRunner.scala:572)
[2024-08-02T03:10:13.628+0000] {spark_submit.py:579} INFO - at org.apache.spark.api.python.PythonRunner$$anon$3.read(PythonRunner.scala:784)
[2024-08-02T03:10:13.628+0000] {spark_submit.py:579} INFO - at org.apache.spark.api.python.PythonRunner$$anon$3.read(PythonRunner.scala:766)
[2024-08-02T03:10:13.628+0000] {spark_submit.py:579} INFO - at org.apache.spark.api.python.BasePythonRunner$ReaderIterator.hasNext(PythonRunner.scala:525)
[2024-08-02T03:10:13.629+0000] {spark_submit.py:579} INFO - at org.apache.spark.InterruptibleIterator.hasNext(InterruptibleIterator.scala:37)
[2024-08-02T03:10:13.629+0000] {spark_submit.py:579} INFO - at scala.collection.Iterator$GroupedIterator.fill(Iterator.scala:1211)
[2024-08-02T03:10:13.630+0000] {spark_submit.py:579} INFO - at scala.collection.Iterator$GroupedIterator.hasNext(Iterator.scala:1217)
[2024-08-02T03:10:13.630+0000] {spark_submit.py:579} INFO - at scala.collection.Iterator$$anon$10.hasNext(Iterator.scala:460)
[2024-08-02T03:10:13.630+0000] {spark_submit.py:579} INFO - at org.apache.spark.shuffle.sort.BypassMergeSortShuffleWriter.write(BypassMergeSortShuffleWriter.java:140)
[2024-08-02T03:10:13.631+0000] {spark_submit.py:579} INFO - at org.apache.spark.shuffle.ShuffleWriteProcessor.write(ShuffleWriteProcessor.scala:59)
[2024-08-02T03:10:13.631+0000] {spark_submit.py:579} INFO - at org.apache.spark.scheduler.ShuffleMapTask.runTask(ShuffleMapTask.scala:104)
[2024-08-02T03:10:13.632+0000] {spark_submit.py:579} INFO - at org.apache.spark.scheduler.ShuffleMapTask.runTask(ShuffleMapTask.scala:54)
[2024-08-02T03:10:13.632+0000] {spark_submit.py:579} INFO - at org.apache.spark.TaskContext.runTaskWithListeners(TaskContext.scala:166)
[2024-08-02T03:10:13.632+0000] {spark_submit.py:579} INFO - at org.apache.spark.scheduler.Task.run(Task.scala:141)
[2024-08-02T03:10:13.633+0000] {spark_submit.py:579} INFO - at org.apache.spark.executor.Executor$TaskRunner.$anonfun$run$4(Executor.scala:620)
[2024-08-02T03:10:13.633+0000] {spark_submit.py:579} INFO - at org.apache.spark.util.SparkErrorUtils.tryWithSafeFinally(SparkErrorUtils.scala:64)
[2024-08-02T03:10:13.634+0000] {spark_submit.py:579} INFO - at org.apache.spark.util.SparkErrorUtils.tryWithSafeFinally$(SparkErrorUtils.scala:61)
[2024-08-02T03:10:13.634+0000] {spark_submit.py:579} INFO - at org.apache.spark.util.Utils$.tryWithSafeFinally(Utils.scala:94)
[2024-08-02T03:10:13.634+0000] {spark_submit.py:579} INFO - at org.apache.spark.executor.Executor$TaskRunner.run(Executor.scala:623)
[2024-08-02T03:10:13.635+0000] {spark_submit.py:579} INFO - at java.base/java.util.concurrent.ThreadPoolExecutor.runWorker(ThreadPoolExecutor.java:1136)
[2024-08-02T03:10:13.635+0000] {spark_submit.py:579} INFO - at java.base/java.util.concurrent.ThreadPoolExecutor$Worker.run(ThreadPoolExecutor.java:635)
[2024-08-02T03:10:13.636+0000] {spark_submit.py:579} INFO - at java.base/java.lang.Thread.run(Thread.java:840)
[2024-08-02T03:10:13.636+0000] {spark_submit.py:579} INFO - 
[2024-08-02T03:10:13.636+0000] {spark_submit.py:579} INFO - Driver stacktrace:
[2024-08-02T03:10:13.637+0000] {spark_submit.py:579} INFO - at org.apache.spark.scheduler.DAGScheduler.failJobAndIndependentStages(DAGScheduler.scala:2856)
[2024-08-02T03:10:13.637+0000] {spark_submit.py:579} INFO - at org.apache.spark.scheduler.DAGScheduler.$anonfun$abortStage$2(DAGScheduler.scala:2792)
[2024-08-02T03:10:13.638+0000] {spark_submit.py:579} INFO - at org.apache.spark.scheduler.DAGScheduler.$anonfun$abortStage$2$adapted(DAGScheduler.scala:2791)
[2024-08-02T03:10:13.638+0000] {spark_submit.py:579} INFO - at scala.collection.mutable.ResizableArray.foreach(ResizableArray.scala:62)
[2024-08-02T03:10:13.638+0000] {spark_submit.py:579} INFO - at scala.collection.mutable.ResizableArray.foreach$(ResizableArray.scala:55)
[2024-08-02T03:10:13.639+0000] {spark_submit.py:579} INFO - at scala.collection.mutable.ArrayBuffer.foreach(ArrayBuffer.scala:49)
[2024-08-02T03:10:13.639+0000] {spark_submit.py:579} INFO - at org.apache.spark.scheduler.DAGScheduler.abortStage(DAGScheduler.scala:2791)
[2024-08-02T03:10:13.639+0000] {spark_submit.py:579} INFO - at org.apache.spark.scheduler.DAGScheduler.$anonfun$handleTaskSetFailed$1(DAGScheduler.scala:1247)
[2024-08-02T03:10:13.640+0000] {spark_submit.py:579} INFO - at org.apache.spark.scheduler.DAGScheduler.$anonfun$handleTaskSetFailed$1$adapted(DAGScheduler.scala:1247)
[2024-08-02T03:10:13.640+0000] {spark_submit.py:579} INFO - at scala.Option.foreach(Option.scala:407)
[2024-08-02T03:10:13.641+0000] {spark_submit.py:579} INFO - at org.apache.spark.scheduler.DAGScheduler.handleTaskSetFailed(DAGScheduler.scala:1247)
[2024-08-02T03:10:13.641+0000] {spark_submit.py:579} INFO - at org.apache.spark.scheduler.DAGSchedulerEventProcessLoop.doOnReceive(DAGScheduler.scala:3060)
[2024-08-02T03:10:13.641+0000] {spark_submit.py:579} INFO - at org.apache.spark.scheduler.DAGSchedulerEventProcessLoop.onReceive(DAGScheduler.scala:2994)
[2024-08-02T03:10:13.642+0000] {spark_submit.py:579} INFO - at org.apache.spark.scheduler.DAGSchedulerEventProcessLoop.onReceive(DAGScheduler.scala:2983)
[2024-08-02T03:10:13.642+0000] {spark_submit.py:579} INFO - at org.apache.spark.util.EventLoop$$anon$1.run(EventLoop.scala:49)
[2024-08-02T03:10:13.642+0000] {spark_submit.py:579} INFO - at org.apache.spark.scheduler.DAGScheduler.runJob(DAGScheduler.scala:989)
[2024-08-02T03:10:13.643+0000] {spark_submit.py:579} INFO - at org.apache.spark.SparkContext.runJob(SparkContext.scala:2398)
[2024-08-02T03:10:13.643+0000] {spark_submit.py:579} INFO - at org.apache.spark.SparkContext.runJob(SparkContext.scala:2419)
[2024-08-02T03:10:13.644+0000] {spark_submit.py:579} INFO - at org.apache.spark.SparkContext.runJob(SparkContext.scala:2438)
[2024-08-02T03:10:13.644+0000] {spark_submit.py:579} INFO - at org.apache.spark.SparkContext.runJob(SparkContext.scala:2463)
[2024-08-02T03:10:13.644+0000] {spark_submit.py:579} INFO - at org.apache.spark.rdd.RDD.$anonfun$collect$1(RDD.scala:1049)
[2024-08-02T03:10:13.645+0000] {spark_submit.py:579} INFO - at org.apache.spark.rdd.RDDOperationScope$.withScope(RDDOperationScope.scala:151)
[2024-08-02T03:10:13.645+0000] {spark_submit.py:579} INFO - at org.apache.spark.rdd.RDDOperationScope$.withScope(RDDOperationScope.scala:112)
[2024-08-02T03:10:13.645+0000] {spark_submit.py:579} INFO - at org.apache.spark.rdd.RDD.withScope(RDD.scala:410)
[2024-08-02T03:10:13.646+0000] {spark_submit.py:579} INFO - at org.apache.spark.rdd.RDD.collect(RDD.scala:1048)
[2024-08-02T03:10:13.646+0000] {spark_submit.py:579} INFO - at org.apache.spark.api.python.PythonRDD$.collectAndServe(PythonRDD.scala:195)
[2024-08-02T03:10:13.647+0000] {spark_submit.py:579} INFO - at org.apache.spark.api.python.PythonRDD.collectAndServe(PythonRDD.scala)
[2024-08-02T03:10:13.647+0000] {spark_submit.py:579} INFO - at java.base/jdk.internal.reflect.NativeMethodAccessorImpl.invoke0(Native Method)
[2024-08-02T03:10:13.647+0000] {spark_submit.py:579} INFO - at java.base/jdk.internal.reflect.NativeMethodAccessorImpl.invoke(NativeMethodAccessorImpl.java:77)
[2024-08-02T03:10:13.648+0000] {spark_submit.py:579} INFO - at java.base/jdk.internal.reflect.DelegatingMethodAccessorImpl.invoke(DelegatingMethodAccessorImpl.java:43)
[2024-08-02T03:10:13.648+0000] {spark_submit.py:579} INFO - at java.base/java.lang.reflect.Method.invoke(Method.java:568)
[2024-08-02T03:10:13.648+0000] {spark_submit.py:579} INFO - at py4j.reflection.MethodInvoker.invoke(MethodInvoker.java:244)
[2024-08-02T03:10:13.649+0000] {spark_submit.py:579} INFO - at py4j.reflection.ReflectionEngine.invoke(ReflectionEngine.java:374)
[2024-08-02T03:10:13.649+0000] {spark_submit.py:579} INFO - at py4j.Gateway.invoke(Gateway.java:282)
[2024-08-02T03:10:13.649+0000] {spark_submit.py:579} INFO - at py4j.commands.AbstractCommand.invokeMethod(AbstractCommand.java:132)
[2024-08-02T03:10:13.650+0000] {spark_submit.py:579} INFO - at py4j.commands.CallCommand.execute(CallCommand.java:79)
[2024-08-02T03:10:13.650+0000] {spark_submit.py:579} INFO - at py4j.ClientServerConnection.waitForCommands(ClientServerConnection.java:182)
[2024-08-02T03:10:13.650+0000] {spark_submit.py:579} INFO - at py4j.ClientServerConnection.run(ClientServerConnection.java:106)
[2024-08-02T03:10:13.651+0000] {spark_submit.py:579} INFO - at java.base/java.lang.Thread.run(Thread.java:840)
[2024-08-02T03:10:13.651+0000] {spark_submit.py:579} INFO - Caused by: org.apache.spark.api.python.PythonException: Traceback (most recent call last):
[2024-08-02T03:10:13.652+0000] {spark_submit.py:579} INFO - File "/opt/bitnami/spark/python/lib/pyspark.zip/pyspark/worker.py", line 1100, in main
[2024-08-02T03:10:13.652+0000] {spark_submit.py:579} INFO - raise PySparkRuntimeError(
[2024-08-02T03:10:13.653+0000] {spark_submit.py:579} INFO - pyspark.errors.exceptions.base.PySparkRuntimeError: [PYTHON_VERSION_MISMATCH] Python in worker has different version (3, 11) than that in driver 3.9, PySpark cannot run with different minor versions.
[2024-08-02T03:10:13.653+0000] {spark_submit.py:579} INFO - Please check environment variables PYSPARK_PYTHON and PYSPARK_DRIVER_PYTHON are correctly set.
[2024-08-02T03:10:13.654+0000] {spark_submit.py:579} INFO - 
[2024-08-02T03:10:13.654+0000] {spark_submit.py:579} INFO - at org.apache.spark.api.python.BasePythonRunner$ReaderIterator.handlePythonException(PythonRunner.scala:572)
[2024-08-02T03:10:13.654+0000] {spark_submit.py:579} INFO - at org.apache.spark.api.python.PythonRunner$$anon$3.read(PythonRunner.scala:784)
[2024-08-02T03:10:13.655+0000] {spark_submit.py:579} INFO - at org.apache.spark.api.python.PythonRunner$$anon$3.read(PythonRunner.scala:766)
[2024-08-02T03:10:13.655+0000] {spark_submit.py:579} INFO - at org.apache.spark.api.python.BasePythonRunner$ReaderIterator.hasNext(PythonRunner.scala:525)
[2024-08-02T03:10:13.655+0000] {spark_submit.py:579} INFO - at org.apache.spark.InterruptibleIterator.hasNext(InterruptibleIterator.scala:37)
[2024-08-02T03:10:13.656+0000] {spark_submit.py:579} INFO - at scala.collection.Iterator$GroupedIterator.fill(Iterator.scala:1211)
[2024-08-02T03:10:13.656+0000] {spark_submit.py:579} INFO - at scala.collection.Iterator$GroupedIterator.hasNext(Iterator.scala:1217)
[2024-08-02T03:10:13.657+0000] {spark_submit.py:579} INFO - at scala.collection.Iterator$$anon$10.hasNext(Iterator.scala:460)
[2024-08-02T03:10:13.657+0000] {spark_submit.py:579} INFO - at org.apache.spark.shuffle.sort.BypassMergeSortShuffleWriter.write(BypassMergeSortShuffleWriter.java:140)
[2024-08-02T03:10:13.657+0000] {spark_submit.py:579} INFO - at org.apache.spark.shuffle.ShuffleWriteProcessor.write(ShuffleWriteProcessor.scala:59)
[2024-08-02T03:10:13.658+0000] {spark_submit.py:579} INFO - at org.apache.spark.scheduler.ShuffleMapTask.runTask(ShuffleMapTask.scala:104)
[2024-08-02T03:10:13.658+0000] {spark_submit.py:579} INFO - at org.apache.spark.scheduler.ShuffleMapTask.runTask(ShuffleMapTask.scala:54)
[2024-08-02T03:10:13.659+0000] {spark_submit.py:579} INFO - at org.apache.spark.TaskContext.runTaskWithListeners(TaskContext.scala:166)
[2024-08-02T03:10:13.659+0000] {spark_submit.py:579} INFO - at org.apache.spark.scheduler.Task.run(Task.scala:141)
[2024-08-02T03:10:13.659+0000] {spark_submit.py:579} INFO - at org.apache.spark.executor.Executor$TaskRunner.$anonfun$run$4(Executor.scala:620)
[2024-08-02T03:10:13.660+0000] {spark_submit.py:579} INFO - at org.apache.spark.util.SparkErrorUtils.tryWithSafeFinally(SparkErrorUtils.scala:64)
[2024-08-02T03:10:13.660+0000] {spark_submit.py:579} INFO - at org.apache.spark.util.SparkErrorUtils.tryWithSafeFinally$(SparkErrorUtils.scala:61)
[2024-08-02T03:10:13.661+0000] {spark_submit.py:579} INFO - at org.apache.spark.util.Utils$.tryWithSafeFinally(Utils.scala:94)
[2024-08-02T03:10:13.661+0000] {spark_submit.py:579} INFO - at org.apache.spark.executor.Executor$TaskRunner.run(Executor.scala:623)
[2024-08-02T03:10:13.661+0000] {spark_submit.py:579} INFO - at java.base/java.util.concurrent.ThreadPoolExecutor.runWorker(ThreadPoolExecutor.java:1136)
[2024-08-02T03:10:13.662+0000] {spark_submit.py:579} INFO - at java.base/java.util.concurrent.ThreadPoolExecutor$Worker.run(ThreadPoolExecutor.java:635)
[2024-08-02T03:10:13.662+0000] {spark_submit.py:579} INFO - at java.base/java.lang.Thread.run(Thread.java:840)
[2024-08-02T03:10:13.663+0000] {spark_submit.py:579} INFO - 
[2024-08-02T03:10:13.668+0000] {spark_submit.py:579} INFO - 24/08/02 03:10:13 INFO SparkContext: Invoking stop() from shutdown hook
[2024-08-02T03:10:13.668+0000] {spark_submit.py:579} INFO - 24/08/02 03:10:13 INFO SparkContext: SparkContext is stopping with exitCode 0.
[2024-08-02T03:10:13.681+0000] {spark_submit.py:579} INFO - 24/08/02 03:10:13 INFO SparkUI: Stopped Spark web UI at http://a40d08cbcf65:4040
[2024-08-02T03:10:13.686+0000] {spark_submit.py:579} INFO - 24/08/02 03:10:13 INFO StandaloneSchedulerBackend: Shutting down all executors
[2024-08-02T03:10:13.687+0000] {spark_submit.py:579} INFO - 24/08/02 03:10:13 INFO StandaloneSchedulerBackend$StandaloneDriverEndpoint: Asking each executor to shut down
[2024-08-02T03:10:13.705+0000] {spark_submit.py:579} INFO - 24/08/02 03:10:13 INFO MapOutputTrackerMasterEndpoint: MapOutputTrackerMasterEndpoint stopped!
[2024-08-02T03:10:13.725+0000] {spark_submit.py:579} INFO - 24/08/02 03:10:13 INFO MemoryStore: MemoryStore cleared
[2024-08-02T03:10:13.728+0000] {spark_submit.py:579} INFO - 24/08/02 03:10:13 INFO BlockManager: BlockManager stopped
[2024-08-02T03:10:13.735+0000] {spark_submit.py:579} INFO - 24/08/02 03:10:13 INFO BlockManagerMaster: BlockManagerMaster stopped
[2024-08-02T03:10:13.739+0000] {spark_submit.py:579} INFO - 24/08/02 03:10:13 INFO OutputCommitCoordinator$OutputCommitCoordinatorEndpoint: OutputCommitCoordinator stopped!
[2024-08-02T03:10:13.751+0000] {spark_submit.py:579} INFO - 24/08/02 03:10:13 INFO SparkContext: Successfully stopped SparkContext
[2024-08-02T03:10:13.752+0000] {spark_submit.py:579} INFO - 24/08/02 03:10:13 INFO ShutdownHookManager: Shutdown hook called
[2024-08-02T03:10:13.753+0000] {spark_submit.py:579} INFO - 24/08/02 03:10:13 INFO ShutdownHookManager: Deleting directory /tmp/spark-017cf2bd-255a-4f1f-a94a-a591867f4634/pyspark-cd3466df-1eb4-4061-99ed-72fa1e718c9e
[2024-08-02T03:10:13.758+0000] {spark_submit.py:579} INFO - 24/08/02 03:10:13 INFO ShutdownHookManager: Deleting directory /tmp/spark-ffe240e6-2493-4d3a-bc49-e68311243703
[2024-08-02T03:10:13.763+0000] {spark_submit.py:579} INFO - 24/08/02 03:10:13 INFO ShutdownHookManager: Deleting directory /tmp/spark-017cf2bd-255a-4f1f-a94a-a591867f4634
[2024-08-02T03:10:13.816+0000] {taskinstance.py:441} INFO - ::group::Post task execution logs
[2024-08-02T03:10:13.831+0000] {taskinstance.py:2905} ERROR - Task failed with exception
Traceback (most recent call last):
  File "/home/airflow/.local/lib/python3.9/site-packages/airflow/models/taskinstance.py", line 465, in _execute_task
    result = _execute_callable(context=context, **execute_callable_kwargs)
  File "/home/airflow/.local/lib/python3.9/site-packages/airflow/models/taskinstance.py", line 432, in _execute_callable
    return execute_callable(context=context, **execute_callable_kwargs)
  File "/home/airflow/.local/lib/python3.9/site-packages/airflow/models/baseoperator.py", line 401, in wrapper
    return func(self, *args, **kwargs)
  File "/home/airflow/.local/lib/python3.9/site-packages/airflow/providers/apache/spark/operators/spark_submit.py", line 174, in execute
    self._hook.submit(self.application)
  File "/home/airflow/.local/lib/python3.9/site-packages/airflow/providers/apache/spark/hooks/spark_submit.py", line 505, in submit
    raise AirflowException(
airflow.exceptions.AirflowException: Cannot execute: spark-submit --master spark://spark-master:7077 --name arrow-spark --deploy-mode client jobs/python/wordcountjob.py. Error code is: 1.
[2024-08-02T03:10:13.838+0000] {taskinstance.py:1206} INFO - Marking task as FAILED. dag_id=sparking_flow, task_id=python_job, run_id=scheduled__2024-08-01T00:00:00+00:00, execution_date=20240801T000000, start_date=20240802T030958, end_date=20240802T031013
[2024-08-02T03:10:13.850+0000] {standard_task_runner.py:110} ERROR - Failed to execute job 4 for task python_job (Cannot execute: spark-submit --master spark://spark-master:7077 --name arrow-spark --deploy-mode client jobs/python/wordcountjob.py. Error code is: 1.; 209)
[2024-08-02T03:10:13.883+0000] {local_task_job_runner.py:243} INFO - Task exited with return code 1
[2024-08-02T03:10:13.912+0000] {taskinstance.py:3503} INFO - 0 downstream tasks scheduled from follow-on schedule check
[2024-08-02T03:10:13.918+0000] {local_task_job_runner.py:222} INFO - ::endgroup::
[2024-08-02T03:25:51.454+0000] {local_task_job_runner.py:120} INFO - ::group::Pre task execution logs
[2024-08-02T03:25:51.509+0000] {taskinstance.py:2076} INFO - Dependencies all met for dep_context=non-requeueable deps ti=<TaskInstance: sparking_flow.python_job scheduled__2024-08-01T00:00:00+00:00 [queued]>
[2024-08-02T03:25:51.520+0000] {taskinstance.py:2076} INFO - Dependencies all met for dep_context=requeueable deps ti=<TaskInstance: sparking_flow.python_job scheduled__2024-08-01T00:00:00+00:00 [queued]>
[2024-08-02T03:25:51.520+0000] {taskinstance.py:2306} INFO - Starting attempt 1 of 1
[2024-08-02T03:25:51.547+0000] {taskinstance.py:2330} INFO - Executing <Task(SparkSubmitOperator): python_job> on 2024-08-01 00:00:00+00:00
[2024-08-02T03:25:51.554+0000] {standard_task_runner.py:64} INFO - Started process 221 to run task
[2024-08-02T03:25:51.558+0000] {standard_task_runner.py:90} INFO - Running: ['***', 'tasks', 'run', 'sparking_flow', 'python_job', 'scheduled__2024-08-01T00:00:00+00:00', '--job-id', '4', '--raw', '--subdir', 'DAGS_FOLDER/spark_***.py', '--cfg-path', '/tmp/tmpnjhbnu4a']
[2024-08-02T03:25:51.561+0000] {standard_task_runner.py:91} INFO - Job 4: Subtask python_job
[2024-08-02T03:25:51.635+0000] {task_command.py:426} INFO - Running <TaskInstance: sparking_flow.python_job scheduled__2024-08-01T00:00:00+00:00 [running]> on host 6ca033ce2ef0
[2024-08-02T03:25:51.753+0000] {taskinstance.py:2648} INFO - Exporting env vars: AIRFLOW_CTX_DAG_OWNER='Yusuf Ganiyu' AIRFLOW_CTX_DAG_ID='sparking_flow' AIRFLOW_CTX_TASK_ID='python_job' AIRFLOW_CTX_EXECUTION_DATE='2024-08-01T00:00:00+00:00' AIRFLOW_CTX_TRY_NUMBER='1' AIRFLOW_CTX_DAG_RUN_ID='scheduled__2024-08-01T00:00:00+00:00'
[2024-08-02T03:25:51.754+0000] {taskinstance.py:430} INFO - ::endgroup::
[2024-08-02T03:25:51.788+0000] {base.py:84} INFO - Using connection ID 'spark-conn' for task execution.
[2024-08-02T03:25:51.790+0000] {spark_submit.py:403} INFO - Spark-Submit cmd: spark-submit --master spark://spark-master:7077 --name arrow-spark --deploy-mode client jobs/python/wordcountjob.py
[2024-08-02T03:25:56.699+0000] {spark_submit.py:579} INFO - 24/08/02 03:25:56 INFO SparkContext: Running Spark version 3.5.1
[2024-08-02T03:25:56.703+0000] {spark_submit.py:579} INFO - 24/08/02 03:25:56 INFO SparkContext: OS info Linux, 5.15.133.1-microsoft-standard-WSL2, amd64
[2024-08-02T03:25:56.704+0000] {spark_submit.py:579} INFO - 24/08/02 03:25:56 INFO SparkContext: Java version 17.0.11
[2024-08-02T03:25:56.799+0000] {spark_submit.py:579} INFO - 24/08/02 03:25:56 WARN NativeCodeLoader: Unable to load native-hadoop library for your platform... using builtin-java classes where applicable
[2024-08-02T03:25:56.934+0000] {spark_submit.py:579} INFO - 24/08/02 03:25:56 INFO ResourceUtils: ==============================================================
[2024-08-02T03:25:56.935+0000] {spark_submit.py:579} INFO - 24/08/02 03:25:56 INFO ResourceUtils: No custom resources configured for spark.driver.
[2024-08-02T03:25:56.936+0000] {spark_submit.py:579} INFO - 24/08/02 03:25:56 INFO ResourceUtils: ==============================================================
[2024-08-02T03:25:56.938+0000] {spark_submit.py:579} INFO - 24/08/02 03:25:56 INFO SparkContext: Submitted application: PythonWordCount
[2024-08-02T03:25:56.977+0000] {spark_submit.py:579} INFO - 24/08/02 03:25:56 INFO ResourceProfile: Default ResourceProfile created, executor resources: Map(memory -> name: memory, amount: 1024, script: , vendor: , offHeap -> name: offHeap, amount: 0, script: , vendor: ), task resources: Map(cpus -> name: cpus, amount: 1.0)
[2024-08-02T03:25:57.000+0000] {spark_submit.py:579} INFO - 24/08/02 03:25:56 INFO ResourceProfile: Limiting resource is cpu
[2024-08-02T03:25:57.002+0000] {spark_submit.py:579} INFO - 24/08/02 03:25:57 INFO ResourceProfileManager: Added ResourceProfile id: 0
[2024-08-02T03:25:57.114+0000] {spark_submit.py:579} INFO - 24/08/02 03:25:57 INFO SecurityManager: Changing view acls to: ***
[2024-08-02T03:25:57.116+0000] {spark_submit.py:579} INFO - 24/08/02 03:25:57 INFO SecurityManager: Changing modify acls to: ***
[2024-08-02T03:25:57.117+0000] {spark_submit.py:579} INFO - 24/08/02 03:25:57 INFO SecurityManager: Changing view acls groups to:
[2024-08-02T03:25:57.118+0000] {spark_submit.py:579} INFO - 24/08/02 03:25:57 INFO SecurityManager: Changing modify acls groups to:
[2024-08-02T03:25:57.120+0000] {spark_submit.py:579} INFO - 24/08/02 03:25:57 INFO SecurityManager: SecurityManager: authentication disabled; ui acls disabled; users with view permissions: ***; groups with view permissions: EMPTY; users with modify permissions: ***; groups with modify permissions: EMPTY
[2024-08-02T03:25:57.524+0000] {spark_submit.py:579} INFO - 24/08/02 03:25:57 INFO Utils: Successfully started service 'sparkDriver' on port 36545.
[2024-08-02T03:25:57.559+0000] {spark_submit.py:579} INFO - 24/08/02 03:25:57 INFO SparkEnv: Registering MapOutputTracker
[2024-08-02T03:25:57.622+0000] {spark_submit.py:579} INFO - 24/08/02 03:25:57 INFO SparkEnv: Registering BlockManagerMaster
[2024-08-02T03:25:57.651+0000] {spark_submit.py:579} INFO - 24/08/02 03:25:57 INFO BlockManagerMasterEndpoint: Using org.apache.spark.storage.DefaultTopologyMapper for getting topology information
[2024-08-02T03:25:57.652+0000] {spark_submit.py:579} INFO - 24/08/02 03:25:57 INFO BlockManagerMasterEndpoint: BlockManagerMasterEndpoint up
[2024-08-02T03:25:57.658+0000] {spark_submit.py:579} INFO - 24/08/02 03:25:57 INFO SparkEnv: Registering BlockManagerMasterHeartbeat
[2024-08-02T03:25:57.689+0000] {spark_submit.py:579} INFO - 24/08/02 03:25:57 INFO DiskBlockManager: Created local directory at /tmp/blockmgr-e7c2378e-99cd-4f8d-94dc-00e65ba1e72e
[2024-08-02T03:25:57.709+0000] {spark_submit.py:579} INFO - 24/08/02 03:25:57 INFO MemoryStore: MemoryStore started with capacity 434.4 MiB
[2024-08-02T03:25:57.735+0000] {spark_submit.py:579} INFO - 24/08/02 03:25:57 INFO SparkEnv: Registering OutputCommitCoordinator
[2024-08-02T03:25:57.979+0000] {spark_submit.py:579} INFO - 24/08/02 03:25:57 INFO JettyUtils: Start Jetty 0.0.0.0:4040 for SparkUI
[2024-08-02T03:25:58.074+0000] {spark_submit.py:579} INFO - 24/08/02 03:25:58 WARN Utils: Service 'SparkUI' could not bind on port 4040. Attempting port 4041.
[2024-08-02T03:25:58.075+0000] {spark_submit.py:579} INFO - 24/08/02 03:25:58 WARN Utils: Service 'SparkUI' could not bind on port 4041. Attempting port 4042.
[2024-08-02T03:25:58.092+0000] {spark_submit.py:579} INFO - 24/08/02 03:25:58 INFO Utils: Successfully started service 'SparkUI' on port 4042.
[2024-08-02T03:25:58.283+0000] {spark_submit.py:579} INFO - 24/08/02 03:25:58 INFO StandaloneAppClient$ClientEndpoint: Connecting to master spark://spark-master:7077...
[2024-08-02T03:25:58.362+0000] {spark_submit.py:579} INFO - 24/08/02 03:25:58 INFO TransportClientFactory: Successfully created connection to spark-master/172.20.0.3:7077 after 43 ms (0 ms spent in bootstraps)
[2024-08-02T03:25:58.487+0000] {spark_submit.py:579} INFO - 24/08/02 03:25:58 INFO StandaloneSchedulerBackend: Connected to Spark cluster with app ID app-20240802032558-0001
[2024-08-02T03:25:58.500+0000] {spark_submit.py:579} INFO - 24/08/02 03:25:58 INFO Utils: Successfully started service 'org.apache.spark.network.netty.NettyBlockTransferService' on port 45027.
[2024-08-02T03:25:58.501+0000] {spark_submit.py:579} INFO - 24/08/02 03:25:58 INFO NettyBlockTransferService: Server created on 6ca033ce2ef0:45027
[2024-08-02T03:25:58.504+0000] {spark_submit.py:579} INFO - 24/08/02 03:25:58 INFO BlockManager: Using org.apache.spark.storage.RandomBlockReplicationPolicy for block replication policy
[2024-08-02T03:25:58.514+0000] {spark_submit.py:579} INFO - 24/08/02 03:25:58 INFO BlockManagerMaster: Registering BlockManager BlockManagerId(driver, 6ca033ce2ef0, 45027, None)
[2024-08-02T03:25:58.519+0000] {spark_submit.py:579} INFO - 24/08/02 03:25:58 INFO BlockManagerMasterEndpoint: Registering block manager 6ca033ce2ef0:45027 with 434.4 MiB RAM, BlockManagerId(driver, 6ca033ce2ef0, 45027, None)
[2024-08-02T03:25:58.523+0000] {spark_submit.py:579} INFO - 24/08/02 03:25:58 INFO BlockManagerMaster: Registered BlockManager BlockManagerId(driver, 6ca033ce2ef0, 45027, None)
[2024-08-02T03:25:58.525+0000] {spark_submit.py:579} INFO - 24/08/02 03:25:58 INFO BlockManager: Initialized BlockManager: BlockManagerId(driver, 6ca033ce2ef0, 45027, None)
[2024-08-02T03:25:58.787+0000] {spark_submit.py:579} INFO - 24/08/02 03:25:58 INFO StandaloneSchedulerBackend: SchedulerBackend is ready for scheduling beginning after reached minRegisteredResourcesRatio: 0.0
[2024-08-02T03:25:59.458+0000] {spark_submit.py:579} INFO - 24/08/02 03:25:59 INFO SparkContext: Starting job: collect at /opt/***/jobs/python/wordcountjob.py:11
[2024-08-02T03:25:59.500+0000] {spark_submit.py:579} INFO - 24/08/02 03:25:59 INFO DAGScheduler: Registering RDD 2 (reduceByKey at /opt/***/jobs/python/wordcountjob.py:9) as input to shuffle 0
[2024-08-02T03:25:59.512+0000] {spark_submit.py:579} INFO - 24/08/02 03:25:59 INFO DAGScheduler: Got job 0 (collect at /opt/***/jobs/python/wordcountjob.py:11) with 2 output partitions
[2024-08-02T03:25:59.513+0000] {spark_submit.py:579} INFO - 24/08/02 03:25:59 INFO DAGScheduler: Final stage: ResultStage 1 (collect at /opt/***/jobs/python/wordcountjob.py:11)
[2024-08-02T03:25:59.514+0000] {spark_submit.py:579} INFO - 24/08/02 03:25:59 INFO DAGScheduler: Parents of final stage: List(ShuffleMapStage 0)
[2024-08-02T03:25:59.515+0000] {spark_submit.py:579} INFO - 24/08/02 03:25:59 INFO DAGScheduler: Missing parents: List(ShuffleMapStage 0)
[2024-08-02T03:25:59.521+0000] {spark_submit.py:579} INFO - 24/08/02 03:25:59 INFO DAGScheduler: Submitting ShuffleMapStage 0 (PairwiseRDD[2] at reduceByKey at /opt/***/jobs/python/wordcountjob.py:9), which has no missing parents
[2024-08-02T03:25:59.605+0000] {spark_submit.py:579} INFO - 24/08/02 03:25:59 INFO MemoryStore: Block broadcast_0 stored as values in memory (estimated size 11.3 KiB, free 434.4 MiB)
[2024-08-02T03:25:59.638+0000] {spark_submit.py:579} INFO - 24/08/02 03:25:59 INFO MemoryStore: Block broadcast_0_piece0 stored as bytes in memory (estimated size 7.1 KiB, free 434.4 MiB)
[2024-08-02T03:25:59.642+0000] {spark_submit.py:579} INFO - 24/08/02 03:25:59 INFO BlockManagerInfo: Added broadcast_0_piece0 in memory on 6ca033ce2ef0:45027 (size: 7.1 KiB, free: 434.4 MiB)
[2024-08-02T03:25:59.646+0000] {spark_submit.py:579} INFO - 24/08/02 03:25:59 INFO SparkContext: Created broadcast 0 from broadcast at DAGScheduler.scala:1585
[2024-08-02T03:25:59.659+0000] {spark_submit.py:579} INFO - 24/08/02 03:25:59 INFO DAGScheduler: Submitting 2 missing tasks from ShuffleMapStage 0 (PairwiseRDD[2] at reduceByKey at /opt/***/jobs/python/wordcountjob.py:9) (first 15 tasks are for partitions Vector(0, 1))
[2024-08-02T03:25:59.661+0000] {spark_submit.py:579} INFO - 24/08/02 03:25:59 INFO TaskSchedulerImpl: Adding task set 0.0 with 2 tasks resource profile 0
[2024-08-02T03:26:01.934+0000] {spark_submit.py:579} INFO - 24/08/02 03:26:01 INFO StandaloneAppClient$ClientEndpoint: Executor added: app-20240802032558-0001/0 on worker-20240802032324-172.20.0.5-44587 (172.20.0.5:44587) with 2 core(s)
[2024-08-02T03:26:01.943+0000] {spark_submit.py:579} INFO - 24/08/02 03:26:01 INFO StandaloneSchedulerBackend: Granted executor ID app-20240802032558-0001/0 on hostPort 172.20.0.5:44587 with 2 core(s), 1024.0 MiB RAM
[2024-08-02T03:26:01.995+0000] {spark_submit.py:579} INFO - 24/08/02 03:26:01 INFO StandaloneAppClient$ClientEndpoint: Executor updated: app-20240802032558-0001/0 is now RUNNING
[2024-08-02T03:26:04.459+0000] {spark_submit.py:579} INFO - 24/08/02 03:26:04 INFO StandaloneSchedulerBackend$StandaloneDriverEndpoint: Registered executor NettyRpcEndpointRef(spark-client://Executor) (172.20.0.5:53460) with ID 0,  ResourceProfileId 0
[2024-08-02T03:26:04.534+0000] {spark_submit.py:579} INFO - 24/08/02 03:26:04 INFO BlockManagerMasterEndpoint: Registering block manager 172.20.0.5:39481 with 434.4 MiB RAM, BlockManagerId(0, 172.20.0.5, 39481, None)
[2024-08-02T03:26:04.591+0000] {spark_submit.py:579} INFO - 24/08/02 03:26:04 INFO TaskSetManager: Starting task 0.0 in stage 0.0 (TID 0) (172.20.0.5, executor 0, partition 0, PROCESS_LOCAL, 7655 bytes)
[2024-08-02T03:26:04.595+0000] {spark_submit.py:579} INFO - 24/08/02 03:26:04 INFO TaskSetManager: Starting task 1.0 in stage 0.0 (TID 1) (172.20.0.5, executor 0, partition 1, PROCESS_LOCAL, 7688 bytes)
[2024-08-02T03:26:04.855+0000] {spark_submit.py:579} INFO - 24/08/02 03:26:04 INFO BlockManagerInfo: Added broadcast_0_piece0 in memory on 172.20.0.5:39481 (size: 7.1 KiB, free: 434.4 MiB)
[2024-08-02T03:26:06.234+0000] {spark_submit.py:579} INFO - 24/08/02 03:26:06 INFO TaskSetManager: Finished task 0.0 in stage 0.0 (TID 0) in 1655 ms on 172.20.0.5 (executor 0) (1/2)
[2024-08-02T03:26:06.236+0000] {spark_submit.py:579} INFO - 24/08/02 03:26:06 INFO TaskSetManager: Finished task 1.0 in stage 0.0 (TID 1) in 1641 ms on 172.20.0.5 (executor 0) (2/2)
[2024-08-02T03:26:06.237+0000] {spark_submit.py:579} INFO - 24/08/02 03:26:06 INFO TaskSchedulerImpl: Removed TaskSet 0.0, whose tasks have all completed, from pool
[2024-08-02T03:26:06.241+0000] {spark_submit.py:579} INFO - 24/08/02 03:26:06 INFO PythonAccumulatorV2: Connected to AccumulatorServer at host: 127.0.0.1 port: 52603
[2024-08-02T03:26:06.253+0000] {spark_submit.py:579} INFO - 24/08/02 03:26:06 INFO DAGScheduler: ShuffleMapStage 0 (reduceByKey at /opt/***/jobs/python/wordcountjob.py:9) finished in 6.711 s
[2024-08-02T03:26:06.254+0000] {spark_submit.py:579} INFO - 24/08/02 03:26:06 INFO DAGScheduler: looking for newly runnable stages
[2024-08-02T03:26:06.254+0000] {spark_submit.py:579} INFO - 24/08/02 03:26:06 INFO DAGScheduler: running: Set()
[2024-08-02T03:26:06.255+0000] {spark_submit.py:579} INFO - 24/08/02 03:26:06 INFO DAGScheduler: waiting: Set(ResultStage 1)
[2024-08-02T03:26:06.256+0000] {spark_submit.py:579} INFO - 24/08/02 03:26:06 INFO DAGScheduler: failed: Set()
[2024-08-02T03:26:06.258+0000] {spark_submit.py:579} INFO - 24/08/02 03:26:06 INFO DAGScheduler: Submitting ResultStage 1 (PythonRDD[5] at collect at /opt/***/jobs/python/wordcountjob.py:11), which has no missing parents
[2024-08-02T03:26:06.267+0000] {spark_submit.py:579} INFO - 24/08/02 03:26:06 INFO MemoryStore: Block broadcast_1 stored as values in memory (estimated size 10.1 KiB, free 434.4 MiB)
[2024-08-02T03:26:06.274+0000] {spark_submit.py:579} INFO - 24/08/02 03:26:06 INFO MemoryStore: Block broadcast_1_piece0 stored as bytes in memory (estimated size 6.1 KiB, free 434.4 MiB)
[2024-08-02T03:26:06.275+0000] {spark_submit.py:579} INFO - 24/08/02 03:26:06 INFO BlockManagerInfo: Added broadcast_1_piece0 in memory on 6ca033ce2ef0:45027 (size: 6.1 KiB, free: 434.4 MiB)
[2024-08-02T03:26:06.276+0000] {spark_submit.py:579} INFO - 24/08/02 03:26:06 INFO SparkContext: Created broadcast 1 from broadcast at DAGScheduler.scala:1585
[2024-08-02T03:26:06.279+0000] {spark_submit.py:579} INFO - 24/08/02 03:26:06 INFO DAGScheduler: Submitting 2 missing tasks from ResultStage 1 (PythonRDD[5] at collect at /opt/***/jobs/python/wordcountjob.py:11) (first 15 tasks are for partitions Vector(0, 1))
[2024-08-02T03:26:06.279+0000] {spark_submit.py:579} INFO - 24/08/02 03:26:06 INFO TaskSchedulerImpl: Adding task set 1.0 with 2 tasks resource profile 0
[2024-08-02T03:26:06.284+0000] {spark_submit.py:579} INFO - 24/08/02 03:26:06 INFO TaskSetManager: Starting task 0.0 in stage 1.0 (TID 2) (172.20.0.5, executor 0, partition 0, NODE_LOCAL, 7437 bytes)
[2024-08-02T03:26:06.285+0000] {spark_submit.py:579} INFO - 24/08/02 03:26:06 INFO TaskSetManager: Starting task 1.0 in stage 1.0 (TID 3) (172.20.0.5, executor 0, partition 1, NODE_LOCAL, 7437 bytes)
[2024-08-02T03:26:06.316+0000] {spark_submit.py:579} INFO - 24/08/02 03:26:06 INFO BlockManagerInfo: Added broadcast_1_piece0 in memory on 172.20.0.5:39481 (size: 6.1 KiB, free: 434.4 MiB)
[2024-08-02T03:26:06.399+0000] {spark_submit.py:579} INFO - 24/08/02 03:26:06 INFO MapOutputTrackerMasterEndpoint: Asked to send map output locations for shuffle 0 to 172.20.0.5:53460
[2024-08-02T03:26:06.677+0000] {spark_submit.py:579} INFO - 24/08/02 03:26:06 INFO TaskSetManager: Finished task 0.0 in stage 1.0 (TID 2) in 393 ms on 172.20.0.5 (executor 0) (1/2)
[2024-08-02T03:26:06.684+0000] {spark_submit.py:579} INFO - 24/08/02 03:26:06 INFO TaskSetManager: Finished task 1.0 in stage 1.0 (TID 3) in 400 ms on 172.20.0.5 (executor 0) (2/2)
[2024-08-02T03:26:06.685+0000] {spark_submit.py:579} INFO - 24/08/02 03:26:06 INFO TaskSchedulerImpl: Removed TaskSet 1.0, whose tasks have all completed, from pool
[2024-08-02T03:26:06.688+0000] {spark_submit.py:579} INFO - 24/08/02 03:26:06 INFO DAGScheduler: ResultStage 1 (collect at /opt/***/jobs/python/wordcountjob.py:11) finished in 0.422 s
[2024-08-02T03:26:06.691+0000] {spark_submit.py:579} INFO - 24/08/02 03:26:06 INFO DAGScheduler: Job 0 is finished. Cancelling potential speculative or zombie tasks for this job
[2024-08-02T03:26:06.692+0000] {spark_submit.py:579} INFO - 24/08/02 03:26:06 INFO TaskSchedulerImpl: Killing all running tasks in stage 1: Stage finished
[2024-08-02T03:26:06.694+0000] {spark_submit.py:579} INFO - 24/08/02 03:26:06 INFO DAGScheduler: Job 0 finished: collect at /opt/***/jobs/python/wordcountjob.py:11, took 7.234785 s
[2024-08-02T03:26:06.715+0000] {spark_submit.py:579} INFO - Python 1
[2024-08-02T03:26:06.715+0000] {spark_submit.py:579} INFO - Airflow 1
[2024-08-02T03:26:06.716+0000] {spark_submit.py:579} INFO - Docker 1
[2024-08-02T03:26:06.716+0000] {spark_submit.py:579} INFO - and 1
[2024-08-02T03:26:06.717+0000] {spark_submit.py:579} INFO - Yusuf 1
[2024-08-02T03:26:06.717+0000] {spark_submit.py:579} INFO - Hello 5
[2024-08-02T03:26:06.718+0000] {spark_submit.py:579} INFO - Spark 1
[2024-08-02T03:26:06.718+0000] {spark_submit.py:579} INFO - 24/08/02 03:26:06 INFO SparkContext: SparkContext is stopping with exitCode 0.
[2024-08-02T03:26:06.728+0000] {spark_submit.py:579} INFO - 24/08/02 03:26:06 INFO SparkUI: Stopped Spark web UI at http://6ca033ce2ef0:4042
[2024-08-02T03:26:06.732+0000] {spark_submit.py:579} INFO - 24/08/02 03:26:06 INFO StandaloneSchedulerBackend: Shutting down all executors
[2024-08-02T03:26:06.733+0000] {spark_submit.py:579} INFO - 24/08/02 03:26:06 INFO StandaloneSchedulerBackend$StandaloneDriverEndpoint: Asking each executor to shut down
[2024-08-02T03:26:06.750+0000] {spark_submit.py:579} INFO - 24/08/02 03:26:06 INFO MapOutputTrackerMasterEndpoint: MapOutputTrackerMasterEndpoint stopped!
[2024-08-02T03:26:06.767+0000] {spark_submit.py:579} INFO - 24/08/02 03:26:06 INFO MemoryStore: MemoryStore cleared
[2024-08-02T03:26:06.768+0000] {spark_submit.py:579} INFO - 24/08/02 03:26:06 INFO BlockManager: BlockManager stopped
[2024-08-02T03:26:06.775+0000] {spark_submit.py:579} INFO - 24/08/02 03:26:06 INFO BlockManagerMaster: BlockManagerMaster stopped
[2024-08-02T03:26:06.777+0000] {spark_submit.py:579} INFO - 24/08/02 03:26:06 INFO OutputCommitCoordinator$OutputCommitCoordinatorEndpoint: OutputCommitCoordinator stopped!
[2024-08-02T03:26:06.790+0000] {spark_submit.py:579} INFO - 24/08/02 03:26:06 INFO SparkContext: Successfully stopped SparkContext
[2024-08-02T03:26:07.735+0000] {spark_submit.py:579} INFO - 24/08/02 03:26:07 INFO ShutdownHookManager: Shutdown hook called
[2024-08-02T03:26:07.735+0000] {spark_submit.py:579} INFO - 24/08/02 03:26:07 INFO ShutdownHookManager: Deleting directory /tmp/spark-1b8a3cfd-55a5-40b2-b158-86e65c44494c
[2024-08-02T03:26:07.739+0000] {spark_submit.py:579} INFO - 24/08/02 03:26:07 INFO ShutdownHookManager: Deleting directory /tmp/spark-38b4fd6a-d887-48e8-9b16-7a84411b3956/pyspark-4c3631e3-a2bf-4634-9b25-1ba37334bb3d
[2024-08-02T03:26:07.742+0000] {spark_submit.py:579} INFO - 24/08/02 03:26:07 INFO ShutdownHookManager: Deleting directory /tmp/spark-38b4fd6a-d887-48e8-9b16-7a84411b3956
[2024-08-02T03:26:07.783+0000] {taskinstance.py:441} INFO - ::group::Post task execution logs
[2024-08-02T03:26:07.930+0000] {taskinstance.py:1206} INFO - Marking task as SUCCESS. dag_id=sparking_flow, task_id=python_job, run_id=scheduled__2024-08-01T00:00:00+00:00, execution_date=20240801T000000, start_date=20240802T032551, end_date=20240802T032607
[2024-08-02T03:26:07.989+0000] {local_task_job_runner.py:243} INFO - Task exited with return code 0
[2024-08-02T03:26:08.010+0000] {taskinstance.py:3503} INFO - 1 downstream tasks scheduled from follow-on schedule check
[2024-08-02T03:26:08.013+0000] {local_task_job_runner.py:222} INFO - ::endgroup::
