[2024-08-01T11:08:50.821+0000] {manager.py:470} INFO - Processing files using up to 2 processes at a time 
[2024-08-01T11:08:50.822+0000] {manager.py:471} INFO - Process each file at most once every 30 seconds
[2024-08-01T11:08:50.824+0000] {manager.py:472} INFO - Checking for new files in /opt/airflow/dags every 300 seconds
[2024-08-01T11:08:50.825+0000] {manager.py:737} INFO - Searching for files in /opt/airflow/dags
[2024-08-01T11:08:50.827+0000] {manager.py:740} INFO - There are 0 files in /opt/airflow/dags
[2024-08-01T11:11:58.584+0000] {manager.py:452} INFO - Exiting gracefully upon receiving signal 15
[2024-08-01T11:12:49.218+0000] {manager.py:470} INFO - Processing files using up to 2 processes at a time 
[2024-08-01T11:12:49.219+0000] {manager.py:471} INFO - Process each file at most once every 30 seconds
[2024-08-01T11:12:49.220+0000] {manager.py:472} INFO - Checking for new files in /opt/airflow/dags every 300 seconds
[2024-08-01T11:12:49.221+0000] {manager.py:737} INFO - Searching for files in /opt/airflow/dags
[2024-08-01T11:12:49.225+0000] {manager.py:740} INFO - There are 0 files in /opt/airflow/dags
[2024-08-01T11:17:49.498+0000] {manager.py:737} INFO - Searching for files in /opt/airflow/dags
[2024-08-01T11:17:49.502+0000] {manager.py:740} INFO - There are 0 files in /opt/airflow/dags
[2024-08-01T11:19:10.345+0000] {manager.py:452} INFO - Exiting gracefully upon receiving signal 15
[2024-08-01T11:19:41.587+0000] {manager.py:470} INFO - Processing files using up to 2 processes at a time 
[2024-08-01T11:19:41.588+0000] {manager.py:471} INFO - Process each file at most once every 30 seconds
[2024-08-01T11:19:41.589+0000] {manager.py:472} INFO - Checking for new files in /opt/airflow/dags every 300 seconds
[2024-08-01T11:19:41.590+0000] {manager.py:737} INFO - Searching for files in /opt/airflow/dags
[2024-08-01T11:19:41.593+0000] {manager.py:740} INFO - There are 0 files in /opt/airflow/dags
[2024-08-01T11:20:42.410+0000] {manager.py:452} INFO - Exiting gracefully upon receiving signal 15
[2024-08-01T11:26:49.978+0000] {manager.py:470} INFO - Processing files using up to 2 processes at a time 
[2024-08-01T11:26:49.980+0000] {manager.py:471} INFO - Process each file at most once every 30 seconds
[2024-08-01T11:26:49.980+0000] {manager.py:472} INFO - Checking for new files in /opt/airflow/dags every 300 seconds
[2024-08-01T11:26:49.981+0000] {manager.py:737} INFO - Searching for files in /opt/airflow/dags
[2024-08-01T11:26:49.986+0000] {manager.py:740} INFO - There are 0 files in /opt/airflow/dags
[2024-08-01T11:31:50.263+0000] {manager.py:737} INFO - Searching for files in /opt/airflow/dags
[2024-08-01T11:31:50.273+0000] {manager.py:740} INFO - There are 1 files in /opt/airflow/dags
[2024-08-01T11:31:51.335+0000] {manager.py:878} INFO - 
================================================================================
DAG File Processing Stats

File Path                           PID    Runtime      # DAGs    # Errors  Last Runtime    Last Run
----------------------------------  -----  ---------  --------  ----------  --------------  -------------------
/opt/airflow/dags/spark_airflow.py                           1           0  0.28s           2024-08-01T11:31:50
================================================================================
[2024-08-01T11:32:21.737+0000] {manager.py:878} INFO - 
================================================================================
DAG File Processing Stats

File Path                           PID    Runtime      # DAGs    # Errors  Last Runtime    Last Run
----------------------------------  -----  ---------  --------  ----------  --------------  -------------------
/opt/airflow/dags/spark_airflow.py                           1           0  0.18s           2024-08-01T11:32:20
================================================================================
[2024-08-01T11:32:52.066+0000] {manager.py:878} INFO - 
================================================================================
DAG File Processing Stats

File Path                           PID    Runtime      # DAGs    # Errors  Last Runtime    Last Run
----------------------------------  -----  ---------  --------  ----------  --------------  -------------------
/opt/airflow/dags/spark_airflow.py                           1           0  0.15s           2024-08-01T11:32:51
================================================================================
[2024-08-01T11:33:22.335+0000] {manager.py:878} INFO - 
================================================================================
DAG File Processing Stats

File Path                           PID    Runtime      # DAGs    # Errors  Last Runtime    Last Run
----------------------------------  -----  ---------  --------  ----------  --------------  -------------------
/opt/airflow/dags/spark_airflow.py                           1           0  0.14s           2024-08-01T11:33:21
================================================================================
[2024-08-01T11:33:52.493+0000] {manager.py:878} INFO - 
================================================================================
DAG File Processing Stats

File Path                           PID    Runtime      # DAGs    # Errors  Last Runtime    Last Run
----------------------------------  -----  ---------  --------  ----------  --------------  -------------------
/opt/airflow/dags/spark_airflow.py                           1           0  0.12s           2024-08-01T11:33:51
================================================================================
[2024-08-02T02:46:49.910+0000] {manager.py:470} INFO - Processing files using up to 2 processes at a time 
[2024-08-02T02:46:49.912+0000] {manager.py:471} INFO - Process each file at most once every 30 seconds
[2024-08-02T02:46:49.913+0000] {manager.py:472} INFO - Checking for new files in /opt/airflow/dags every 300 seconds
[2024-08-02T02:46:49.915+0000] {manager.py:737} INFO - Searching for files in /opt/airflow/dags
[2024-08-02T02:46:49.933+0000] {manager.py:740} INFO - There are 1 files in /opt/airflow/dags
[2024-08-02T02:46:50.016+0000] {manager.py:878} INFO - 
================================================================================
DAG File Processing Stats

File Path                             PID  Runtime      # DAGs    # Errors  Last Runtime    Last Run
----------------------------------  -----  ---------  --------  ----------  --------------  ----------
/opt/airflow/dags/spark_airflow.py    189  0.04s             0           0
================================================================================
[2024-08-02T02:47:20.313+0000] {manager.py:878} INFO - 
================================================================================
DAG File Processing Stats

File Path                             PID  Runtime      # DAGs    # Errors  Last Runtime    Last Run
----------------------------------  -----  ---------  --------  ----------  --------------  -------------------
/opt/airflow/dags/spark_airflow.py    194  0.01s             1           0  0.13s           2024-08-02T02:46:50
================================================================================
[2024-08-02T02:47:50.492+0000] {manager.py:878} INFO - 
================================================================================
DAG File Processing Stats

File Path                           PID    Runtime      # DAGs    # Errors  Last Runtime    Last Run
----------------------------------  -----  ---------  --------  ----------  --------------  -------------------
/opt/airflow/dags/spark_airflow.py                           1           0  0.37s           2024-08-02T02:47:20
================================================================================
[2024-08-02T02:48:21.064+0000] {manager.py:878} INFO - 
================================================================================
DAG File Processing Stats

File Path                             PID  Runtime      # DAGs    # Errors  Last Runtime    Last Run
----------------------------------  -----  ---------  --------  ----------  --------------  -------------------
/opt/airflow/dags/spark_airflow.py    204  0.00s             1           0  0.15s           2024-08-02T02:47:50
================================================================================
[2024-08-02T02:48:51.364+0000] {manager.py:878} INFO - 
================================================================================
DAG File Processing Stats

File Path                             PID  Runtime      # DAGs    # Errors  Last Runtime    Last Run
----------------------------------  -----  ---------  --------  ----------  --------------  -------------------
/opt/airflow/dags/spark_airflow.py    209  0.01s             1           0  0.11s           2024-08-02T02:48:21
================================================================================
[2024-08-02T02:49:21.570+0000] {manager.py:878} INFO - 
================================================================================
DAG File Processing Stats

File Path                             PID  Runtime      # DAGs    # Errors  Last Runtime    Last Run
----------------------------------  -----  ---------  --------  ----------  --------------  -------------------
/opt/airflow/dags/spark_airflow.py    214  0.00s             1           0  0.13s           2024-08-02T02:48:51
================================================================================
[2024-08-02T02:49:51.838+0000] {manager.py:878} INFO - 
================================================================================
DAG File Processing Stats

File Path                             PID  Runtime      # DAGs    # Errors  Last Runtime    Last Run
----------------------------------  -----  ---------  --------  ----------  --------------  -------------------
/opt/airflow/dags/spark_airflow.py    219  0.00s             1           0  0.16s           2024-08-02T02:49:21
================================================================================
[2024-08-02T02:50:22.118+0000] {manager.py:878} INFO - 
================================================================================
DAG File Processing Stats

File Path                             PID  Runtime      # DAGs    # Errors  Last Runtime    Last Run
----------------------------------  -----  ---------  --------  ----------  --------------  -------------------
/opt/airflow/dags/spark_airflow.py    224  0.00s             1           0  0.14s           2024-08-02T02:49:51
================================================================================
[2024-08-02T02:50:52.315+0000] {manager.py:878} INFO - 
================================================================================
DAG File Processing Stats

File Path                             PID  Runtime      # DAGs    # Errors  Last Runtime    Last Run
----------------------------------  -----  ---------  --------  ----------  --------------  -------------------
/opt/airflow/dags/spark_airflow.py    229  0.00s             1           0  0.15s           2024-08-02T02:50:22
================================================================================
[2024-08-02T02:51:22.602+0000] {manager.py:878} INFO - 
================================================================================
DAG File Processing Stats

File Path                             PID  Runtime      # DAGs    # Errors  Last Runtime    Last Run
----------------------------------  -----  ---------  --------  ----------  --------------  -------------------
/opt/airflow/dags/spark_airflow.py    234  0.01s             1           0  0.19s           2024-08-02T02:50:52
================================================================================
[2024-08-02T02:51:50.811+0000] {manager.py:737} INFO - Searching for files in /opt/airflow/dags
[2024-08-02T02:51:50.831+0000] {manager.py:740} INFO - There are 1 files in /opt/airflow/dags
[2024-08-02T02:51:52.877+0000] {manager.py:878} INFO - 
================================================================================
DAG File Processing Stats

File Path                             PID  Runtime      # DAGs    # Errors  Last Runtime    Last Run
----------------------------------  -----  ---------  --------  ----------  --------------  -------------------
/opt/airflow/dags/spark_airflow.py    239  0.01s             1           0  0.14s           2024-08-02T02:51:22
================================================================================
[2024-08-02T02:52:23.075+0000] {manager.py:878} INFO - 
================================================================================
DAG File Processing Stats

File Path                             PID  Runtime      # DAGs    # Errors  Last Runtime    Last Run
----------------------------------  -----  ---------  --------  ----------  --------------  -------------------
/opt/airflow/dags/spark_airflow.py    244  0.00s             1           0  0.14s           2024-08-02T02:51:53
================================================================================
[2024-08-02T02:52:53.348+0000] {manager.py:878} INFO - 
================================================================================
DAG File Processing Stats

File Path                             PID  Runtime      # DAGs    # Errors  Last Runtime    Last Run
----------------------------------  -----  ---------  --------  ----------  --------------  -------------------
/opt/airflow/dags/spark_airflow.py    249  0.00s             1           0  0.13s           2024-08-02T02:52:23
================================================================================
[2024-08-02T02:53:23.565+0000] {manager.py:878} INFO - 
================================================================================
DAG File Processing Stats

File Path                             PID  Runtime      # DAGs    # Errors  Last Runtime    Last Run
----------------------------------  -----  ---------  --------  ----------  --------------  -------------------
/opt/airflow/dags/spark_airflow.py    254  0.01s             1           0  0.13s           2024-08-02T02:52:53
================================================================================
[2024-08-02T02:53:53.807+0000] {manager.py:878} INFO - 
================================================================================
DAG File Processing Stats

File Path                             PID  Runtime      # DAGs    # Errors  Last Runtime    Last Run
----------------------------------  -----  ---------  --------  ----------  --------------  -------------------
/opt/airflow/dags/spark_airflow.py    259  0.01s             1           0  0.13s           2024-08-02T02:53:23
================================================================================
[2024-08-02T02:54:24.041+0000] {manager.py:878} INFO - 
================================================================================
DAG File Processing Stats

File Path                             PID  Runtime      # DAGs    # Errors  Last Runtime    Last Run
----------------------------------  -----  ---------  --------  ----------  --------------  -------------------
/opt/airflow/dags/spark_airflow.py    264  0.01s             1           0  0.13s           2024-08-02T02:53:53
================================================================================
[2024-08-02T02:54:54.292+0000] {manager.py:878} INFO - 
================================================================================
DAG File Processing Stats

File Path                             PID  Runtime      # DAGs    # Errors  Last Runtime    Last Run
----------------------------------  -----  ---------  --------  ----------  --------------  -------------------
/opt/airflow/dags/spark_airflow.py    269  0.00s             1           0  0.14s           2024-08-02T02:54:24
================================================================================
[2024-08-02T02:55:24.516+0000] {manager.py:878} INFO - 
================================================================================
DAG File Processing Stats

File Path                             PID  Runtime      # DAGs    # Errors  Last Runtime    Last Run
----------------------------------  -----  ---------  --------  ----------  --------------  -------------------
/opt/airflow/dags/spark_airflow.py    312  0.01s             1           0  0.16s           2024-08-02T02:54:54
================================================================================
[2024-08-02T02:55:54.828+0000] {manager.py:878} INFO - 
================================================================================
DAG File Processing Stats

File Path                             PID  Runtime      # DAGs    # Errors  Last Runtime    Last Run
----------------------------------  -----  ---------  --------  ----------  --------------  -------------------
/opt/airflow/dags/spark_airflow.py    317  0.01s             1           0  0.15s           2024-08-02T02:55:24
================================================================================
[2024-08-02T02:56:25.052+0000] {manager.py:878} INFO - 
================================================================================
DAG File Processing Stats

File Path                             PID  Runtime      # DAGs    # Errors  Last Runtime    Last Run
----------------------------------  -----  ---------  --------  ----------  --------------  -------------------
/opt/airflow/dags/spark_airflow.py    322  0.01s             1           0  0.17s           2024-08-02T02:55:54
================================================================================
[2024-08-02T02:56:51.323+0000] {manager.py:737} INFO - Searching for files in /opt/airflow/dags
[2024-08-02T02:56:51.341+0000] {manager.py:740} INFO - There are 1 files in /opt/airflow/dags
[2024-08-02T02:56:55.390+0000] {manager.py:878} INFO - 
================================================================================
DAG File Processing Stats

File Path                             PID  Runtime      # DAGs    # Errors  Last Runtime    Last Run
----------------------------------  -----  ---------  --------  ----------  --------------  -------------------
/opt/airflow/dags/spark_airflow.py    327  0.01s             1           0  0.28s           2024-08-02T02:56:25
================================================================================
[2024-08-02T02:57:25.701+0000] {manager.py:878} INFO - 
================================================================================
DAG File Processing Stats

File Path                             PID  Runtime      # DAGs    # Errors  Last Runtime    Last Run
----------------------------------  -----  ---------  --------  ----------  --------------  -------------------
/opt/airflow/dags/spark_airflow.py    332  0.01s             1           0  0.15s           2024-08-02T02:56:55
================================================================================
[2024-08-02T02:57:55.912+0000] {manager.py:878} INFO - 
================================================================================
DAG File Processing Stats

File Path                             PID  Runtime      # DAGs    # Errors  Last Runtime    Last Run
----------------------------------  -----  ---------  --------  ----------  --------------  -------------------
/opt/airflow/dags/spark_airflow.py    337  0.00s             1           0  0.14s           2024-08-02T02:57:25
================================================================================
[2024-08-02T02:57:59.223+0000] {manager.py:452} INFO - Exiting gracefully upon receiving signal 15
[2024-08-02T03:07:31.278+0000] {manager.py:470} INFO - Processing files using up to 2 processes at a time 
[2024-08-02T03:07:31.280+0000] {manager.py:471} INFO - Process each file at most once every 30 seconds
[2024-08-02T03:07:31.281+0000] {manager.py:472} INFO - Checking for new files in /opt/airflow/dags every 300 seconds
[2024-08-02T03:07:31.283+0000] {manager.py:737} INFO - Searching for files in /opt/airflow/dags
[2024-08-02T03:07:31.323+0000] {manager.py:740} INFO - There are 1 files in /opt/airflow/dags
[2024-08-02T03:07:31.513+0000] {manager.py:878} INFO - 
================================================================================
DAG File Processing Stats

File Path                             PID  Runtime      # DAGs    # Errors  Last Runtime    Last Run
----------------------------------  -----  ---------  --------  ----------  --------------  ----------
/opt/airflow/dags/spark_airflow.py    189  0.04s             0           0
================================================================================
[2024-08-02T03:08:01.722+0000] {manager.py:878} INFO - 
================================================================================
DAG File Processing Stats

File Path                           PID    Runtime      # DAGs    # Errors  Last Runtime    Last Run
----------------------------------  -----  ---------  --------  ----------  --------------  -------------------
/opt/airflow/dags/spark_airflow.py                           1           0  0.34s           2024-08-02T03:07:31
================================================================================
[2024-08-02T03:08:02.081+0000] {manager.py:452} INFO - Exiting gracefully upon receiving signal 15
[2024-08-02T03:08:02.081+0000] {manager.py:452} INFO - Exiting gracefully upon receiving signal 15
[2024-08-02T03:08:02.315+0000] {manager.py:452} INFO - Exiting gracefully upon receiving signal 15
[2024-08-02T03:08:30.553+0000] {manager.py:470} INFO - Processing files using up to 2 processes at a time 
[2024-08-02T03:08:30.554+0000] {manager.py:471} INFO - Process each file at most once every 30 seconds
[2024-08-02T03:08:30.555+0000] {manager.py:472} INFO - Checking for new files in /opt/airflow/dags every 300 seconds
[2024-08-02T03:08:30.556+0000] {manager.py:737} INFO - Searching for files in /opt/airflow/dags
[2024-08-02T03:08:30.573+0000] {manager.py:740} INFO - There are 1 files in /opt/airflow/dags
[2024-08-02T03:08:30.724+0000] {manager.py:878} INFO - 
================================================================================
DAG File Processing Stats

File Path                             PID  Runtime      # DAGs    # Errors  Last Runtime    Last Run
----------------------------------  -----  ---------  --------  ----------  --------------  ----------
/opt/airflow/dags/spark_airflow.py    189  0.08s             0           0
================================================================================
[2024-08-02T03:09:00.868+0000] {manager.py:878} INFO - 
================================================================================
DAG File Processing Stats

File Path                           PID    Runtime      # DAGs    # Errors  Last Runtime    Last Run
----------------------------------  -----  ---------  --------  ----------  --------------  -------------------
/opt/airflow/dags/spark_airflow.py                           1           0  0.33s           2024-08-02T03:08:30
================================================================================
[2024-08-02T03:09:31.280+0000] {manager.py:878} INFO - 
================================================================================
DAG File Processing Stats

File Path                           PID    Runtime      # DAGs    # Errors  Last Runtime    Last Run
----------------------------------  -----  ---------  --------  ----------  --------------  -------------------
/opt/airflow/dags/spark_airflow.py                           1           0  0.23s           2024-08-02T03:09:01
================================================================================
[2024-08-02T03:10:01.672+0000] {manager.py:878} INFO - 
================================================================================
DAG File Processing Stats

File Path                           PID    Runtime      # DAGs    # Errors  Last Runtime    Last Run
----------------------------------  -----  ---------  --------  ----------  --------------  -------------------
/opt/airflow/dags/spark_airflow.py                           1           0  0.19s           2024-08-02T03:09:31
================================================================================
[2024-08-02T03:10:32.044+0000] {manager.py:878} INFO - 
================================================================================
DAG File Processing Stats

File Path                           PID    Runtime      # DAGs    # Errors  Last Runtime    Last Run
----------------------------------  -----  ---------  --------  ----------  --------------  -------------------
/opt/airflow/dags/spark_airflow.py                           1           0  0.34s           2024-08-02T03:10:02
================================================================================
[2024-08-02T03:11:02.534+0000] {manager.py:878} INFO - 
================================================================================
DAG File Processing Stats

File Path                           PID    Runtime      # DAGs    # Errors  Last Runtime    Last Run
----------------------------------  -----  ---------  --------  ----------  --------------  -------------------
/opt/airflow/dags/spark_airflow.py                           1           0  0.24s           2024-08-02T03:10:32
================================================================================
[2024-08-02T03:11:32.947+0000] {manager.py:878} INFO - 
================================================================================
DAG File Processing Stats

File Path                             PID  Runtime      # DAGs    # Errors  Last Runtime    Last Run
----------------------------------  -----  ---------  --------  ----------  --------------  -------------------
/opt/airflow/dags/spark_airflow.py    701  0.01s             1           0  0.12s           2024-08-02T03:11:02
================================================================================
[2024-08-02T03:12:03.192+0000] {manager.py:878} INFO - 
================================================================================
DAG File Processing Stats

File Path                             PID  Runtime      # DAGs    # Errors  Last Runtime    Last Run
----------------------------------  -----  ---------  --------  ----------  --------------  -------------------
/opt/airflow/dags/spark_airflow.py    706  0.01s             1           0  0.23s           2024-08-02T03:11:33
================================================================================
[2024-08-02T03:12:33.513+0000] {manager.py:878} INFO - 
================================================================================
DAG File Processing Stats

File Path                             PID  Runtime      # DAGs    # Errors  Last Runtime    Last Run
----------------------------------  -----  ---------  --------  ----------  --------------  -------------------
/opt/airflow/dags/spark_airflow.py    711  0.01s             1           0  0.16s           2024-08-02T03:12:03
================================================================================
[2024-08-02T03:13:03.712+0000] {manager.py:878} INFO - 
================================================================================
DAG File Processing Stats

File Path                           PID    Runtime      # DAGs    # Errors  Last Runtime    Last Run
----------------------------------  -----  ---------  --------  ----------  --------------  -------------------
/opt/airflow/dags/spark_airflow.py                           1           0  0.23s           2024-08-02T03:12:33
================================================================================
[2024-08-02T03:13:31.056+0000] {manager.py:737} INFO - Searching for files in /opt/airflow/dags
[2024-08-02T03:13:31.071+0000] {manager.py:740} INFO - There are 1 files in /opt/airflow/dags
[2024-08-02T03:13:34.110+0000] {manager.py:878} INFO - 
================================================================================
DAG File Processing Stats

File Path                             PID  Runtime      # DAGs    # Errors  Last Runtime    Last Run
----------------------------------  -----  ---------  --------  ----------  --------------  -------------------
/opt/airflow/dags/spark_airflow.py    721  0.01s             1           0  0.18s           2024-08-02T03:13:04
================================================================================
[2024-08-02T03:14:04.297+0000] {manager.py:878} INFO - 
================================================================================
DAG File Processing Stats

File Path                             PID  Runtime      # DAGs    # Errors  Last Runtime    Last Run
----------------------------------  -----  ---------  --------  ----------  --------------  -------------------
/opt/airflow/dags/spark_airflow.py    726  0.00s             1           0  0.14s           2024-08-02T03:13:34
================================================================================
[2024-08-02T03:14:34.612+0000] {manager.py:878} INFO - 
================================================================================
DAG File Processing Stats

File Path                             PID  Runtime      # DAGs    # Errors  Last Runtime    Last Run
----------------------------------  -----  ---------  --------  ----------  --------------  -------------------
/opt/airflow/dags/spark_airflow.py    731  0.01s             1           0  0.19s           2024-08-02T03:14:04
================================================================================
[2024-08-02T03:15:04.810+0000] {manager.py:878} INFO - 
================================================================================
DAG File Processing Stats

File Path                             PID  Runtime      # DAGs    # Errors  Last Runtime    Last Run
----------------------------------  -----  ---------  --------  ----------  --------------  -------------------
/opt/airflow/dags/spark_airflow.py    736  0.00s             1           0  0.14s           2024-08-02T03:14:34
================================================================================
[2024-08-02T03:15:21.306+0000] {manager.py:452} INFO - Exiting gracefully upon receiving signal 15
[2024-08-02T03:23:41.937+0000] {manager.py:470} INFO - Processing files using up to 2 processes at a time 
[2024-08-02T03:23:41.938+0000] {manager.py:471} INFO - Process each file at most once every 30 seconds
[2024-08-02T03:23:41.939+0000] {manager.py:472} INFO - Checking for new files in /opt/airflow/dags every 300 seconds
[2024-08-02T03:23:41.940+0000] {manager.py:737} INFO - Searching for files in /opt/airflow/dags
[2024-08-02T03:23:41.957+0000] {manager.py:740} INFO - There are 1 files in /opt/airflow/dags
[2024-08-02T03:23:42.044+0000] {manager.py:878} INFO - 
================================================================================
DAG File Processing Stats

File Path                             PID  Runtime      # DAGs    # Errors  Last Runtime    Last Run
----------------------------------  -----  ---------  --------  ----------  --------------  ----------
/opt/airflow/dags/spark_airflow.py    189  0.04s             0           0
================================================================================
[2024-08-02T03:24:12.214+0000] {manager.py:878} INFO - 
================================================================================
DAG File Processing Stats

File Path                           PID    Runtime      # DAGs    # Errors  Last Runtime    Last Run
----------------------------------  -----  ---------  --------  ----------  --------------  -------------------
/opt/airflow/dags/spark_airflow.py                           1           0  0.24s           2024-08-02T03:23:42
================================================================================
[2024-08-02T03:24:42.528+0000] {manager.py:878} INFO - 
================================================================================
DAG File Processing Stats

File Path                           PID    Runtime      # DAGs    # Errors  Last Runtime    Last Run
----------------------------------  -----  ---------  --------  ----------  --------------  -------------------
/opt/airflow/dags/spark_airflow.py                           1           0  0.17s           2024-08-02T03:24:12
================================================================================
[2024-08-02T03:25:12.841+0000] {manager.py:878} INFO - 
================================================================================
DAG File Processing Stats

File Path                           PID    Runtime      # DAGs    # Errors  Last Runtime    Last Run
----------------------------------  -----  ---------  --------  ----------  --------------  -------------------
/opt/airflow/dags/spark_airflow.py                           1           0  0.26s           2024-08-02T03:24:42
================================================================================
[2024-08-02T03:25:43.257+0000] {manager.py:878} INFO - 
================================================================================
DAG File Processing Stats

File Path                           PID    Runtime      # DAGs    # Errors  Last Runtime    Last Run
----------------------------------  -----  ---------  --------  ----------  --------------  -------------------
/opt/airflow/dags/spark_airflow.py                           1           0  0.26s           2024-08-02T03:25:13
================================================================================
[2024-08-02T03:26:13.715+0000] {manager.py:878} INFO - 
================================================================================
DAG File Processing Stats

File Path                             PID  Runtime      # DAGs    # Errors  Last Runtime    Last Run
----------------------------------  -----  ---------  --------  ----------  --------------  -------------------
/opt/airflow/dags/spark_airflow.py    693  0.01s             1           0  0.18s           2024-08-02T03:25:43
================================================================================
[2024-08-02T03:26:44.010+0000] {manager.py:878} INFO - 
================================================================================
DAG File Processing Stats

File Path                             PID  Runtime      # DAGs    # Errors  Last Runtime    Last Run
----------------------------------  -----  ---------  --------  ----------  --------------  -------------------
/opt/airflow/dags/spark_airflow.py    698  0.01s             1           0  0.22s           2024-08-02T03:26:13
================================================================================
[2024-08-02T03:27:14.251+0000] {manager.py:878} INFO - 
================================================================================
DAG File Processing Stats

File Path                             PID  Runtime      # DAGs    # Errors  Last Runtime    Last Run
----------------------------------  -----  ---------  --------  ----------  --------------  -------------------
/opt/airflow/dags/spark_airflow.py    703  0.01s             1           0  0.15s           2024-08-02T03:26:44
================================================================================
[2024-08-02T03:27:44.464+0000] {manager.py:878} INFO - 
================================================================================
DAG File Processing Stats

File Path                           PID    Runtime      # DAGs    # Errors  Last Runtime    Last Run
----------------------------------  -----  ---------  --------  ----------  --------------  -------------------
/opt/airflow/dags/spark_airflow.py                           1           0  0.36s           2024-08-02T03:27:14
================================================================================
[2024-08-02T03:28:14.941+0000] {manager.py:878} INFO - 
================================================================================
DAG File Processing Stats

File Path                           PID    Runtime      # DAGs    # Errors  Last Runtime    Last Run
----------------------------------  -----  ---------  --------  ----------  --------------  -------------------
/opt/airflow/dags/spark_airflow.py                           1           0  0.37s           2024-08-02T03:27:45
================================================================================
[2024-08-02T03:28:42.454+0000] {manager.py:737} INFO - Searching for files in /opt/airflow/dags
[2024-08-02T03:28:42.476+0000] {manager.py:740} INFO - There are 1 files in /opt/airflow/dags
[2024-08-02T03:28:45.506+0000] {manager.py:878} INFO - 
================================================================================
DAG File Processing Stats

File Path                           PID    Runtime      # DAGs    # Errors  Last Runtime    Last Run
----------------------------------  -----  ---------  --------  ----------  --------------  -------------------
/opt/airflow/dags/spark_airflow.py                           1           0  0.38s           2024-08-02T03:28:15
================================================================================
[2024-08-02T03:29:16.014+0000] {manager.py:878} INFO - 
================================================================================
DAG File Processing Stats

File Path                           PID    Runtime      # DAGs    # Errors  Last Runtime    Last Run
----------------------------------  -----  ---------  --------  ----------  --------------  -------------------
/opt/airflow/dags/spark_airflow.py                           1           0  0.35s           2024-08-02T03:28:46
================================================================================
[2024-08-02T03:29:46.781+0000] {manager.py:878} INFO - 
================================================================================
DAG File Processing Stats

File Path                             PID  Runtime      # DAGs    # Errors  Last Runtime    Last Run
----------------------------------  -----  ---------  --------  ----------  --------------  -------------------
/opt/airflow/dags/spark_airflow.py    728  0.01s             1           0  0.33s           2024-08-02T03:29:16
================================================================================
[2024-08-02T03:30:17.035+0000] {manager.py:878} INFO - 
================================================================================
DAG File Processing Stats

File Path                             PID  Runtime      # DAGs    # Errors  Last Runtime    Last Run
----------------------------------  -----  ---------  --------  ----------  --------------  -------------------
/opt/airflow/dags/spark_airflow.py    733  0.01s             1           0  0.14s           2024-08-02T03:29:46
================================================================================
[2024-08-02T03:30:47.244+0000] {manager.py:878} INFO - 
================================================================================
DAG File Processing Stats

File Path                             PID  Runtime      # DAGs    # Errors  Last Runtime    Last Run
----------------------------------  -----  ---------  --------  ----------  --------------  -------------------
/opt/airflow/dags/spark_airflow.py    738  0.01s             1           0  0.20s           2024-08-02T03:30:17
================================================================================
[2024-08-02T03:31:17.465+0000] {manager.py:878} INFO - 
================================================================================
DAG File Processing Stats

File Path                             PID  Runtime      # DAGs    # Errors  Last Runtime    Last Run
----------------------------------  -----  ---------  --------  ----------  --------------  -------------------
/opt/airflow/dags/spark_airflow.py    743  0.01s             1           0  0.13s           2024-08-02T03:30:47
================================================================================
[2024-08-02T03:31:47.750+0000] {manager.py:878} INFO - 
================================================================================
DAG File Processing Stats

File Path                             PID  Runtime      # DAGs    # Errors  Last Runtime    Last Run
----------------------------------  -----  ---------  --------  ----------  --------------  -------------------
/opt/airflow/dags/spark_airflow.py    748  0.01s             1           0  0.19s           2024-08-02T03:31:17
================================================================================
